2017-07-03 14:00:43.0777|Microsoft.AspNetCore.Hosting.Internal.WebHost|DEBUG|Hosting starting 
2017-07-03 14:00:43.4260|Microsoft.AspNetCore.Hosting.Internal.WebHost|DEBUG|Hosting started 
2017-07-03 14:00:43.4630|Microsoft.AspNetCore.Server.Kestrel|DEBUG|Connection id "0HL61R3BJVRD6" started. 
2017-07-03 14:00:43.4630|Microsoft.AspNetCore.Server.Kestrel|DEBUG|Connection id "0HL61R3BJVRD7" started. 
2017-07-03 14:00:43.6772|Microsoft.AspNetCore.Hosting.Internal.WebHost|INFO|Request starting HTTP/1.1 DEBUG http://localhost:38570/  0 
2017-07-03 14:00:43.6922|Microsoft.AspNetCore.Hosting.Internal.WebHost|INFO|Request starting HTTP/1.1 GET http://localhost:38570/swagger/   
2017-07-03 14:00:43.8653|Microsoft.AspNetCore.Hosting.Internal.WebHost|INFO|Request finished in 246.2819ms 200  
2017-07-03 14:00:43.9764|Microsoft.AspNetCore.Server.Kestrel|DEBUG|Connection id "0HL61R3BJVRD6" completed keep alive response. 
2017-07-03 14:00:44.3447|Microsoft.AspNetCore.Builder.RouterMiddleware|DEBUG|Request did not match any routes. 
2017-07-03 14:00:44.4487|Microsoft.AspNetCore.StaticFiles.StaticFileMiddleware|INFO|Sending file. Request path: '/index.html'. Physical path: 'N/A' 
2017-07-03 14:00:44.5473|Microsoft.AspNetCore.Hosting.Internal.WebHost|INFO|Request starting HTTP/1.1 GET http://localhost:38570/swagger/css/screen.css   
2017-07-03 14:00:44.5633|Microsoft.AspNetCore.Server.Kestrel|DEBUG|Connection id "0HL61R3BJVRD8" started. 
2017-07-03 14:00:44.5633|Microsoft.AspNetCore.Server.Kestrel|DEBUG|Connection id "0HL61R3BJVRDA" started. 
2017-07-03 14:00:44.5633|Microsoft.AspNetCore.Hosting.Internal.WebHost|INFO|Request starting HTTP/1.1 GET http://localhost:38570/swagger/css/typography.css   
2017-07-03 14:00:44.5633|Microsoft.AspNetCore.Server.Kestrel|DEBUG|Connection id "0HL61R3BJVRD9" started. 
2017-07-03 14:00:44.5633|Microsoft.AspNetCore.Server.Kestrel|DEBUG|Connection id "0HL61R3BJVRDB" started. 
2017-07-03 14:00:44.5633|Microsoft.AspNetCore.Builder.RouterMiddleware|DEBUG|Request did not match any routes. 
2017-07-03 14:00:44.5783|Microsoft.AspNetCore.Builder.RouterMiddleware|DEBUG|Request did not match any routes. 
2017-07-03 14:00:44.5633|Microsoft.AspNetCore.Hosting.Internal.WebHost|INFO|Request starting HTTP/1.1 GET http://localhost:38570/swagger/lib/object-assign-pollyfill.js   
2017-07-03 14:00:44.6123|Microsoft.AspNetCore.StaticFiles.StaticFileMiddleware|INFO|The file /css/screen.css was not modified 
2017-07-03 14:00:44.6123|Microsoft.AspNetCore.StaticFiles.StaticFileMiddleware|INFO|The file /css/typography.css was not modified 
2017-07-03 14:00:44.6800|Microsoft.AspNetCore.Builder.RouterMiddleware|DEBUG|Request did not match any routes. 
2017-07-03 14:00:44.7020|Microsoft.AspNetCore.StaticFiles.StaticFileMiddleware|INFO|The file /lib/object-assign-pollyfill.js was not modified 
2017-07-03 14:00:44.7020|Microsoft.AspNetCore.StaticFiles.StaticFileMiddleware|DEBUG|Handled. Status code: 304 File: /css/typography.css 
2017-07-03 14:00:44.7020|Microsoft.AspNetCore.StaticFiles.StaticFileMiddleware|DEBUG|Handled. Status code: 304 File: /lib/object-assign-pollyfill.js 
2017-07-03 14:00:44.7020|Microsoft.AspNetCore.StaticFiles.StaticFileMiddleware|DEBUG|Handled. Status code: 304 File: /css/screen.css 
2017-07-03 14:00:45.1048|Microsoft.AspNetCore.Hosting.Internal.WebHost|INFO|Request finished in 536.602ms 304 application/javascript 
2017-07-03 14:00:45.1048|Microsoft.AspNetCore.Hosting.Internal.WebHost|INFO|Request finished in 1497.5521ms 200 text/html 
2017-07-03 14:00:45.1533|Microsoft.AspNetCore.Hosting.Internal.WebHost|INFO|Request finished in 587.9304ms 304 text/css 
2017-07-03 14:00:45.1533|Microsoft.AspNetCore.Hosting.Internal.WebHost|INFO|Request finished in 618.9442ms 304 text/css 
2017-07-03 14:00:45.1833|Microsoft.AspNetCore.Server.Kestrel|DEBUG|Connection id "0HL61R3BJVRD8" completed keep alive response. 
2017-07-03 14:00:45.1833|Microsoft.AspNetCore.Hosting.Internal.WebHost|INFO|Request starting HTTP/1.1 GET http://localhost:38570/swagger/css/reset.css   
2017-07-03 14:00:45.1833|Microsoft.AspNetCore.Server.Kestrel|DEBUG|Connection id "0HL61R3BJVRDA" completed keep alive response. 
2017-07-03 14:00:45.2589|Microsoft.AspNetCore.Hosting.Internal.WebHost|INFO|Request starting HTTP/1.1 GET http://localhost:38570/swagger/lib/jquery.slideto.min.js   
2017-07-03 14:00:45.2839|Microsoft.AspNetCore.Server.Kestrel|DEBUG|Connection id "0HL61R3BJVRD7" completed keep alive response. 
2017-07-03 14:00:45.2944|Microsoft.AspNetCore.Hosting.Internal.WebHost|INFO|Request starting HTTP/1.1 GET http://localhost:38570/swagger/lib/jquery-1.8.0.min.js   
2017-07-03 14:00:45.2944|Microsoft.AspNetCore.Server.Kestrel|DEBUG|Connection id "0HL61R3BJVRD6" completed keep alive response. 
2017-07-03 14:00:45.2604|Microsoft.AspNetCore.Builder.RouterMiddleware|DEBUG|Request did not match any routes. 
2017-07-03 14:00:45.3134|Microsoft.AspNetCore.StaticFiles.StaticFileMiddleware|INFO|The file /css/reset.css was not modified 
2017-07-03 14:00:45.3304|Microsoft.AspNetCore.Hosting.Internal.WebHost|INFO|Request starting HTTP/1.1 GET http://localhost:38570/swagger/lib/jquery.wiggle.min.js   
2017-07-03 14:00:45.3665|Microsoft.AspNetCore.Builder.RouterMiddleware|DEBUG|Request did not match any routes. 
2017-07-03 14:00:45.3825|Microsoft.AspNetCore.StaticFiles.StaticFileMiddleware|INFO|The file /lib/jquery-1.8.0.min.js was not modified 
2017-07-03 14:00:45.4005|Microsoft.AspNetCore.Builder.RouterMiddleware|DEBUG|Request did not match any routes. 
2017-07-03 14:00:45.4140|Microsoft.AspNetCore.StaticFiles.StaticFileMiddleware|INFO|The file /lib/jquery.wiggle.min.js was not modified 
2017-07-03 14:00:45.3665|Microsoft.AspNetCore.StaticFiles.StaticFileMiddleware|DEBUG|Handled. Status code: 304 File: /css/reset.css 
2017-07-03 14:00:45.4315|Microsoft.AspNetCore.StaticFiles.StaticFileMiddleware|DEBUG|Handled. Status code: 304 File: /lib/jquery-1.8.0.min.js 
2017-07-03 14:00:45.4365|Microsoft.AspNetCore.Hosting.Internal.WebHost|INFO|Request finished in 241.0653ms 304 text/css 
2017-07-03 14:00:45.4365|Microsoft.AspNetCore.Hosting.Internal.WebHost|INFO|Request finished in 152.5242ms 304 application/javascript 
2017-07-03 14:00:45.4705|Microsoft.AspNetCore.Server.Kestrel|DEBUG|Connection id "0HL61R3BJVRD9" completed keep alive response. 
2017-07-03 14:00:45.4936|Microsoft.AspNetCore.Hosting.Internal.WebHost|INFO|Request starting HTTP/1.1 GET http://localhost:38570/swagger/lib/jquery.ba-bbq.min.js   
2017-07-03 14:00:45.4961|Microsoft.AspNetCore.Server.Kestrel|DEBUG|Connection id "0HL61R3BJVRD7" completed keep alive response. 
2017-07-03 14:00:45.5161|Microsoft.AspNetCore.Hosting.Internal.WebHost|INFO|Request starting HTTP/1.1 GET http://localhost:38570/swagger/lib/handlebars-4.0.5.js   
2017-07-03 14:00:45.5161|Microsoft.AspNetCore.Builder.RouterMiddleware|DEBUG|Request did not match any routes. 
2017-07-03 14:00:45.5356|Microsoft.AspNetCore.StaticFiles.StaticFileMiddleware|DEBUG|Handled. Status code: 304 File: /lib/jquery.wiggle.min.js 
2017-07-03 14:00:45.5356|Microsoft.AspNetCore.StaticFiles.StaticFileMiddleware|INFO|The file /lib/jquery.ba-bbq.min.js was not modified 
2017-07-03 14:00:45.6096|Microsoft.AspNetCore.Hosting.Internal.WebHost|INFO|Request starting HTTP/1.1 GET http://localhost:38570/swagger/lib/lodash.min.js   
2017-07-03 14:00:45.6096|Microsoft.AspNetCore.Builder.RouterMiddleware|DEBUG|Request did not match any routes. 
2017-07-03 14:00:45.6096|Microsoft.AspNetCore.Builder.RouterMiddleware|DEBUG|Request did not match any routes. 
2017-07-03 14:00:45.6367|Microsoft.AspNetCore.StaticFiles.StaticFileMiddleware|INFO|The file /lib/lodash.min.js was not modified 
2017-07-03 14:00:45.6287|Microsoft.AspNetCore.Builder.RouterMiddleware|DEBUG|Request did not match any routes. 
2017-07-03 14:00:45.6717|Microsoft.AspNetCore.Hosting.Internal.WebHost|INFO|Request finished in 341.22ms 304 application/javascript 
2017-07-03 14:00:45.6647|Microsoft.AspNetCore.StaticFiles.StaticFileMiddleware|DEBUG|Handled. Status code: 304 File: /lib/lodash.min.js 
2017-07-03 14:00:45.6952|Microsoft.AspNetCore.Server.Kestrel|DEBUG|Connection id "0HL61R3BJVRD8" completed keep alive response. 
2017-07-03 14:00:45.6647|Microsoft.AspNetCore.StaticFiles.StaticFileMiddleware|DEBUG|Handled. Status code: 304 File: /lib/jquery.ba-bbq.min.js 
2017-07-03 14:00:45.7017|Microsoft.AspNetCore.Hosting.Internal.WebHost|INFO|Request starting HTTP/1.1 GET http://localhost:38570/swagger/lib/backbone-min.js   
2017-07-03 14:00:45.6287|Microsoft.AspNetCore.StaticFiles.StaticFileMiddleware|INFO|The file /lib/handlebars-4.0.5.js was not modified 
2017-07-03 14:00:45.7017|Microsoft.AspNetCore.Hosting.Internal.WebHost|INFO|Request finished in 217.1555ms 304 application/javascript 
2017-07-03 14:00:45.7017|Microsoft.AspNetCore.Hosting.Internal.WebHost|INFO|Request finished in 92.2706ms 304 application/javascript 
2017-07-03 14:00:45.7177|Microsoft.AspNetCore.StaticFiles.StaticFileMiddleware|DEBUG|Handled. Status code: 304 File: /lib/handlebars-4.0.5.js 
2017-07-03 14:00:45.7177|Microsoft.AspNetCore.Builder.RouterMiddleware|DEBUG|Request did not match any routes. 
2017-07-03 14:00:45.7292|Microsoft.AspNetCore.StaticFiles.StaticFileMiddleware|INFO|The file /lib/backbone-min.js was not modified 
2017-07-03 14:00:45.7292|Microsoft.AspNetCore.Hosting.Internal.WebHost|INFO|Request finished in 213.3579ms 304 application/javascript 
2017-07-03 14:00:45.7292|Microsoft.AspNetCore.Server.Kestrel|DEBUG|Connection id "0HL61R3BJVRD9" completed keep alive response. 
2017-07-03 14:00:45.7447|Microsoft.AspNetCore.Hosting.Internal.WebHost|INFO|Request starting HTTP/1.1 GET http://localhost:38570/swagger/swagger-ui.min.js   
2017-07-03 14:00:45.7447|Microsoft.AspNetCore.StaticFiles.StaticFileMiddleware|DEBUG|Handled. Status code: 304 File: /lib/backbone-min.js 
2017-07-03 14:00:45.7447|Microsoft.AspNetCore.Server.Kestrel|DEBUG|Connection id "0HL61R3BJVRDA" completed keep alive response. 
2017-07-03 14:00:45.6717|Microsoft.AspNetCore.StaticFiles.StaticFileMiddleware|INFO|The file /lib/jquery.slideto.min.js was not modified 
2017-07-03 14:00:45.7602|Microsoft.AspNetCore.Hosting.Internal.WebHost|INFO|Request starting HTTP/1.1 GET http://localhost:38570/swagger/lib/highlight.9.1.0.pack.js   
2017-07-03 14:00:45.7602|Microsoft.AspNetCore.StaticFiles.StaticFileMiddleware|DEBUG|Handled. Status code: 304 File: /lib/jquery.slideto.min.js 
2017-07-03 14:00:45.7783|Microsoft.AspNetCore.Server.Kestrel|DEBUG|Connection id "0HL61R3BJVRD6" completed keep alive response. 
2017-07-03 14:00:45.7783|Microsoft.AspNetCore.Hosting.Internal.WebHost|INFO|Request starting HTTP/1.1 GET http://localhost:38570/swagger/lib/jsoneditor.min.js   
2017-07-03 14:00:45.7602|Microsoft.AspNetCore.Builder.RouterMiddleware|DEBUG|Request did not match any routes. 
2017-07-03 14:00:45.7783|Microsoft.AspNetCore.StaticFiles.StaticFileMiddleware|INFO|The file /swagger-ui.min.js was not modified 
2017-07-03 14:00:45.7783|Microsoft.AspNetCore.Hosting.Internal.WebHost|INFO|Request finished in 531.61ms 304 application/javascript 
2017-07-03 14:00:45.7983|Microsoft.AspNetCore.Hosting.Internal.WebHost|INFO|Request finished in 96.6901ms 304 application/javascript 
2017-07-03 14:00:45.7983|Microsoft.AspNetCore.StaticFiles.StaticFileMiddleware|DEBUG|Handled. Status code: 304 File: /swagger-ui.min.js 
2017-07-03 14:00:45.8073|Microsoft.AspNetCore.Server.Kestrel|DEBUG|Connection id "0HL61R3BJVRD7" completed keep alive response. 
2017-07-03 14:00:45.8073|Microsoft.AspNetCore.Hosting.Internal.WebHost|INFO|Request starting HTTP/1.1 GET http://localhost:38570/swagger/lib/marked.js   
2017-07-03 14:00:45.8073|Microsoft.AspNetCore.Server.Kestrel|DEBUG|Connection id "0HL61R3BJVRDB" completed keep alive response. 
2017-07-03 14:00:45.7783|Microsoft.AspNetCore.Builder.RouterMiddleware|DEBUG|Request did not match any routes. 
2017-07-03 14:00:45.8333|Microsoft.AspNetCore.StaticFiles.StaticFileMiddleware|INFO|The file /lib/highlight.9.1.0.pack.js was not modified 
2017-07-03 14:00:45.7983|Microsoft.AspNetCore.Builder.RouterMiddleware|DEBUG|Request did not match any routes. 
2017-07-03 14:00:45.8453|Microsoft.AspNetCore.StaticFiles.StaticFileMiddleware|INFO|The file /lib/jsoneditor.min.js was not modified 
2017-07-03 14:00:45.8333|Microsoft.AspNetCore.Hosting.Internal.WebHost|INFO|Request finished in 89.1405ms 304 application/javascript 
2017-07-03 14:00:45.8453|Microsoft.AspNetCore.StaticFiles.StaticFileMiddleware|DEBUG|Handled. Status code: 304 File: /lib/jsoneditor.min.js 
2017-07-03 14:00:45.8683|Microsoft.AspNetCore.Server.Kestrel|DEBUG|Connection id "0HL61R3BJVRD8" completed keep alive response. 
2017-07-03 14:00:45.8453|Microsoft.AspNetCore.StaticFiles.StaticFileMiddleware|DEBUG|Handled. Status code: 304 File: /lib/highlight.9.1.0.pack.js 
2017-07-03 14:00:45.8883|Microsoft.AspNetCore.Hosting.Internal.WebHost|INFO|Request starting HTTP/1.1 GET http://localhost:38570/swagger/lib/highlight.9.1.0.pack_extended.js   
2017-07-03 14:00:45.8883|Microsoft.AspNetCore.Hosting.Internal.WebHost|INFO|Request finished in 108.0208ms 304 application/javascript 
2017-07-03 14:00:45.8883|Microsoft.AspNetCore.Hosting.Internal.WebHost|INFO|Request finished in 133.6424ms 304 application/javascript 
2017-07-03 14:00:45.8883|Microsoft.AspNetCore.Server.Kestrel|DEBUG|Connection id "0HL61R3BJVRD6" completed keep alive response. 
2017-07-03 14:00:45.9089|Microsoft.AspNetCore.Builder.RouterMiddleware|DEBUG|Request did not match any routes. 
2017-07-03 14:00:45.9089|Microsoft.AspNetCore.StaticFiles.StaticFileMiddleware|INFO|The file /lib/marked.js was not modified 
2017-07-03 14:00:45.9214|Microsoft.AspNetCore.StaticFiles.StaticFileMiddleware|DEBUG|Handled. Status code: 304 File: /lib/marked.js 
2017-07-03 14:00:45.9214|Microsoft.AspNetCore.Builder.RouterMiddleware|DEBUG|Request did not match any routes. 
2017-07-03 14:00:45.9334|Microsoft.AspNetCore.Hosting.Internal.WebHost|INFO|Request finished in 112.7117ms 304 application/javascript 
2017-07-03 14:00:45.9334|Microsoft.AspNetCore.StaticFiles.StaticFileMiddleware|INFO|The file /lib/highlight.9.1.0.pack_extended.js was not modified 
2017-07-03 14:00:45.9619|Microsoft.AspNetCore.Server.Kestrel|DEBUG|Connection id "0HL61R3BJVRD9" completed keep alive response. 
2017-07-03 14:00:45.9664|Microsoft.AspNetCore.StaticFiles.StaticFileMiddleware|DEBUG|Handled. Status code: 304 File: /lib/highlight.9.1.0.pack_extended.js 
2017-07-03 14:00:45.8333|Microsoft.AspNetCore.Hosting.Internal.WebHost|INFO|Request starting HTTP/1.1 GET http://localhost:38570/swagger/lib/swagger-oauth.js   
2017-07-03 14:00:45.9664|Microsoft.AspNetCore.Hosting.Internal.WebHost|INFO|Request finished in 82.0593ms 304 application/javascript 
2017-07-03 14:00:45.9664|Microsoft.AspNetCore.Builder.RouterMiddleware|DEBUG|Request did not match any routes. 
2017-07-03 14:00:45.9664|Microsoft.AspNetCore.StaticFiles.StaticFileMiddleware|INFO|The file /lib/swagger-oauth.js was not modified 
2017-07-03 14:00:45.9899|Microsoft.AspNetCore.Server.Kestrel|DEBUG|Connection id "0HL61R3BJVRDA" completed keep alive response. 
2017-07-03 14:00:45.9969|Microsoft.AspNetCore.StaticFiles.StaticFileMiddleware|DEBUG|Handled. Status code: 304 File: /lib/swagger-oauth.js 
2017-07-03 14:00:45.9969|Microsoft.AspNetCore.Server.Kestrel|DEBUG|Connection id "0HL61R3BJVRD7" completed keep alive response. 
2017-07-03 14:00:45.9969|Microsoft.AspNetCore.Hosting.Internal.WebHost|INFO|Request finished in 169.2092ms 304 application/javascript 
2017-07-03 14:00:46.0164|Microsoft.AspNetCore.Server.Kestrel|DEBUG|Connection id "0HL61R3BJVRDB" completed keep alive response. 
2017-07-03 14:00:46.0164|Microsoft.AspNetCore.Hosting.Internal.WebHost|INFO|Request starting HTTP/1.1 GET http://localhost:38570/swagger/images/logo_small.png   
2017-07-03 14:00:46.0309|Microsoft.AspNetCore.Builder.RouterMiddleware|DEBUG|Request did not match any routes. 
2017-07-03 14:00:46.0309|Microsoft.AspNetCore.StaticFiles.StaticFileMiddleware|INFO|The file /images/logo_small.png was not modified 
2017-07-03 14:00:46.0309|Microsoft.AspNetCore.StaticFiles.StaticFileMiddleware|DEBUG|Handled. Status code: 304 File: /images/logo_small.png 
2017-07-03 14:00:46.0309|Microsoft.AspNetCore.Hosting.Internal.WebHost|INFO|Request finished in 14.7078ms 304 image/png 
2017-07-03 14:00:46.0450|Microsoft.AspNetCore.Server.Kestrel|DEBUG|Connection id "0HL61R3BJVRD8" completed keep alive response. 
2017-07-03 14:00:46.0450|Microsoft.AspNetCore.Hosting.Internal.WebHost|INFO|Request starting HTTP/1.1 GET http://localhost:38570/swagger/css/print.css   
2017-07-03 14:00:46.0655|Microsoft.AspNetCore.Builder.RouterMiddleware|DEBUG|Request did not match any routes. 
2017-07-03 14:00:46.0655|Microsoft.AspNetCore.StaticFiles.StaticFileMiddleware|INFO|The file /css/print.css was not modified 
2017-07-03 14:00:46.0775|Microsoft.AspNetCore.StaticFiles.StaticFileMiddleware|DEBUG|Handled. Status code: 304 File: /css/print.css 
2017-07-03 14:00:46.0775|Microsoft.AspNetCore.Hosting.Internal.WebHost|INFO|Request finished in 36.3874ms 304 text/css 
2017-07-03 14:00:46.1110|Microsoft.AspNetCore.Server.Kestrel|DEBUG|Connection id "0HL61R3BJVRD6" completed keep alive response. 
2017-07-03 14:00:46.1450|Microsoft.AspNetCore.Hosting.Internal.WebHost|INFO|Request starting HTTP/1.1 GET http://localhost:38570/swagger/v1/swagger.json   
2017-07-03 14:00:46.1450|Microsoft.AspNetCore.Builder.RouterMiddleware|DEBUG|Request did not match any routes. 
2017-07-03 14:00:46.1695|Microsoft.AspNetCore.Hosting.Internal.WebHost|INFO|Request starting HTTP/1.1 GET http://localhost:38570/swagger/images/favicon-16x16.png   
2017-07-03 14:00:46.1695|Microsoft.AspNetCore.Builder.RouterMiddleware|DEBUG|Request did not match any routes. 
2017-07-03 14:00:46.1841|Microsoft.AspNetCore.StaticFiles.StaticFileMiddleware|INFO|The file /images/favicon-16x16.png was not modified 
2017-07-03 14:00:46.1841|Microsoft.AspNetCore.StaticFiles.StaticFileMiddleware|DEBUG|Handled. Status code: 304 File: /images/favicon-16x16.png 
2017-07-03 14:00:46.1841|Microsoft.AspNetCore.Hosting.Internal.WebHost|INFO|Request finished in 26.3058ms 304 image/png 
2017-07-03 14:00:46.1996|Microsoft.AspNetCore.Server.Kestrel|DEBUG|Connection id "0HL61R3BJVRDA" completed keep alive response. 
2017-07-03 14:00:46.9012|Microsoft.AspNetCore.Hosting.Internal.WebHost|INFO|Request finished in 756.3059ms 200 application/json 
2017-07-03 14:00:46.9012|Microsoft.AspNetCore.Server.Kestrel|DEBUG|Connection id "0HL61R3BJVRD9" completed keep alive response. 
2017-07-03 14:02:33.4381|Microsoft.AspNetCore.Server.Kestrel|DEBUG|Connection id "0HL61R3BJVRD7" received FIN. 
2017-07-03 14:02:33.4381|Microsoft.AspNetCore.Server.Kestrel|DEBUG|Connection id "0HL61R3BJVRDB" received FIN. 
2017-07-03 14:02:33.4381|Microsoft.AspNetCore.Server.Kestrel|DEBUG|Connection id "0HL61R3BJVRD9" received FIN. 
2017-07-03 14:02:33.4381|Microsoft.AspNetCore.Server.Kestrel|DEBUG|Connection id "0HL61R3BJVRD8" received FIN. 
2017-07-03 14:02:33.4877|Microsoft.AspNetCore.Server.Kestrel|DEBUG|Connection id "0HL61R3BJVRD7" disconnecting. 
2017-07-03 14:02:33.4877|Microsoft.AspNetCore.Server.Kestrel|DEBUG|Connection id "0HL61R3BJVRDB" disconnecting. 
2017-07-03 14:02:33.4997|Microsoft.AspNetCore.Server.Kestrel|DEBUG|Connection id "0HL61R3BJVRD7" sending FIN. 
2017-07-03 14:02:33.4997|Microsoft.AspNetCore.Server.Kestrel|DEBUG|Connection id "0HL61R3BJVRD8" disconnecting. 
2017-07-03 14:02:33.5127|Microsoft.AspNetCore.Server.Kestrel|DEBUG|Connection id "0HL61R3BJVRDB" sending FIN. 
2017-07-03 14:02:33.5127|Microsoft.AspNetCore.Server.Kestrel|DEBUG|Connection id "0HL61R3BJVRD6" received FIN. 
2017-07-03 14:02:33.5127|Microsoft.AspNetCore.Server.Kestrel|DEBUG|Connection id "0HL61R3BJVRDA" received FIN. 
2017-07-03 14:02:33.5127|Microsoft.AspNetCore.Server.Kestrel|DEBUG|Connection id "0HL61R3BJVRD8" sending FIN. 
2017-07-03 14:02:33.4877|Microsoft.AspNetCore.Server.Kestrel|DEBUG|Connection id "0HL61R3BJVRD9" disconnecting. 
2017-07-03 14:02:33.5127|Microsoft.AspNetCore.Server.Kestrel|DEBUG|Connection id "0HL61R3BJVRDA" disconnecting. 
2017-07-03 14:02:33.5277|Microsoft.AspNetCore.Server.Kestrel|DEBUG|Connection id "0HL61R3BJVRD8" sent FIN with status "0". 
2017-07-03 14:02:33.5127|Microsoft.AspNetCore.Server.Kestrel|DEBUG|Connection id "0HL61R3BJVRD6" disconnecting. 
2017-07-03 14:02:33.5277|Microsoft.AspNetCore.Server.Kestrel|DEBUG|Connection id "0HL61R3BJVRDB" sent FIN with status "0". 
2017-07-03 14:02:33.5487|Microsoft.AspNetCore.Server.Kestrel|DEBUG|Connection id "0HL61R3BJVRDB" stopped. 
2017-07-03 14:02:33.5487|Microsoft.AspNetCore.Server.Kestrel|DEBUG|Connection id "0HL61R3BJVRD7" sent FIN with status "0". 
2017-07-03 14:02:33.5487|Microsoft.AspNetCore.Server.Kestrel|DEBUG|Connection id "0HL61R3BJVRD7" stopped. 
2017-07-03 14:02:33.5487|Microsoft.AspNetCore.Server.Kestrel|DEBUG|Connection id "0HL61R3BJVRD9" sending FIN. 
2017-07-03 14:02:33.5487|Microsoft.AspNetCore.Server.Kestrel|DEBUG|Connection id "0HL61R3BJVRD9" sent FIN with status "0". 
2017-07-03 14:02:33.5487|Microsoft.AspNetCore.Server.Kestrel|DEBUG|Connection id "0HL61R3BJVRD9" stopped. 
2017-07-03 14:02:33.5487|Microsoft.AspNetCore.Server.Kestrel|DEBUG|Connection id "0HL61R3BJVRD8" stopped. 
2017-07-03 14:02:33.5487|Microsoft.AspNetCore.Server.Kestrel|DEBUG|Connection id "0HL61R3BJVRDA" sending FIN. 
2017-07-03 14:02:33.5487|Microsoft.AspNetCore.Server.Kestrel|DEBUG|Connection id "0HL61R3BJVRD6" sending FIN. 
2017-07-03 14:02:33.5577|Microsoft.AspNetCore.Server.Kestrel|DEBUG|Connection id "0HL61R3BJVRD6" sent FIN with status "0". 
2017-07-03 14:02:33.5577|Microsoft.AspNetCore.Server.Kestrel|DEBUG|Connection id "0HL61R3BJVRD6" stopped. 
2017-07-03 14:02:33.5577|Microsoft.AspNetCore.Server.Kestrel|DEBUG|Connection id "0HL61R3BJVRDA" sent FIN with status "0". 
2017-07-03 14:02:33.5577|Microsoft.AspNetCore.Server.Kestrel|DEBUG|Connection id "0HL61R3BJVRDA" stopped. 
2017-07-03 14:21:35.4494|Microsoft.AspNetCore.Server.Kestrel|DEBUG|Connection id "0HL61R3BJVRDC" started. 
2017-07-03 14:21:35.4494|Microsoft.AspNetCore.Hosting.Internal.WebHost|INFO|Request starting HTTP/1.1 GET http://localhost:38570/swagger/images/throbber.gif   
2017-07-03 14:21:35.4649|Microsoft.AspNetCore.Builder.RouterMiddleware|DEBUG|Request did not match any routes. 
2017-07-03 14:21:35.4649|Microsoft.AspNetCore.StaticFiles.StaticFileMiddleware|INFO|The file /images/throbber.gif was not modified 
2017-07-03 14:21:35.4649|Microsoft.AspNetCore.StaticFiles.StaticFileMiddleware|DEBUG|Handled. Status code: 304 File: /images/throbber.gif 
2017-07-03 14:21:35.4649|Microsoft.AspNetCore.Hosting.Internal.WebHost|INFO|Request finished in 19.1258ms 304 image/gif 
2017-07-03 14:21:35.4649|Microsoft.AspNetCore.Server.Kestrel|DEBUG|Connection id "0HL61R3BJVRDC" completed keep alive response. 
2017-07-03 14:21:35.5768|Microsoft.AspNetCore.Hosting.Internal.WebHost|INFO|Request starting HTTP/1.1 GET http://localhost:38570/swagger/images/favicon-16x16.png   
2017-07-03 14:21:35.5768|Microsoft.AspNetCore.Builder.RouterMiddleware|DEBUG|Request did not match any routes. 
2017-07-03 14:21:35.5768|Microsoft.AspNetCore.StaticFiles.StaticFileMiddleware|INFO|The file /images/favicon-16x16.png was not modified 
2017-07-03 14:21:35.5768|Microsoft.AspNetCore.StaticFiles.StaticFileMiddleware|DEBUG|Handled. Status code: 304 File: /images/favicon-16x16.png 
2017-07-03 14:21:35.5918|Microsoft.AspNetCore.Hosting.Internal.WebHost|INFO|Request finished in 15.1051ms 304 image/png 
2017-07-03 14:21:35.5918|Microsoft.AspNetCore.Server.Kestrel|DEBUG|Connection id "0HL61R3BJVRDC" completed keep alive response. 
2017-07-03 14:21:39.2394|Microsoft.AspNetCore.Hosting.Internal.WebHost|INFO|Request starting HTTP/1.1 GET http://localhost:38570/api/UserCenter/RegisterUserQuery?userId=11   
2017-07-03 14:21:39.2394|Microsoft.AspNetCore.Routing.Tree.TreeRouter|DEBUG|Request successfully matched the route with name '' and template 'api/UserCenter/RegisterUserQuery'. 
2017-07-03 14:21:39.3260|Microsoft.AspNetCore.Mvc.Internal.ControllerActionInvoker|DEBUG|Executing action CTP.API.Controllers.UserCenterController.RegisterUserQuery (CTP.API) 
2017-07-03 14:21:39.5212|Microsoft.AspNetCore.Mvc.Internal.ControllerActionInvoker|INFO|Executing action method CTP.API.Controllers.UserCenterController.RegisterUserQuery (CTP.API) with arguments (11) - ModelState is Valid 
2017-07-03 14:21:44.0343|Microsoft.AspNetCore.Mvc.Internal.ControllerActionInvoker|DEBUG|Executed action method CTP.API.Controllers.UserCenterController.RegisterUserQuery (CTP.API), returned result Microsoft.AspNetCore.Mvc.ObjectResult. 
2017-07-03 14:21:44.0783|Microsoft.AspNetCore.Mvc.Internal.ObjectResultExecutor|DEBUG|Selected output formatter 'Microsoft.AspNetCore.Mvc.Formatters.StringOutputFormatter' and content type 'text/plain' to write the response. 
2017-07-03 14:21:44.0783|Microsoft.AspNetCore.Mvc.Internal.ObjectResultExecutor|INFO|Executing ObjectResult, writing value Microsoft.AspNetCore.Mvc.ControllerContext. 
2017-07-03 14:21:44.1018|Microsoft.AspNetCore.Mvc.Internal.ControllerActionInvoker|INFO|Executed action CTP.API.Controllers.UserCenterController.RegisterUserQuery (CTP.API) in 4773.9804ms 
2017-07-03 14:21:44.1108|Microsoft.AspNetCore.Hosting.Internal.WebHost|INFO|Request finished in 4871.4757ms 200 text/plain; charset=utf-8 
2017-07-03 14:21:44.1108|Microsoft.AspNetCore.Server.Kestrel|DEBUG|Connection id "0HL61R3BJVRDC" completed keep alive response. 
2017-07-03 14:24:33.4337|Microsoft.AspNetCore.Server.Kestrel|DEBUG|Connection id "0HL61R3BJVRDC" received FIN. 
2017-07-03 14:24:33.4337|Microsoft.AspNetCore.Server.Kestrel|DEBUG|Connection id "0HL61R3BJVRDC" disconnecting. 
2017-07-03 14:24:33.4337|Microsoft.AspNetCore.Server.Kestrel|DEBUG|Connection id "0HL61R3BJVRDC" sending FIN. 
2017-07-03 14:24:33.4337|Microsoft.AspNetCore.Server.Kestrel|DEBUG|Connection id "0HL61R3BJVRDC" sent FIN with status "0". 
2017-07-03 14:24:33.4337|Microsoft.AspNetCore.Server.Kestrel|DEBUG|Connection id "0HL61R3BJVRDC" stopped. 
2017-07-03 16:07:09.9485|Microsoft.AspNetCore.Hosting.Internal.WebHost|DEBUG|Hosting starting 
2017-07-03 16:07:10.6250|Microsoft.AspNetCore.Hosting.Internal.WebHost|DEBUG|Hosting started 
2017-07-03 16:07:10.7816|Microsoft.AspNetCore.Server.Kestrel|DEBUG|Connection id "0HL61TA0QAUKU" started. 
2017-07-03 16:07:10.7816|Microsoft.AspNetCore.Server.Kestrel|DEBUG|Connection id "0HL61TA0QAUKT" started. 
2017-07-03 16:07:11.0548|Microsoft.AspNetCore.Hosting.Internal.WebHost|INFO|Request starting HTTP/1.1 GET http://localhost:38570/swagger/   
2017-07-03 16:07:11.0548|Microsoft.AspNetCore.Hosting.Internal.WebHost|INFO|Request starting HTTP/1.1 DEBUG http://localhost:38570/  0 
2017-07-03 16:07:11.4111|Microsoft.AspNetCore.Hosting.Internal.WebHost|INFO|Request finished in 401.6678ms 200  
2017-07-03 16:07:11.6042|Microsoft.AspNetCore.Server.Kestrel|DEBUG|Connection id "0HL61TA0QAUKT" completed keep alive response. 
2017-07-03 16:07:12.1161|Microsoft.AspNetCore.Builder.RouterMiddleware|DEBUG|Request did not match any routes. 
2017-07-03 16:07:12.1731|Microsoft.AspNetCore.StaticFiles.StaticFileMiddleware|INFO|Sending file. Request path: '/index.html'. Physical path: 'N/A' 
2017-07-03 16:07:12.2582|Microsoft.AspNetCore.Hosting.Internal.WebHost|INFO|Request starting HTTP/1.1 GET http://localhost:38570/swagger/css/typography.css   
2017-07-03 16:07:12.2732|Microsoft.AspNetCore.Server.Kestrel|DEBUG|Connection id "0HL61TA0QAUKV" started. 
2017-07-03 16:07:12.2732|Microsoft.AspNetCore.Server.Kestrel|DEBUG|Connection id "0HL61TA0QAUL1" started. 
2017-07-03 16:07:12.2992|Microsoft.AspNetCore.Hosting.Internal.WebHost|INFO|Request starting HTTP/1.1 GET http://localhost:38570/swagger/lib/jquery.slideto.min.js   
2017-07-03 16:07:12.2732|Microsoft.AspNetCore.Server.Kestrel|DEBUG|Connection id "0HL61TA0QAUL0" started. 
2017-07-03 16:07:12.2992|Microsoft.AspNetCore.Hosting.Internal.WebHost|INFO|Request starting HTTP/1.1 GET http://localhost:38570/swagger/css/screen.css   
2017-07-03 16:07:12.2992|Microsoft.AspNetCore.Server.Kestrel|DEBUG|Connection id "0HL61TA0QAUL2" started. 
2017-07-03 16:07:12.2992|Microsoft.AspNetCore.Builder.RouterMiddleware|DEBUG|Request did not match any routes. 
2017-07-03 16:07:12.2992|Microsoft.AspNetCore.Builder.RouterMiddleware|DEBUG|Request did not match any routes. 
2017-07-03 16:07:12.3403|Microsoft.AspNetCore.Builder.RouterMiddleware|DEBUG|Request did not match any routes. 
2017-07-03 16:07:12.3403|Microsoft.AspNetCore.StaticFiles.StaticFileMiddleware|INFO|The file /css/screen.css was not modified 
2017-07-03 16:07:12.3403|Microsoft.AspNetCore.StaticFiles.StaticFileMiddleware|INFO|The file /css/typography.css was not modified 
2017-07-03 16:07:12.3403|Microsoft.AspNetCore.StaticFiles.StaticFileMiddleware|INFO|The file /lib/jquery.slideto.min.js was not modified 
2017-07-03 16:07:12.3573|Microsoft.AspNetCore.StaticFiles.StaticFileMiddleware|DEBUG|Handled. Status code: 304 File: /css/typography.css 
2017-07-03 16:07:12.3573|Microsoft.AspNetCore.StaticFiles.StaticFileMiddleware|DEBUG|Handled. Status code: 304 File: /css/screen.css 
2017-07-03 16:07:12.3573|Microsoft.AspNetCore.StaticFiles.StaticFileMiddleware|DEBUG|Handled. Status code: 304 File: /lib/jquery.slideto.min.js 
2017-07-03 16:07:12.5680|Microsoft.AspNetCore.Hosting.Internal.WebHost|INFO|Request finished in 269.2814ms 304 application/javascript 
2017-07-03 16:07:12.5680|Microsoft.AspNetCore.Hosting.Internal.WebHost|INFO|Request finished in 1577.5948ms 200 text/html 
2017-07-03 16:07:12.5680|Microsoft.AspNetCore.Hosting.Internal.WebHost|INFO|Request finished in 310.5798ms 304 text/css 
2017-07-03 16:07:12.5911|Microsoft.AspNetCore.Server.Kestrel|DEBUG|Connection id "0HL61TA0QAUKU" completed keep alive response. 
2017-07-03 16:07:12.5911|Microsoft.AspNetCore.Hosting.Internal.WebHost|INFO|Request starting HTTP/1.1 GET http://localhost:38570/swagger/css/reset.css   
2017-07-03 16:07:12.5911|Microsoft.AspNetCore.Server.Kestrel|DEBUG|Connection id "0HL61TA0QAUKT" completed keep alive response. 
2017-07-03 16:07:12.5911|Microsoft.AspNetCore.Server.Kestrel|DEBUG|Connection id "0HL61TA0QAUL1" completed keep alive response. 
2017-07-03 16:07:12.6061|Microsoft.AspNetCore.Hosting.Internal.WebHost|INFO|Request starting HTTP/1.1 GET http://localhost:38570/swagger/lib/jquery.wiggle.min.js   
2017-07-03 16:07:12.6061|Microsoft.AspNetCore.Builder.RouterMiddleware|DEBUG|Request did not match any routes. 
2017-07-03 16:07:12.6361|Microsoft.AspNetCore.StaticFiles.StaticFileMiddleware|INFO|The file /css/reset.css was not modified 
2017-07-03 16:07:12.5680|Microsoft.AspNetCore.Hosting.Internal.WebHost|INFO|Request finished in 269.2118ms 304 text/css 
2017-07-03 16:07:12.6361|Microsoft.AspNetCore.Builder.RouterMiddleware|DEBUG|Request did not match any routes. 
2017-07-03 16:07:12.6756|Microsoft.AspNetCore.StaticFiles.StaticFileMiddleware|INFO|The file /lib/jquery.wiggle.min.js was not modified 
2017-07-03 16:07:12.6061|Microsoft.AspNetCore.Hosting.Internal.WebHost|INFO|Request starting HTTP/1.1 GET http://localhost:38570/swagger/lib/jquery.ba-bbq.min.js   
2017-07-03 16:07:12.6646|Microsoft.AspNetCore.StaticFiles.StaticFileMiddleware|DEBUG|Handled. Status code: 304 File: /css/reset.css 
2017-07-03 16:07:12.7087|Microsoft.AspNetCore.StaticFiles.StaticFileMiddleware|DEBUG|Handled. Status code: 304 File: /lib/jquery.wiggle.min.js 
2017-07-03 16:07:12.7397|Microsoft.AspNetCore.Builder.RouterMiddleware|DEBUG|Request did not match any routes. 
2017-07-03 16:07:12.7397|Microsoft.AspNetCore.StaticFiles.StaticFileMiddleware|INFO|The file /lib/jquery.ba-bbq.min.js was not modified 
2017-07-03 16:07:12.6756|Microsoft.AspNetCore.Server.Kestrel|DEBUG|Connection id "0HL61TA0QAUKV" completed keep alive response. 
2017-07-03 16:07:12.8367|Microsoft.AspNetCore.Hosting.Internal.WebHost|INFO|Request starting HTTP/1.1 GET http://localhost:38570/swagger/lib/handlebars-4.0.5.js   
2017-07-03 16:07:12.8367|Microsoft.AspNetCore.StaticFiles.StaticFileMiddleware|DEBUG|Handled. Status code: 304 File: /lib/jquery.ba-bbq.min.js 
2017-07-03 16:07:12.8558|Microsoft.AspNetCore.Hosting.Internal.WebHost|INFO|Request finished in 241.2079ms 304 application/javascript 
2017-07-03 16:07:12.8042|Microsoft.AspNetCore.Hosting.Internal.WebHost|INFO|Request finished in 203.7176ms 304 text/css 
2017-07-03 16:07:12.8558|Microsoft.AspNetCore.Builder.RouterMiddleware|DEBUG|Request did not match any routes. 
2017-07-03 16:07:12.8558|Microsoft.AspNetCore.StaticFiles.StaticFileMiddleware|INFO|The file /lib/handlebars-4.0.5.js was not modified 
2017-07-03 16:07:12.8558|Microsoft.AspNetCore.Server.Kestrel|DEBUG|Connection id "0HL61TA0QAUL1" completed keep alive response. 
2017-07-03 16:07:12.8798|Microsoft.AspNetCore.Hosting.Internal.WebHost|INFO|Request starting HTTP/1.1 GET http://localhost:38570/swagger/lib/lodash.min.js   
2017-07-03 16:07:12.8913|Microsoft.AspNetCore.StaticFiles.StaticFileMiddleware|DEBUG|Handled. Status code: 304 File: /lib/handlebars-4.0.5.js 
2017-07-03 16:07:12.8798|Microsoft.AspNetCore.Hosting.Internal.WebHost|INFO|Request finished in 274.6637ms 304 application/javascript 
2017-07-03 16:07:12.8913|Microsoft.AspNetCore.Builder.RouterMiddleware|DEBUG|Request did not match any routes. 
2017-07-03 16:07:12.9208|Microsoft.AspNetCore.Server.Kestrel|DEBUG|Connection id "0HL61TA0QAUKT" completed keep alive response. 
2017-07-03 16:07:12.9328|Microsoft.AspNetCore.Hosting.Internal.WebHost|INFO|Request starting HTTP/1.1 GET http://localhost:38570/swagger/swagger-ui.min.js   
2017-07-03 16:07:12.9073|Microsoft.AspNetCore.Hosting.Internal.WebHost|INFO|Request finished in 70.5651ms 304 application/javascript 
2017-07-03 16:07:12.9208|Microsoft.AspNetCore.StaticFiles.StaticFileMiddleware|INFO|The file /lib/lodash.min.js was not modified 
2017-07-03 16:07:12.9073|Microsoft.AspNetCore.Server.Kestrel|DEBUG|Connection id "0HL61TA0QAUKU" completed keep alive response. 
2017-07-03 16:07:12.9483|Microsoft.AspNetCore.Hosting.Internal.WebHost|INFO|Request starting HTTP/1.1 GET http://localhost:38570/swagger/lib/backbone-min.js   
2017-07-03 16:07:12.9328|Microsoft.AspNetCore.Builder.RouterMiddleware|DEBUG|Request did not match any routes. 
2017-07-03 16:07:12.9483|Microsoft.AspNetCore.StaticFiles.StaticFileMiddleware|DEBUG|Handled. Status code: 304 File: /lib/lodash.min.js 
2017-07-03 16:07:12.9328|Microsoft.AspNetCore.Server.Kestrel|DEBUG|Connection id "0HL61TA0QAUKV" completed keep alive response. 
2017-07-03 16:07:12.9698|Microsoft.AspNetCore.Hosting.Internal.WebHost|INFO|Request starting HTTP/1.1 GET http://localhost:38570/swagger/lib/highlight.9.1.0.pack.js   
2017-07-03 16:07:12.9698|Microsoft.AspNetCore.Hosting.Internal.WebHost|INFO|Request finished in 90.6292ms 304 application/javascript 
2017-07-03 16:07:12.9483|Microsoft.AspNetCore.StaticFiles.StaticFileMiddleware|INFO|The file /swagger-ui.min.js was not modified 
2017-07-03 16:07:12.9698|Microsoft.AspNetCore.Server.Kestrel|DEBUG|Connection id "0HL61TA0QAUL1" completed keep alive response. 
2017-07-03 16:07:12.9889|Microsoft.AspNetCore.StaticFiles.StaticFileMiddleware|DEBUG|Handled. Status code: 304 File: /swagger-ui.min.js 
2017-07-03 16:07:12.9889|Microsoft.AspNetCore.Hosting.Internal.WebHost|INFO|Request starting HTTP/1.1 GET http://localhost:38570/swagger/lib/highlight.9.1.0.pack_extended.js   
2017-07-03 16:07:12.9889|Microsoft.AspNetCore.Builder.RouterMiddleware|DEBUG|Request did not match any routes. 
2017-07-03 16:07:12.9969|Microsoft.AspNetCore.StaticFiles.StaticFileMiddleware|INFO|The file /lib/backbone-min.js was not modified 
2017-07-03 16:07:12.9969|Microsoft.AspNetCore.Builder.RouterMiddleware|DEBUG|Request did not match any routes. 
2017-07-03 16:07:12.9969|Microsoft.AspNetCore.Hosting.Internal.WebHost|INFO|Request finished in 63.9698ms 304 application/javascript 
2017-07-03 16:07:12.9969|Microsoft.AspNetCore.StaticFiles.StaticFileMiddleware|DEBUG|Handled. Status code: 304 File: /lib/backbone-min.js 
2017-07-03 16:07:12.9969|Microsoft.AspNetCore.StaticFiles.StaticFileMiddleware|INFO|The file /lib/highlight.9.1.0.pack_extended.js was not modified 
2017-07-03 16:07:13.0124|Microsoft.AspNetCore.Server.Kestrel|DEBUG|Connection id "0HL61TA0QAUKT" completed keep alive response. 
2017-07-03 16:07:13.0124|Microsoft.AspNetCore.Hosting.Internal.WebHost|INFO|Request starting HTTP/1.1 GET http://localhost:38570/swagger/lib/jsoneditor.min.js   
2017-07-03 16:07:13.0124|Microsoft.AspNetCore.Hosting.Internal.WebHost|INFO|Request finished in 71.9393ms 304 application/javascript 
2017-07-03 16:07:12.9698|Microsoft.AspNetCore.Builder.RouterMiddleware|DEBUG|Request did not match any routes. 
2017-07-03 16:07:13.0686|Microsoft.AspNetCore.StaticFiles.StaticFileMiddleware|INFO|The file /lib/highlight.9.1.0.pack.js was not modified 
2017-07-03 16:07:13.0686|Microsoft.AspNetCore.Server.Kestrel|DEBUG|Connection id "0HL61TA0QAUKU" completed keep alive response. 
2017-07-03 16:07:13.0826|Microsoft.AspNetCore.StaticFiles.StaticFileMiddleware|DEBUG|Handled. Status code: 304 File: /lib/highlight.9.1.0.pack.js 
2017-07-03 16:07:13.0826|Microsoft.AspNetCore.Hosting.Internal.WebHost|INFO|Request starting HTTP/1.1 GET http://localhost:38570/swagger/lib/marked.js   
2017-07-03 16:07:13.0476|Microsoft.AspNetCore.StaticFiles.StaticFileMiddleware|DEBUG|Handled. Status code: 304 File: /lib/highlight.9.1.0.pack_extended.js 
2017-07-03 16:07:13.0986|Microsoft.AspNetCore.Builder.RouterMiddleware|DEBUG|Request did not match any routes. 
2017-07-03 16:07:13.1056|Microsoft.AspNetCore.StaticFiles.StaticFileMiddleware|INFO|The file /lib/marked.js was not modified 
2017-07-03 16:07:13.1056|Microsoft.AspNetCore.Builder.RouterMiddleware|DEBUG|Request did not match any routes. 
2017-07-03 16:07:13.1056|Microsoft.AspNetCore.StaticFiles.StaticFileMiddleware|INFO|The file /lib/jsoneditor.min.js was not modified 
2017-07-03 16:07:13.0986|Microsoft.AspNetCore.Hosting.Internal.WebHost|INFO|Request finished in 128.7318ms 304 application/javascript 
2017-07-03 16:07:13.1226|Microsoft.AspNetCore.StaticFiles.StaticFileMiddleware|DEBUG|Handled. Status code: 304 File: /lib/marked.js 
2017-07-03 16:07:13.1226|Microsoft.AspNetCore.StaticFiles.StaticFileMiddleware|DEBUG|Handled. Status code: 304 File: /lib/jsoneditor.min.js 
2017-07-03 16:07:13.1452|Microsoft.AspNetCore.Hosting.Internal.WebHost|INFO|Request finished in 62.2907ms 304 application/javascript 
2017-07-03 16:07:13.1226|Microsoft.AspNetCore.Server.Kestrel|DEBUG|Connection id "0HL61TA0QAUKV" completed keep alive response. 
2017-07-03 16:07:13.1512|Microsoft.AspNetCore.Hosting.Internal.WebHost|INFO|Request starting HTTP/1.1 GET http://localhost:38570/swagger/lib/swagger-oauth.js   
2017-07-03 16:07:13.1512|Microsoft.AspNetCore.Server.Kestrel|DEBUG|Connection id "0HL61TA0QAUKU" completed keep alive response. 
2017-07-03 16:07:13.1512|Microsoft.AspNetCore.Hosting.Internal.WebHost|INFO|Request finished in 133.3949ms 304 application/javascript 
2017-07-03 16:07:13.1056|Microsoft.AspNetCore.Hosting.Internal.WebHost|INFO|Request finished in 127.6005ms 304 application/javascript 
2017-07-03 16:07:13.1512|Microsoft.AspNetCore.Hosting.Internal.WebHost|INFO|Request starting HTTP/1.1 GET http://localhost:38570/swagger/lib/jquery-1.8.0.min.js   
2017-07-03 16:07:13.1712|Microsoft.AspNetCore.Server.Kestrel|DEBUG|Connection id "0HL61TA0QAUKT" completed keep alive response. 
2017-07-03 16:07:13.1712|Microsoft.AspNetCore.Builder.RouterMiddleware|DEBUG|Request did not match any routes. 
2017-07-03 16:07:13.1712|Microsoft.AspNetCore.Hosting.Internal.WebHost|INFO|Request starting HTTP/1.1 GET http://localhost:38570/swagger/lib/object-assign-pollyfill.js   
2017-07-03 16:07:13.1822|Microsoft.AspNetCore.StaticFiles.StaticFileMiddleware|INFO|The file /lib/jquery-1.8.0.min.js was not modified 
2017-07-03 16:07:13.1822|Microsoft.AspNetCore.Builder.RouterMiddleware|DEBUG|Request did not match any routes. 
2017-07-03 16:07:13.1822|Microsoft.AspNetCore.StaticFiles.StaticFileMiddleware|DEBUG|Handled. Status code: 304 File: /lib/jquery-1.8.0.min.js 
2017-07-03 16:07:13.1512|Microsoft.AspNetCore.Builder.RouterMiddleware|DEBUG|Request did not match any routes. 
2017-07-03 16:07:13.1822|Microsoft.AspNetCore.Hosting.Internal.WebHost|INFO|Request finished in 30.2148ms 304 application/javascript 
2017-07-03 16:07:13.1822|Microsoft.AspNetCore.StaticFiles.StaticFileMiddleware|INFO|The file /lib/object-assign-pollyfill.js was not modified 
2017-07-03 16:07:13.1712|Microsoft.AspNetCore.Server.Kestrel|DEBUG|Connection id "0HL61TA0QAUL1" completed keep alive response. 
2017-07-03 16:07:13.2012|Microsoft.AspNetCore.Server.Kestrel|DEBUG|Connection id "0HL61TA0QAUL0" completed keep alive response. 
2017-07-03 16:07:13.1822|Microsoft.AspNetCore.StaticFiles.StaticFileMiddleware|INFO|The file /lib/swagger-oauth.js was not modified 
2017-07-03 16:07:13.2012|Microsoft.AspNetCore.StaticFiles.StaticFileMiddleware|DEBUG|Handled. Status code: 304 File: /lib/object-assign-pollyfill.js 
2017-07-03 16:07:13.2472|Microsoft.AspNetCore.StaticFiles.StaticFileMiddleware|DEBUG|Handled. Status code: 304 File: /lib/swagger-oauth.js 
2017-07-03 16:07:13.2472|Microsoft.AspNetCore.Hosting.Internal.WebHost|INFO|Request finished in 69.5855ms 304 application/javascript 
2017-07-03 16:07:13.2472|Microsoft.AspNetCore.Hosting.Internal.WebHost|INFO|Request finished in 99.0374ms 304 application/javascript 
2017-07-03 16:07:13.2472|Microsoft.AspNetCore.Server.Kestrel|DEBUG|Connection id "0HL61TA0QAUL2" completed keep alive response. 
2017-07-03 16:07:13.2632|Microsoft.AspNetCore.Server.Kestrel|DEBUG|Connection id "0HL61TA0QAUKV" completed keep alive response. 
2017-07-03 16:07:13.2813|Microsoft.AspNetCore.Hosting.Internal.WebHost|INFO|Request starting HTTP/1.1 GET http://localhost:38570/swagger/images/logo_small.png   
2017-07-03 16:07:13.2813|Microsoft.AspNetCore.Builder.RouterMiddleware|DEBUG|Request did not match any routes. 
2017-07-03 16:07:13.2813|Microsoft.AspNetCore.StaticFiles.StaticFileMiddleware|INFO|The file /images/logo_small.png was not modified 
2017-07-03 16:07:13.2813|Microsoft.AspNetCore.StaticFiles.StaticFileMiddleware|DEBUG|Handled. Status code: 304 File: /images/logo_small.png 
2017-07-03 16:07:13.2963|Microsoft.AspNetCore.Hosting.Internal.WebHost|INFO|Request finished in 14.6846ms 304 image/png 
2017-07-03 16:07:13.2963|Microsoft.AspNetCore.Server.Kestrel|DEBUG|Connection id "0HL61TA0QAUKU" completed keep alive response. 
2017-07-03 16:07:13.2963|Microsoft.AspNetCore.Hosting.Internal.WebHost|INFO|Request starting HTTP/1.1 GET http://localhost:38570/swagger/css/print.css   
2017-07-03 16:07:13.3093|Microsoft.AspNetCore.Builder.RouterMiddleware|DEBUG|Request did not match any routes. 
2017-07-03 16:07:13.3093|Microsoft.AspNetCore.StaticFiles.StaticFileMiddleware|INFO|The file /css/print.css was not modified 
2017-07-03 16:07:13.3093|Microsoft.AspNetCore.StaticFiles.StaticFileMiddleware|DEBUG|Handled. Status code: 304 File: /css/print.css 
2017-07-03 16:07:13.3093|Microsoft.AspNetCore.Hosting.Internal.WebHost|INFO|Request finished in 13.4682ms 304 text/css 
2017-07-03 16:07:13.3233|Microsoft.AspNetCore.Server.Kestrel|DEBUG|Connection id "0HL61TA0QAUKT" completed keep alive response. 
2017-07-03 16:07:13.7982|Microsoft.AspNetCore.Hosting.Internal.WebHost|INFO|Request starting HTTP/1.1 GET http://localhost:38570/swagger/v1/swagger.json   
2017-07-03 16:07:13.7982|Microsoft.AspNetCore.Builder.RouterMiddleware|DEBUG|Request did not match any routes. 
2017-07-03 16:07:13.8322|Microsoft.AspNetCore.Hosting.Internal.WebHost|INFO|Request starting HTTP/1.1 GET http://localhost:38570/swagger/images/favicon-16x16.png   
2017-07-03 16:07:13.8322|Microsoft.AspNetCore.Builder.RouterMiddleware|DEBUG|Request did not match any routes. 
2017-07-03 16:07:13.8322|Microsoft.AspNetCore.StaticFiles.StaticFileMiddleware|INFO|The file /images/favicon-16x16.png was not modified 
2017-07-03 16:07:13.8400|Microsoft.AspNetCore.StaticFiles.StaticFileMiddleware|DEBUG|Handled. Status code: 304 File: /images/favicon-16x16.png 
2017-07-03 16:07:13.8400|Microsoft.AspNetCore.Hosting.Internal.WebHost|INFO|Request finished in 10.3507ms 304 image/png 
2017-07-03 16:07:13.8400|Microsoft.AspNetCore.Server.Kestrel|DEBUG|Connection id "0HL61TA0QAUL0" completed keep alive response. 
2017-07-03 16:07:18.0445|Microsoft.AspNetCore.Server.Kestrel|ERROR|Connection id "0HL61TA0QAUL1": An unhandled exception was thrown by the application. HTTP method "GET" & path "api/Object/Information" overloaded by actions - CTP.API.Controllers.ObjectController.Information (CTP.API),CTP.API.Controllers.ObjectController.GetManuscripts (CTP.API). Actions require unique method/path combination for Swagger
2017-07-03 16:07:18.0605|Microsoft.AspNetCore.Hosting.Internal.WebHost|INFO|Request finished in 4262.2762ms 200  
2017-07-03 16:07:18.0605|Microsoft.AspNetCore.Server.Kestrel|DEBUG|Connection id "0HL61TA0QAUL1" completed keep alive response. 
2017-07-03 16:08:44.4714|Microsoft.AspNetCore.Server.Kestrel|DEBUG|Connection id "0HL61TA0QAUKV" received FIN. 
2017-07-03 16:08:44.4714|Microsoft.AspNetCore.Server.Kestrel|DEBUG|Connection id "0HL61TA0QAUL2" received FIN. 
2017-07-03 16:08:44.4714|Microsoft.AspNetCore.Server.Kestrel|DEBUG|Connection id "0HL61TA0QAUKU" received FIN. 
2017-07-03 16:08:44.4714|Microsoft.AspNetCore.Server.Kestrel|DEBUG|Connection id "0HL61TA0QAUL0" received FIN. 
2017-07-03 16:08:44.4714|Microsoft.AspNetCore.Server.Kestrel|DEBUG|Connection id "0HL61TA0QAUKT" received FIN. 
2017-07-03 16:08:44.5105|Microsoft.AspNetCore.Server.Kestrel|DEBUG|Connection id "0HL61TA0QAUL1" received FIN. 
2017-07-03 16:08:44.5105|Microsoft.AspNetCore.Server.Kestrel|DEBUG|Connection id "0HL61TA0QAUL2" disconnecting. 
2017-07-03 16:08:44.5105|Microsoft.AspNetCore.Server.Kestrel|DEBUG|Connection id "0HL61TA0QAUL3" started. 
2017-07-03 16:08:44.5105|Microsoft.AspNetCore.Server.Kestrel|DEBUG|Connection id "0HL61TA0QAUL2" sending FIN. 
2017-07-03 16:08:44.5105|Microsoft.AspNetCore.Server.Kestrel|DEBUG|Connection id "0HL61TA0QAUKV" disconnecting. 
2017-07-03 16:08:44.5105|Microsoft.AspNetCore.Server.Kestrel|DEBUG|Connection id "0HL61TA0QAUL1" disconnecting. 
2017-07-03 16:08:44.5105|Microsoft.AspNetCore.Server.Kestrel|DEBUG|Connection id "0HL61TA0QAUL0" disconnecting. 
2017-07-03 16:08:44.5105|Microsoft.AspNetCore.Server.Kestrel|DEBUG|Connection id "0HL61TA0QAUKU" disconnecting. 
2017-07-03 16:08:44.5305|Microsoft.AspNetCore.Hosting.Internal.WebHost|INFO|Request starting HTTP/1.1 GET http://localhost:38570/swagger/   
2017-07-03 16:08:44.5305|Microsoft.AspNetCore.Server.Kestrel|DEBUG|Connection id "0HL61TA0QAUL2" sent FIN with status "0". 
2017-07-03 16:08:44.5105|Microsoft.AspNetCore.Server.Kestrel|DEBUG|Connection id "0HL61TA0QAUKT" disconnecting. 
2017-07-03 16:08:44.5305|Microsoft.AspNetCore.Builder.RouterMiddleware|DEBUG|Request did not match any routes. 
2017-07-03 16:08:44.5305|Microsoft.AspNetCore.Server.Kestrel|DEBUG|Connection id "0HL61TA0QAUKV" sending FIN. 
2017-07-03 16:08:44.5415|Microsoft.AspNetCore.Server.Kestrel|DEBUG|Connection id "0HL61TA0QAUL1" sending FIN. 
2017-07-03 16:08:44.5415|Microsoft.AspNetCore.Server.Kestrel|DEBUG|Connection id "0HL61TA0QAUKT" sending FIN. 
2017-07-03 16:08:44.5415|Microsoft.AspNetCore.Server.Kestrel|DEBUG|Connection id "0HL61TA0QAUKT" sent FIN with status "0". 
2017-07-03 16:08:44.5415|Microsoft.AspNetCore.Server.Kestrel|DEBUG|Connection id "0HL61TA0QAUL2" stopped. 
2017-07-03 16:08:44.5415|Microsoft.AspNetCore.Server.Kestrel|DEBUG|Connection id "0HL61TA0QAUL0" sending FIN. 
2017-07-03 16:08:44.5415|Microsoft.AspNetCore.Server.Kestrel|DEBUG|Connection id "0HL61TA0QAUKU" sending FIN. 
2017-07-03 16:08:44.5415|Microsoft.AspNetCore.Server.Kestrel|DEBUG|Connection id "0HL61TA0QAUKU" sent FIN with status "0". 
2017-07-03 16:08:44.5415|Microsoft.AspNetCore.StaticFiles.StaticFileMiddleware|INFO|Sending file. Request path: '/index.html'. Physical path: 'N/A' 
2017-07-03 16:08:44.5415|Microsoft.AspNetCore.Server.Kestrel|DEBUG|Connection id "0HL61TA0QAUKT" stopped. 
2017-07-03 16:08:44.5415|Microsoft.AspNetCore.Server.Kestrel|DEBUG|Connection id "0HL61TA0QAUKU" stopped. 
2017-07-03 16:08:44.5415|Microsoft.AspNetCore.Server.Kestrel|DEBUG|Connection id "0HL61TA0QAUL0" sent FIN with status "0". 
2017-07-03 16:08:44.5415|Microsoft.AspNetCore.Server.Kestrel|DEBUG|Connection id "0HL61TA0QAUL0" stopped. 
2017-07-03 16:08:44.5415|Microsoft.AspNetCore.Hosting.Internal.WebHost|INFO|Request finished in 25.6497ms 200 text/html 
2017-07-03 16:08:44.5415|Microsoft.AspNetCore.Server.Kestrel|DEBUG|Connection id "0HL61TA0QAUL1" sent FIN with status "0". 
2017-07-03 16:08:44.6045|Microsoft.AspNetCore.Server.Kestrel|DEBUG|Connection id "0HL61TA0QAUL1" stopped. 
2017-07-03 16:08:44.6045|Microsoft.AspNetCore.Server.Kestrel|DEBUG|Connection id "0HL61TA0QAUKV" sent FIN with status "0". 
2017-07-03 16:08:44.6045|Microsoft.AspNetCore.Server.Kestrel|DEBUG|Connection id "0HL61TA0QAUKV" stopped. 
2017-07-03 16:08:44.6045|Microsoft.AspNetCore.Server.Kestrel|DEBUG|Connection id "0HL61TA0QAUL4" started. 
2017-07-03 16:08:44.6045|Microsoft.AspNetCore.Server.Kestrel|DEBUG|Connection id "0HL61TA0QAUL5" started. 
2017-07-03 16:08:44.6045|Microsoft.AspNetCore.Server.Kestrel|DEBUG|Connection id "0HL61TA0QAUL7" started. 
2017-07-03 16:08:44.6045|Microsoft.AspNetCore.Hosting.Internal.WebHost|INFO|Request starting HTTP/1.1 GET http://localhost:38570/swagger/css/typography.css   
2017-07-03 16:08:44.6045|Microsoft.AspNetCore.Server.Kestrel|DEBUG|Connection id "0HL61TA0QAUL6" started. 
2017-07-03 16:08:44.6196|Microsoft.AspNetCore.Hosting.Internal.WebHost|INFO|Request starting HTTP/1.1 GET http://localhost:38570/swagger/lib/jquery.slideto.min.js   
2017-07-03 16:08:44.6045|Microsoft.AspNetCore.Server.Kestrel|DEBUG|Connection id "0HL61TA0QAUL3" completed keep alive response. 
2017-07-03 16:08:44.6196|Microsoft.AspNetCore.Hosting.Internal.WebHost|INFO|Request starting HTTP/1.1 GET http://localhost:38570/swagger/css/reset.css   
2017-07-03 16:08:44.6196|Microsoft.AspNetCore.Hosting.Internal.WebHost|INFO|Request starting HTTP/1.1 GET http://localhost:38570/swagger/lib/jquery-1.8.0.min.js   
2017-07-03 16:08:44.6045|Microsoft.AspNetCore.Hosting.Internal.WebHost|INFO|Request starting HTTP/1.1 GET http://localhost:38570/swagger/css/screen.css   
2017-07-03 16:08:44.6366|Microsoft.AspNetCore.Builder.RouterMiddleware|DEBUG|Request did not match any routes. 
2017-07-03 16:08:44.6196|Microsoft.AspNetCore.Builder.RouterMiddleware|DEBUG|Request did not match any routes. 
2017-07-03 16:08:44.6196|Microsoft.AspNetCore.Builder.RouterMiddleware|DEBUG|Request did not match any routes. 
2017-07-03 16:08:44.6196|Microsoft.AspNetCore.Server.Kestrel|DEBUG|Connection id "0HL61TA0QAUL8" started. 
2017-07-03 16:08:44.6366|Microsoft.AspNetCore.StaticFiles.StaticFileMiddleware|INFO|The file /css/reset.css was not modified 
2017-07-03 16:08:44.6366|Microsoft.AspNetCore.Builder.RouterMiddleware|DEBUG|Request did not match any routes. 
2017-07-03 16:08:44.6366|Microsoft.AspNetCore.Builder.RouterMiddleware|DEBUG|Request did not match any routes. 
2017-07-03 16:08:44.6683|Microsoft.AspNetCore.StaticFiles.StaticFileMiddleware|INFO|The file /css/screen.css was not modified 
2017-07-03 16:08:44.6366|Microsoft.AspNetCore.StaticFiles.StaticFileMiddleware|INFO|The file /lib/jquery.slideto.min.js was not modified 
2017-07-03 16:08:44.6683|Microsoft.AspNetCore.StaticFiles.StaticFileMiddleware|INFO|The file /lib/jquery-1.8.0.min.js was not modified 
2017-07-03 16:08:44.6366|Microsoft.AspNetCore.StaticFiles.StaticFileMiddleware|INFO|The file /css/typography.css was not modified 
2017-07-03 16:08:44.6683|Microsoft.AspNetCore.StaticFiles.StaticFileMiddleware|DEBUG|Handled. Status code: 304 File: /css/reset.css 
2017-07-03 16:08:44.6683|Microsoft.AspNetCore.StaticFiles.StaticFileMiddleware|DEBUG|Handled. Status code: 304 File: /css/screen.css 
2017-07-03 16:08:44.6833|Microsoft.AspNetCore.StaticFiles.StaticFileMiddleware|DEBUG|Handled. Status code: 304 File: /lib/jquery-1.8.0.min.js 
2017-07-03 16:08:44.6683|Microsoft.AspNetCore.StaticFiles.StaticFileMiddleware|DEBUG|Handled. Status code: 304 File: /lib/jquery.slideto.min.js 
2017-07-03 16:08:44.6833|Microsoft.AspNetCore.StaticFiles.StaticFileMiddleware|DEBUG|Handled. Status code: 304 File: /css/typography.css 
2017-07-03 16:08:44.6833|Microsoft.AspNetCore.Hosting.Internal.WebHost|INFO|Request finished in 74.2985ms 304 application/javascript 
2017-07-03 16:08:44.6983|Microsoft.AspNetCore.Hosting.Internal.WebHost|INFO|Request finished in 81.9126ms 304 text/css 
2017-07-03 16:08:44.6983|Microsoft.AspNetCore.Server.Kestrel|DEBUG|Connection id "0HL61TA0QAUL4" completed keep alive response. 
2017-07-03 16:08:44.7253|Microsoft.AspNetCore.Hosting.Internal.WebHost|INFO|Request finished in 100.8457ms 304 application/javascript 
2017-07-03 16:08:44.7253|Microsoft.AspNetCore.Hosting.Internal.WebHost|INFO|Request starting HTTP/1.1 GET http://localhost:38570/swagger/lib/object-assign-pollyfill.js   
2017-07-03 16:08:44.6833|Microsoft.AspNetCore.Hosting.Internal.WebHost|INFO|Request finished in 81.0429ms 304 text/css 
2017-07-03 16:08:44.7483|Microsoft.AspNetCore.Server.Kestrel|DEBUG|Connection id "0HL61TA0QAUL7" completed keep alive response. 
2017-07-03 16:08:44.7253|Microsoft.AspNetCore.Hosting.Internal.WebHost|INFO|Request finished in 97.1189ms 304 text/css 
2017-07-03 16:08:44.7483|Microsoft.AspNetCore.Server.Kestrel|DEBUG|Connection id "0HL61TA0QAUL6" completed keep alive response. 
2017-07-03 16:08:44.7483|Microsoft.AspNetCore.Hosting.Internal.WebHost|INFO|Request starting HTTP/1.1 GET http://localhost:38570/swagger/lib/jquery.wiggle.min.js   
2017-07-03 16:08:44.7659|Microsoft.AspNetCore.Server.Kestrel|DEBUG|Connection id "0HL61TA0QAUL3" completed keep alive response. 
2017-07-03 16:08:44.7659|Microsoft.AspNetCore.Server.Kestrel|DEBUG|Connection id "0HL61TA0QAUL5" completed keep alive response. 
2017-07-03 16:08:44.7659|Microsoft.AspNetCore.Hosting.Internal.WebHost|INFO|Request starting HTTP/1.1 GET http://localhost:38570/swagger/lib/jquery.ba-bbq.min.js   
2017-07-03 16:08:44.7809|Microsoft.AspNetCore.Builder.RouterMiddleware|DEBUG|Request did not match any routes. 
2017-07-03 16:08:44.7809|Microsoft.AspNetCore.StaticFiles.StaticFileMiddleware|INFO|The file /lib/object-assign-pollyfill.js was not modified 
2017-07-03 16:08:44.7809|Microsoft.AspNetCore.Hosting.Internal.WebHost|INFO|Request starting HTTP/1.1 GET http://localhost:38570/swagger/lib/handlebars-4.0.5.js   
2017-07-03 16:08:44.7659|Microsoft.AspNetCore.Hosting.Internal.WebHost|INFO|Request starting HTTP/1.1 GET http://localhost:38570/swagger/lib/lodash.min.js   
2017-07-03 16:08:44.7809|Microsoft.AspNetCore.Builder.RouterMiddleware|DEBUG|Request did not match any routes. 
2017-07-03 16:08:44.7929|Microsoft.AspNetCore.Builder.RouterMiddleware|DEBUG|Request did not match any routes. 
2017-07-03 16:08:44.7929|Microsoft.AspNetCore.StaticFiles.StaticFileMiddleware|INFO|The file /lib/jquery.wiggle.min.js was not modified 
2017-07-03 16:08:44.7929|Microsoft.AspNetCore.StaticFiles.StaticFileMiddleware|INFO|The file /lib/jquery.ba-bbq.min.js was not modified 
2017-07-03 16:08:44.7929|Microsoft.AspNetCore.Builder.RouterMiddleware|DEBUG|Request did not match any routes. 
2017-07-03 16:08:44.7929|Microsoft.AspNetCore.StaticFiles.StaticFileMiddleware|INFO|The file /lib/handlebars-4.0.5.js was not modified 
2017-07-03 16:08:44.7929|Microsoft.AspNetCore.StaticFiles.StaticFileMiddleware|DEBUG|Handled. Status code: 304 File: /lib/object-assign-pollyfill.js 
2017-07-03 16:08:44.8259|Microsoft.AspNetCore.StaticFiles.StaticFileMiddleware|DEBUG|Handled. Status code: 304 File: /lib/jquery.ba-bbq.min.js 
2017-07-03 16:08:44.8259|Microsoft.AspNetCore.StaticFiles.StaticFileMiddleware|DEBUG|Handled. Status code: 304 File: /lib/handlebars-4.0.5.js 
2017-07-03 16:08:44.8259|Microsoft.AspNetCore.StaticFiles.StaticFileMiddleware|DEBUG|Handled. Status code: 304 File: /lib/jquery.wiggle.min.js 
2017-07-03 16:08:44.8259|Microsoft.AspNetCore.Builder.RouterMiddleware|DEBUG|Request did not match any routes. 
2017-07-03 16:08:44.8389|Microsoft.AspNetCore.StaticFiles.StaticFileMiddleware|INFO|The file /lib/lodash.min.js was not modified 
2017-07-03 16:08:44.8389|Microsoft.AspNetCore.Hosting.Internal.WebHost|INFO|Request finished in 72.7829ms 304 application/javascript 
2017-07-03 16:08:44.8389|Microsoft.AspNetCore.Hosting.Internal.WebHost|INFO|Request finished in 85.4213ms 304 application/javascript 
2017-07-03 16:08:44.8389|Microsoft.AspNetCore.Server.Kestrel|DEBUG|Connection id "0HL61TA0QAUL7" completed keep alive response. 
2017-07-03 16:08:44.8389|Microsoft.AspNetCore.Hosting.Internal.WebHost|INFO|Request finished in 121.648ms 304 application/javascript 
2017-07-03 16:08:44.8389|Microsoft.AspNetCore.Hosting.Internal.WebHost|INFO|Request starting HTTP/1.1 GET http://localhost:38570/swagger/lib/backbone-min.js   
2017-07-03 16:08:44.8549|Microsoft.AspNetCore.Hosting.Internal.WebHost|INFO|Request finished in 73.1649ms 304 application/javascript 
2017-07-03 16:08:44.8549|Microsoft.AspNetCore.Builder.RouterMiddleware|DEBUG|Request did not match any routes. 
2017-07-03 16:08:44.8849|Microsoft.AspNetCore.StaticFiles.StaticFileMiddleware|INFO|The file /lib/backbone-min.js was not modified 
2017-07-03 16:08:44.8889|Microsoft.AspNetCore.Server.Kestrel|DEBUG|Connection id "0HL61TA0QAUL6" completed keep alive response. 
2017-07-03 16:08:44.8889|Microsoft.AspNetCore.Hosting.Internal.WebHost|INFO|Request starting HTTP/1.1 GET http://localhost:38570/swagger/swagger-ui.min.js   
2017-07-03 16:08:44.8889|Microsoft.AspNetCore.StaticFiles.StaticFileMiddleware|DEBUG|Handled. Status code: 304 File: /lib/lodash.min.js 
2017-07-03 16:08:44.8889|Microsoft.AspNetCore.Server.Kestrel|DEBUG|Connection id "0HL61TA0QAUL4" completed keep alive response. 
2017-07-03 16:08:44.9050|Microsoft.AspNetCore.Server.Kestrel|DEBUG|Connection id "0HL61TA0QAUL8" completed keep alive response. 
2017-07-03 16:08:44.9050|Microsoft.AspNetCore.Hosting.Internal.WebHost|INFO|Request starting HTTP/1.1 GET http://localhost:38570/swagger/lib/highlight.9.1.0.pack.js   
2017-07-03 16:08:44.9050|Microsoft.AspNetCore.Hosting.Internal.WebHost|INFO|Request starting HTTP/1.1 GET http://localhost:38570/swagger/lib/highlight.9.1.0.pack_extended.js   
2017-07-03 16:08:44.9050|Microsoft.AspNetCore.StaticFiles.StaticFileMiddleware|DEBUG|Handled. Status code: 304 File: /lib/backbone-min.js 
2017-07-03 16:08:44.9450|Microsoft.AspNetCore.Builder.RouterMiddleware|DEBUG|Request did not match any routes. 
2017-07-03 16:08:44.9450|Microsoft.AspNetCore.StaticFiles.StaticFileMiddleware|INFO|The file /lib/highlight.9.1.0.pack.js was not modified 
2017-07-03 16:08:44.9540|Microsoft.AspNetCore.Builder.RouterMiddleware|DEBUG|Request did not match any routes. 
2017-07-03 16:08:44.9540|Microsoft.AspNetCore.StaticFiles.StaticFileMiddleware|INFO|The file /swagger-ui.min.js was not modified 
2017-07-03 16:08:44.9540|Microsoft.AspNetCore.Hosting.Internal.WebHost|INFO|Request finished in 106.6622ms 304 application/javascript 
2017-07-03 16:08:44.9540|Microsoft.AspNetCore.Hosting.Internal.WebHost|INFO|Request finished in 186.6647ms 304 application/javascript 
2017-07-03 16:08:44.9650|Microsoft.AspNetCore.Builder.RouterMiddleware|DEBUG|Request did not match any routes. 
2017-07-03 16:08:44.9650|Microsoft.AspNetCore.StaticFiles.StaticFileMiddleware|INFO|The file /lib/highlight.9.1.0.pack_extended.js was not modified 
2017-07-03 16:08:44.9650|Microsoft.AspNetCore.Server.Kestrel|DEBUG|Connection id "0HL61TA0QAUL3" completed keep alive response. 
2017-07-03 16:08:44.9650|Microsoft.AspNetCore.StaticFiles.StaticFileMiddleware|DEBUG|Handled. Status code: 304 File: /lib/highlight.9.1.0.pack_extended.js 
2017-07-03 16:08:44.9800|Microsoft.AspNetCore.StaticFiles.StaticFileMiddleware|DEBUG|Handled. Status code: 304 File: /lib/highlight.9.1.0.pack.js 
2017-07-03 16:08:44.9800|Microsoft.AspNetCore.Hosting.Internal.WebHost|INFO|Request starting HTTP/1.1 GET http://localhost:38570/swagger/lib/jsoneditor.min.js   
2017-07-03 16:08:44.9800|Microsoft.AspNetCore.StaticFiles.StaticFileMiddleware|DEBUG|Handled. Status code: 304 File: /swagger-ui.min.js 
2017-07-03 16:08:44.9800|Microsoft.AspNetCore.Hosting.Internal.WebHost|INFO|Request finished in 87.0186ms 304 application/javascript 
2017-07-03 16:08:44.9950|Microsoft.AspNetCore.Server.Kestrel|DEBUG|Connection id "0HL61TA0QAUL5" completed keep alive response. 
2017-07-03 16:08:44.9950|Microsoft.AspNetCore.Hosting.Internal.WebHost|INFO|Request starting HTTP/1.1 GET http://localhost:38570/swagger/lib/marked.js   
2017-07-03 16:08:44.9950|Microsoft.AspNetCore.Builder.RouterMiddleware|DEBUG|Request did not match any routes. 
2017-07-03 16:08:44.9950|Microsoft.AspNetCore.StaticFiles.StaticFileMiddleware|INFO|The file /lib/jsoneditor.min.js was not modified 
2017-07-03 16:08:44.9950|Microsoft.AspNetCore.Hosting.Internal.WebHost|INFO|Request finished in 113.1173ms 304 application/javascript 
2017-07-03 16:08:44.9950|Microsoft.AspNetCore.StaticFiles.StaticFileMiddleware|DEBUG|Handled. Status code: 304 File: /lib/jsoneditor.min.js 
2017-07-03 16:08:45.0150|Microsoft.AspNetCore.Hosting.Internal.WebHost|INFO|Request finished in 102.1884ms 304 application/javascript 
2017-07-03 16:08:45.0150|Microsoft.AspNetCore.Server.Kestrel|DEBUG|Connection id "0HL61TA0QAUL6" completed keep alive response. 
2017-07-03 16:08:45.0150|Microsoft.AspNetCore.Hosting.Internal.WebHost|INFO|Request starting HTTP/1.1 GET http://localhost:38570/swagger/lib/swagger-oauth.js   
2017-07-03 16:08:45.0150|Microsoft.AspNetCore.Builder.RouterMiddleware|DEBUG|Request did not match any routes. 
2017-07-03 16:08:45.0290|Microsoft.AspNetCore.Builder.RouterMiddleware|DEBUG|Request did not match any routes. 
2017-07-03 16:08:45.0290|Microsoft.AspNetCore.StaticFiles.StaticFileMiddleware|INFO|The file /lib/swagger-oauth.js was not modified 
2017-07-03 16:08:45.0290|Microsoft.AspNetCore.StaticFiles.StaticFileMiddleware|INFO|The file /lib/marked.js was not modified 
2017-07-03 16:08:45.0290|Microsoft.AspNetCore.Server.Kestrel|DEBUG|Connection id "0HL61TA0QAUL7" completed keep alive response. 
2017-07-03 16:08:45.0551|Microsoft.AspNetCore.Server.Kestrel|DEBUG|Connection id "0HL61TA0QAUL4" completed keep alive response. 
2017-07-03 16:08:45.0611|Microsoft.AspNetCore.Hosting.Internal.WebHost|INFO|Request finished in 82.8067ms 304 application/javascript 
2017-07-03 16:08:45.0611|Microsoft.AspNetCore.StaticFiles.StaticFileMiddleware|DEBUG|Handled. Status code: 304 File: /lib/marked.js 
2017-07-03 16:08:45.0611|Microsoft.AspNetCore.Server.Kestrel|DEBUG|Connection id "0HL61TA0QAUL8" completed keep alive response. 
2017-07-03 16:08:45.0611|Microsoft.AspNetCore.StaticFiles.StaticFileMiddleware|DEBUG|Handled. Status code: 304 File: /lib/swagger-oauth.js 
2017-07-03 16:08:45.0791|Microsoft.AspNetCore.Hosting.Internal.WebHost|INFO|Request finished in 79.8287ms 304 application/javascript 
2017-07-03 16:08:45.0791|Microsoft.AspNetCore.Hosting.Internal.WebHost|INFO|Request finished in 58.8356ms 304 application/javascript 
2017-07-03 16:08:45.0891|Microsoft.AspNetCore.Server.Kestrel|DEBUG|Connection id "0HL61TA0QAUL3" completed keep alive response. 
2017-07-03 16:08:45.0891|Microsoft.AspNetCore.Server.Kestrel|DEBUG|Connection id "0HL61TA0QAUL5" completed keep alive response. 
2017-07-03 16:08:45.0891|Microsoft.AspNetCore.Hosting.Internal.WebHost|INFO|Request starting HTTP/1.1 GET http://localhost:38570/swagger/images/logo_small.png   
2017-07-03 16:08:45.1041|Microsoft.AspNetCore.Builder.RouterMiddleware|DEBUG|Request did not match any routes. 
2017-07-03 16:08:45.1041|Microsoft.AspNetCore.StaticFiles.StaticFileMiddleware|INFO|The file /images/logo_small.png was not modified 
2017-07-03 16:08:45.1041|Microsoft.AspNetCore.StaticFiles.StaticFileMiddleware|DEBUG|Handled. Status code: 304 File: /images/logo_small.png 
2017-07-03 16:08:45.1041|Microsoft.AspNetCore.Hosting.Internal.WebHost|INFO|Request finished in 14.9146ms 304 image/png 
2017-07-03 16:08:45.1041|Microsoft.AspNetCore.Server.Kestrel|DEBUG|Connection id "0HL61TA0QAUL6" completed keep alive response. 
2017-07-03 16:08:45.1202|Microsoft.AspNetCore.Hosting.Internal.WebHost|INFO|Request starting HTTP/1.1 GET http://localhost:38570/swagger/css/print.css   
2017-07-03 16:08:45.1202|Microsoft.AspNetCore.Builder.RouterMiddleware|DEBUG|Request did not match any routes. 
2017-07-03 16:08:45.1202|Microsoft.AspNetCore.StaticFiles.StaticFileMiddleware|INFO|The file /css/print.css was not modified 
2017-07-03 16:08:45.1202|Microsoft.AspNetCore.StaticFiles.StaticFileMiddleware|DEBUG|Handled. Status code: 304 File: /css/print.css 
2017-07-03 16:08:45.1202|Microsoft.AspNetCore.Hosting.Internal.WebHost|INFO|Request finished in 11.7321ms 304 text/css 
2017-07-03 16:08:45.1407|Microsoft.AspNetCore.Server.Kestrel|DEBUG|Connection id "0HL61TA0QAUL7" completed keep alive response. 
2017-07-03 16:08:45.2272|Microsoft.AspNetCore.Hosting.Internal.WebHost|INFO|Request starting HTTP/1.1 GET http://localhost:38570/swagger/v1/swagger.json   
2017-07-03 16:08:45.2312|Microsoft.AspNetCore.Builder.RouterMiddleware|DEBUG|Request did not match any routes. 
2017-07-03 16:08:45.2548|Microsoft.AspNetCore.Hosting.Internal.WebHost|INFO|Request starting HTTP/1.1 GET http://localhost:38570/swagger/images/favicon-16x16.png   
2017-07-03 16:08:45.2813|Microsoft.AspNetCore.Builder.RouterMiddleware|DEBUG|Request did not match any routes. 
2017-07-03 16:08:45.2813|Microsoft.AspNetCore.StaticFiles.StaticFileMiddleware|INFO|The file /images/favicon-16x16.png was not modified 
2017-07-03 16:08:45.2813|Microsoft.AspNetCore.Server.Kestrel|ERROR|Connection id "0HL61TA0QAUL4": An unhandled exception was thrown by the application. HTTP method "GET" & path "api/Object/Information" overloaded by actions - CTP.API.Controllers.ObjectController.Information (CTP.API),CTP.API.Controllers.ObjectController.GetManuscripts (CTP.API). Actions require unique method/path combination for Swagger
2017-07-03 16:08:45.2813|Microsoft.AspNetCore.StaticFiles.StaticFileMiddleware|DEBUG|Handled. Status code: 304 File: /images/favicon-16x16.png 
2017-07-03 16:08:45.2813|Microsoft.AspNetCore.Hosting.Internal.WebHost|INFO|Request finished in 34.0906ms 304 image/png 
2017-07-03 16:08:45.2813|Microsoft.AspNetCore.Server.Kestrel|DEBUG|Connection id "0HL61TA0QAUL8" completed keep alive response. 
2017-07-03 16:08:45.3043|Microsoft.AspNetCore.Hosting.Internal.WebHost|INFO|Request finished in 77.2194ms 200  
2017-07-03 16:08:45.3073|Microsoft.AspNetCore.Server.Kestrel|DEBUG|Connection id "0HL61TA0QAUL4" completed keep alive response. 
2017-07-03 16:37:10.2784|Microsoft.AspNetCore.Hosting.Internal.WebHost|DEBUG|Hosting starting 
2017-07-03 16:37:10.5016|Microsoft.AspNetCore.Hosting.Internal.WebHost|DEBUG|Hosting started 
2017-07-03 16:37:10.5968|Microsoft.AspNetCore.Server.Kestrel|DEBUG|Connection id "0HL61TQP6LNK6" started. 
2017-07-03 16:37:10.5968|Microsoft.AspNetCore.Server.Kestrel|DEBUG|Connection id "0HL61TQP6LNK5" started. 
2017-07-03 16:37:10.7187|Microsoft.AspNetCore.Hosting.Internal.WebHost|INFO|Request starting HTTP/1.1 DEBUG http://localhost:38570/  0 
2017-07-03 16:37:10.7187|Microsoft.AspNetCore.Hosting.Internal.WebHost|INFO|Request starting HTTP/1.1 GET http://localhost:38570/swagger/   
2017-07-03 16:37:10.8321|Microsoft.AspNetCore.Hosting.Internal.WebHost|INFO|Request finished in 134.1822ms 200  
2017-07-03 16:37:10.8901|Microsoft.AspNetCore.Server.Kestrel|DEBUG|Connection id "0HL61TQP6LNK6" completed keep alive response. 
2017-07-03 16:37:11.1383|Microsoft.AspNetCore.Builder.RouterMiddleware|DEBUG|Request did not match any routes. 
2017-07-03 16:37:11.2196|Microsoft.AspNetCore.StaticFiles.StaticFileMiddleware|INFO|Sending file. Request path: '/index.html'. Physical path: 'N/A' 
2017-07-03 16:37:11.2686|Microsoft.AspNetCore.Server.Kestrel|DEBUG|Connection id "0HL61TQP6LNK7" started. 
2017-07-03 16:37:11.2686|Microsoft.AspNetCore.Server.Kestrel|DEBUG|Connection id "0HL61TQP6LNK8" started. 
2017-07-03 16:37:11.2686|Microsoft.AspNetCore.Hosting.Internal.WebHost|INFO|Request starting HTTP/1.1 GET http://localhost:38570/swagger/lib/jquery.slideto.min.js   
2017-07-03 16:37:11.2686|Microsoft.AspNetCore.Server.Kestrel|DEBUG|Connection id "0HL61TQP6LNK9" started. 
2017-07-03 16:37:11.2686|Microsoft.AspNetCore.Server.Kestrel|DEBUG|Connection id "0HL61TQP6LNKA" started. 
2017-07-03 16:37:11.2826|Microsoft.AspNetCore.Hosting.Internal.WebHost|INFO|Request starting HTTP/1.1 GET http://localhost:38570/swagger/css/reset.css   
2017-07-03 16:37:11.3041|Microsoft.AspNetCore.Hosting.Internal.WebHost|INFO|Request starting HTTP/1.1 GET http://localhost:38570/swagger/lib/jquery-1.8.0.min.js   
2017-07-03 16:37:11.3041|Microsoft.AspNetCore.Builder.RouterMiddleware|DEBUG|Request did not match any routes. 
2017-07-03 16:37:11.3106|Microsoft.AspNetCore.Builder.RouterMiddleware|DEBUG|Request did not match any routes. 
2017-07-03 16:37:11.3106|Microsoft.AspNetCore.Builder.RouterMiddleware|DEBUG|Request did not match any routes. 
2017-07-03 16:37:11.3106|Microsoft.AspNetCore.StaticFiles.StaticFileMiddleware|INFO|The file /lib/jquery-1.8.0.min.js was not modified 
2017-07-03 16:37:11.3106|Microsoft.AspNetCore.StaticFiles.StaticFileMiddleware|INFO|The file /lib/jquery.slideto.min.js was not modified 
2017-07-03 16:37:11.3106|Microsoft.AspNetCore.StaticFiles.StaticFileMiddleware|INFO|The file /css/reset.css was not modified 
2017-07-03 16:37:11.3339|Microsoft.AspNetCore.StaticFiles.StaticFileMiddleware|DEBUG|Handled. Status code: 304 File: /lib/jquery-1.8.0.min.js 
2017-07-03 16:37:11.3339|Microsoft.AspNetCore.StaticFiles.StaticFileMiddleware|DEBUG|Handled. Status code: 304 File: /lib/jquery.slideto.min.js 
2017-07-03 16:37:11.3339|Microsoft.AspNetCore.StaticFiles.StaticFileMiddleware|DEBUG|Handled. Status code: 304 File: /css/reset.css 
2017-07-03 16:37:11.5424|Microsoft.AspNetCore.Hosting.Internal.WebHost|INFO|Request finished in 267.5711ms 304 application/javascript 
2017-07-03 16:37:11.5424|Microsoft.AspNetCore.Hosting.Internal.WebHost|INFO|Request finished in 853.8993ms 200 text/html 
2017-07-03 16:37:11.5424|Microsoft.AspNetCore.Server.Kestrel|DEBUG|Connection id "0HL61TQP6LNK7" completed keep alive response. 
2017-07-03 16:37:11.5424|Microsoft.AspNetCore.Hosting.Internal.WebHost|INFO|Request finished in 260.5336ms 304 text/css 
2017-07-03 16:37:11.5424|Microsoft.AspNetCore.Hosting.Internal.WebHost|INFO|Request starting HTTP/1.1 GET http://localhost:38570/swagger/lib/object-assign-pollyfill.js   
2017-07-03 16:37:11.5424|Microsoft.AspNetCore.Server.Kestrel|DEBUG|Connection id "0HL61TQP6LNK5" completed keep alive response. 
2017-07-03 16:37:11.5634|Microsoft.AspNetCore.Hosting.Internal.WebHost|INFO|Request starting HTTP/1.1 GET http://localhost:38570/swagger/css/screen.css   
2017-07-03 16:37:11.5834|Microsoft.AspNetCore.Builder.RouterMiddleware|DEBUG|Request did not match any routes. 
2017-07-03 16:37:11.5944|Microsoft.AspNetCore.Builder.RouterMiddleware|DEBUG|Request did not match any routes. 
2017-07-03 16:37:11.5944|Microsoft.AspNetCore.StaticFiles.StaticFileMiddleware|INFO|The file /css/screen.css was not modified 
2017-07-03 16:37:11.5944|Microsoft.AspNetCore.StaticFiles.StaticFileMiddleware|INFO|The file /lib/object-assign-pollyfill.js was not modified 
2017-07-03 16:37:11.6099|Microsoft.AspNetCore.StaticFiles.StaticFileMiddleware|DEBUG|Handled. Status code: 304 File: /css/screen.css 
2017-07-03 16:37:11.5634|Microsoft.AspNetCore.Server.Kestrel|DEBUG|Connection id "0HL61TQP6LNK6" completed keep alive response. 
2017-07-03 16:37:11.6099|Microsoft.AspNetCore.Hosting.Internal.WebHost|INFO|Request starting HTTP/1.1 GET http://localhost:38570/swagger/lib/jquery.ba-bbq.min.js   
2017-07-03 16:37:11.5424|Microsoft.AspNetCore.Hosting.Internal.WebHost|INFO|Request finished in 236.9385ms 304 application/javascript 
2017-07-03 16:37:11.6605|Microsoft.AspNetCore.Builder.RouterMiddleware|DEBUG|Request did not match any routes. 
2017-07-03 16:37:11.6725|Microsoft.AspNetCore.StaticFiles.StaticFileMiddleware|INFO|The file /lib/jquery.ba-bbq.min.js was not modified 
2017-07-03 16:37:11.6395|Microsoft.AspNetCore.Hosting.Internal.WebHost|INFO|Request finished in 70.6963ms 304 text/css 
2017-07-03 16:37:11.6099|Microsoft.AspNetCore.StaticFiles.StaticFileMiddleware|DEBUG|Handled. Status code: 304 File: /lib/object-assign-pollyfill.js 
2017-07-03 16:37:11.6725|Microsoft.AspNetCore.Server.Kestrel|DEBUG|Connection id "0HL61TQP6LNK5" completed keep alive response. 
2017-07-03 16:37:11.6875|Microsoft.AspNetCore.Hosting.Internal.WebHost|INFO|Request finished in 132.8251ms 304 application/javascript 
2017-07-03 16:37:11.6605|Microsoft.AspNetCore.Server.Kestrel|DEBUG|Connection id "0HL61TQP6LNK8" completed keep alive response. 
2017-07-03 16:37:11.6725|Microsoft.AspNetCore.StaticFiles.StaticFileMiddleware|DEBUG|Handled. Status code: 304 File: /lib/jquery.ba-bbq.min.js 
2017-07-03 16:37:11.6875|Microsoft.AspNetCore.Hosting.Internal.WebHost|INFO|Request starting HTTP/1.1 GET http://localhost:38570/swagger/lib/lodash.min.js   
2017-07-03 16:37:11.7100|Microsoft.AspNetCore.Server.Kestrel|DEBUG|Connection id "0HL61TQP6LNK9" completed keep alive response. 
2017-07-03 16:37:11.7185|Microsoft.AspNetCore.Hosting.Internal.WebHost|INFO|Request starting HTTP/1.1 GET http://localhost:38570/swagger/lib/backbone-min.js   
2017-07-03 16:37:11.7185|Microsoft.AspNetCore.Hosting.Internal.WebHost|INFO|Request finished in 104.7125ms 304 application/javascript 
2017-07-03 16:37:11.7185|Microsoft.AspNetCore.Builder.RouterMiddleware|DEBUG|Request did not match any routes. 
2017-07-03 16:37:11.7295|Microsoft.AspNetCore.Server.Kestrel|DEBUG|Connection id "0HL61TQP6LNK6" completed keep alive response. 
2017-07-03 16:37:11.7295|Microsoft.AspNetCore.Hosting.Internal.WebHost|INFO|Request starting HTTP/1.1 GET http://localhost:38570/swagger/swagger-ui.min.js   
2017-07-03 16:37:11.7295|Microsoft.AspNetCore.Builder.RouterMiddleware|DEBUG|Request did not match any routes. 
2017-07-03 16:37:11.7100|Microsoft.AspNetCore.Hosting.Internal.WebHost|INFO|Request starting HTTP/1.1 GET http://localhost:38570/swagger/lib/handlebars-4.0.5.js   
2017-07-03 16:37:11.7295|Microsoft.AspNetCore.StaticFiles.StaticFileMiddleware|INFO|The file /lib/lodash.min.js was not modified 
2017-07-03 16:37:11.7295|Microsoft.AspNetCore.Builder.RouterMiddleware|DEBUG|Request did not match any routes. 
2017-07-03 16:37:11.7465|Microsoft.AspNetCore.StaticFiles.StaticFileMiddleware|DEBUG|Handled. Status code: 304 File: /lib/lodash.min.js 
2017-07-03 16:37:11.7465|Microsoft.AspNetCore.Builder.RouterMiddleware|DEBUG|Request did not match any routes. 
2017-07-03 16:37:11.7465|Microsoft.AspNetCore.StaticFiles.StaticFileMiddleware|INFO|The file /lib/backbone-min.js was not modified 
2017-07-03 16:37:11.7465|Microsoft.AspNetCore.StaticFiles.StaticFileMiddleware|INFO|The file /swagger-ui.min.js was not modified 
2017-07-03 16:37:11.7465|Microsoft.AspNetCore.Hosting.Internal.WebHost|INFO|Request finished in 67.3336ms 304 application/javascript 
2017-07-03 16:37:11.7465|Microsoft.AspNetCore.StaticFiles.StaticFileMiddleware|INFO|The file /lib/handlebars-4.0.5.js was not modified 
2017-07-03 16:37:11.7606|Microsoft.AspNetCore.Server.Kestrel|DEBUG|Connection id "0HL61TQP6LNK5" completed keep alive response. 
2017-07-03 16:37:11.7606|Microsoft.AspNetCore.StaticFiles.StaticFileMiddleware|DEBUG|Handled. Status code: 304 File: /lib/handlebars-4.0.5.js 
2017-07-03 16:37:11.7606|Microsoft.AspNetCore.StaticFiles.StaticFileMiddleware|DEBUG|Handled. Status code: 304 File: /swagger-ui.min.js 
2017-07-03 16:37:11.7606|Microsoft.AspNetCore.StaticFiles.StaticFileMiddleware|DEBUG|Handled. Status code: 304 File: /lib/backbone-min.js 
2017-07-03 16:37:11.7606|Microsoft.AspNetCore.Hosting.Internal.WebHost|INFO|Request finished in 66.002ms 304 application/javascript 
2017-07-03 16:37:11.7796|Microsoft.AspNetCore.Hosting.Internal.WebHost|INFO|Request finished in 39.7106ms 304 application/javascript 
2017-07-03 16:37:11.8051|Microsoft.AspNetCore.Hosting.Internal.WebHost|INFO|Request finished in 86.0983ms 304 application/javascript 
2017-07-03 16:37:11.7606|Microsoft.AspNetCore.Hosting.Internal.WebHost|INFO|Request starting HTTP/1.1 GET http://localhost:38570/swagger/lib/highlight.9.1.0.pack.js   
2017-07-03 16:37:11.8111|Microsoft.AspNetCore.Server.Kestrel|DEBUG|Connection id "0HL61TQP6LNK6" completed keep alive response. 
2017-07-03 16:37:11.8111|Microsoft.AspNetCore.Hosting.Internal.WebHost|INFO|Request starting HTTP/1.1 GET http://localhost:38570/swagger/css/typography.css   
2017-07-03 16:37:11.8111|Microsoft.AspNetCore.Builder.RouterMiddleware|DEBUG|Request did not match any routes. 
2017-07-03 16:37:11.8111|Microsoft.AspNetCore.StaticFiles.StaticFileMiddleware|INFO|The file /lib/highlight.9.1.0.pack.js was not modified 
2017-07-03 16:37:11.8276|Microsoft.AspNetCore.Builder.RouterMiddleware|DEBUG|Request did not match any routes. 
2017-07-03 16:37:11.8276|Microsoft.AspNetCore.StaticFiles.StaticFileMiddleware|INFO|The file /css/typography.css was not modified 
2017-07-03 16:37:11.8276|Microsoft.AspNetCore.Server.Kestrel|DEBUG|Connection id "0HL61TQP6LNK8" completed keep alive response. 
2017-07-03 16:37:11.8706|Microsoft.AspNetCore.Hosting.Internal.WebHost|INFO|Request starting HTTP/1.1 GET http://localhost:38570/swagger/lib/jsoneditor.min.js   
2017-07-03 16:37:11.8406|Microsoft.AspNetCore.StaticFiles.StaticFileMiddleware|DEBUG|Handled. Status code: 304 File: /css/typography.css 
2017-07-03 16:37:11.8706|Microsoft.AspNetCore.Builder.RouterMiddleware|DEBUG|Request did not match any routes. 
2017-07-03 16:37:11.8706|Microsoft.AspNetCore.StaticFiles.StaticFileMiddleware|INFO|The file /lib/jsoneditor.min.js was not modified 
2017-07-03 16:37:11.8706|Microsoft.AspNetCore.Hosting.Internal.WebHost|INFO|Request finished in 61.5148ms 304 text/css 
2017-07-03 16:37:11.8636|Microsoft.AspNetCore.Server.Kestrel|DEBUG|Connection id "0HL61TQP6LNK9" completed keep alive response. 
2017-07-03 16:37:11.8706|Microsoft.AspNetCore.Hosting.Internal.WebHost|INFO|Request starting HTTP/1.1 GET http://localhost:38570/swagger/lib/marked.js   
2017-07-03 16:37:11.8706|Microsoft.AspNetCore.StaticFiles.StaticFileMiddleware|DEBUG|Handled. Status code: 304 File: /lib/highlight.9.1.0.pack.js 
2017-07-03 16:37:11.8927|Microsoft.AspNetCore.Builder.RouterMiddleware|DEBUG|Request did not match any routes. 
2017-07-03 16:37:11.8927|Microsoft.AspNetCore.StaticFiles.StaticFileMiddleware|INFO|The file /lib/marked.js was not modified 
2017-07-03 16:37:11.8706|Microsoft.AspNetCore.StaticFiles.StaticFileMiddleware|DEBUG|Handled. Status code: 304 File: /lib/jsoneditor.min.js 
2017-07-03 16:37:11.8927|Microsoft.AspNetCore.Hosting.Internal.WebHost|INFO|Request finished in 128.4608ms 304 application/javascript 
2017-07-03 16:37:11.9052|Microsoft.AspNetCore.StaticFiles.StaticFileMiddleware|DEBUG|Handled. Status code: 304 File: /lib/marked.js 
2017-07-03 16:37:11.8706|Microsoft.AspNetCore.Server.Kestrel|DEBUG|Connection id "0HL61TQP6LNKA" completed keep alive response. 
2017-07-03 16:37:11.9052|Microsoft.AspNetCore.Server.Kestrel|DEBUG|Connection id "0HL61TQP6LNK5" completed keep alive response. 
2017-07-03 16:37:11.9357|Microsoft.AspNetCore.Hosting.Internal.WebHost|INFO|Request finished in 52.763ms 304 application/javascript 
2017-07-03 16:37:11.9357|Microsoft.AspNetCore.Hosting.Internal.WebHost|INFO|Request starting HTTP/1.1 GET http://localhost:38570/swagger/lib/jquery.wiggle.min.js   
2017-07-03 16:37:11.9357|Microsoft.AspNetCore.Server.Kestrel|DEBUG|Connection id "0HL61TQP6LNK9" completed keep alive response. 
2017-07-03 16:37:11.9527|Microsoft.AspNetCore.Hosting.Internal.WebHost|INFO|Request starting HTTP/1.1 GET http://localhost:38570/swagger/lib/highlight.9.1.0.pack_extended.js   
2017-07-03 16:37:11.9527|Microsoft.AspNetCore.Builder.RouterMiddleware|DEBUG|Request did not match any routes. 
2017-07-03 16:37:11.9052|Microsoft.AspNetCore.Hosting.Internal.WebHost|INFO|Request starting HTTP/1.1 GET http://localhost:38570/swagger/lib/swagger-oauth.js   
2017-07-03 16:37:11.9052|Microsoft.AspNetCore.Hosting.Internal.WebHost|INFO|Request finished in 37.4761ms 304 application/javascript 
2017-07-03 16:37:11.9667|Microsoft.AspNetCore.StaticFiles.StaticFileMiddleware|INFO|The file /lib/jquery.wiggle.min.js was not modified 
2017-07-03 16:37:11.9667|Microsoft.AspNetCore.Builder.RouterMiddleware|DEBUG|Request did not match any routes. 
2017-07-03 16:37:11.9837|Microsoft.AspNetCore.StaticFiles.StaticFileMiddleware|INFO|The file /lib/highlight.9.1.0.pack_extended.js was not modified 
2017-07-03 16:37:11.9837|Microsoft.AspNetCore.StaticFiles.StaticFileMiddleware|DEBUG|Handled. Status code: 304 File: /lib/jquery.wiggle.min.js 
2017-07-03 16:37:11.9837|Microsoft.AspNetCore.StaticFiles.StaticFileMiddleware|DEBUG|Handled. Status code: 304 File: /lib/highlight.9.1.0.pack_extended.js 
2017-07-03 16:37:11.9667|Microsoft.AspNetCore.Builder.RouterMiddleware|DEBUG|Request did not match any routes. 
2017-07-03 16:37:11.9837|Microsoft.AspNetCore.StaticFiles.StaticFileMiddleware|INFO|The file /lib/swagger-oauth.js was not modified 
2017-07-03 16:37:11.9667|Microsoft.AspNetCore.Server.Kestrel|DEBUG|Connection id "0HL61TQP6LNK8" completed keep alive response. 
2017-07-03 16:37:11.9837|Microsoft.AspNetCore.Hosting.Internal.WebHost|INFO|Request finished in 54.3846ms 304 application/javascript 
2017-07-03 16:37:12.0213|Microsoft.AspNetCore.StaticFiles.StaticFileMiddleware|DEBUG|Handled. Status code: 304 File: /lib/swagger-oauth.js 
2017-07-03 16:37:12.0213|Microsoft.AspNetCore.Server.Kestrel|DEBUG|Connection id "0HL61TQP6LNK7" completed keep alive response. 
2017-07-03 16:37:11.9977|Microsoft.AspNetCore.Hosting.Internal.WebHost|INFO|Request finished in 44.487ms 304 application/javascript 
2017-07-03 16:37:12.0333|Microsoft.AspNetCore.Hosting.Internal.WebHost|INFO|Request finished in 117.4414ms 304 application/javascript 
2017-07-03 16:37:12.0443|Microsoft.AspNetCore.Server.Kestrel|DEBUG|Connection id "0HL61TQP6LNK6" completed keep alive response. 
2017-07-03 16:37:12.0583|Microsoft.AspNetCore.Hosting.Internal.WebHost|INFO|Request starting HTTP/1.1 GET http://localhost:38570/swagger/images/logo_small.png   
2017-07-03 16:37:12.0583|Microsoft.AspNetCore.Server.Kestrel|DEBUG|Connection id "0HL61TQP6LNKA" completed keep alive response. 
2017-07-03 16:37:12.0763|Microsoft.AspNetCore.Builder.RouterMiddleware|DEBUG|Request did not match any routes. 
2017-07-03 16:37:12.0763|Microsoft.AspNetCore.StaticFiles.StaticFileMiddleware|INFO|The file /images/logo_small.png was not modified 
2017-07-03 16:37:12.0913|Microsoft.AspNetCore.StaticFiles.StaticFileMiddleware|DEBUG|Handled. Status code: 304 File: /images/logo_small.png 
2017-07-03 16:37:12.0913|Microsoft.AspNetCore.Hosting.Internal.WebHost|INFO|Request finished in 38.6644ms 304 image/png 
2017-07-03 16:37:12.0913|Microsoft.AspNetCore.Server.Kestrel|DEBUG|Connection id "0HL61TQP6LNK5" completed keep alive response. 
2017-07-03 16:37:12.1083|Microsoft.AspNetCore.Hosting.Internal.WebHost|INFO|Request starting HTTP/1.1 GET http://localhost:38570/swagger/css/print.css   
2017-07-03 16:37:12.1083|Microsoft.AspNetCore.Builder.RouterMiddleware|DEBUG|Request did not match any routes. 
2017-07-03 16:37:12.1083|Microsoft.AspNetCore.StaticFiles.StaticFileMiddleware|INFO|The file /css/print.css was not modified 
2017-07-03 16:37:12.1083|Microsoft.AspNetCore.StaticFiles.StaticFileMiddleware|DEBUG|Handled. Status code: 304 File: /css/print.css 
2017-07-03 16:37:12.1249|Microsoft.AspNetCore.Hosting.Internal.WebHost|INFO|Request finished in 16.9594ms 304 text/css 
2017-07-03 16:37:12.1249|Microsoft.AspNetCore.Server.Kestrel|DEBUG|Connection id "0HL61TQP6LNK9" completed keep alive response. 
2017-07-03 16:37:12.3281|Microsoft.AspNetCore.Hosting.Internal.WebHost|INFO|Request starting HTTP/1.1 GET http://localhost:38570/swagger/v1/swagger.json   
2017-07-03 16:37:12.3391|Microsoft.AspNetCore.Builder.RouterMiddleware|DEBUG|Request did not match any routes. 
2017-07-03 16:37:12.3751|Microsoft.AspNetCore.Hosting.Internal.WebHost|INFO|Request starting HTTP/1.1 GET http://localhost:38570/swagger/images/favicon-16x16.png   
2017-07-03 16:37:12.4116|Microsoft.AspNetCore.Builder.RouterMiddleware|DEBUG|Request did not match any routes. 
2017-07-03 16:37:12.4116|Microsoft.AspNetCore.StaticFiles.StaticFileMiddleware|INFO|The file /images/favicon-16x16.png was not modified 
2017-07-03 16:37:12.4311|Microsoft.AspNetCore.StaticFiles.StaticFileMiddleware|DEBUG|Handled. Status code: 304 File: /images/favicon-16x16.png 
2017-07-03 16:37:12.4557|Microsoft.AspNetCore.Hosting.Internal.WebHost|INFO|Request finished in 80.4529ms 304 image/png 
2017-07-03 16:37:12.4732|Microsoft.AspNetCore.Server.Kestrel|DEBUG|Connection id "0HL61TQP6LNK7" completed keep alive response. 
2017-07-03 16:37:12.9920|Microsoft.AspNetCore.Hosting.Internal.WebHost|INFO|Request finished in 663.3609ms 200 application/json 
2017-07-03 16:37:12.9972|Microsoft.AspNetCore.Server.Kestrel|DEBUG|Connection id "0HL61TQP6LNK8" completed keep alive response. 
2017-07-03 16:37:17.8547|Microsoft.AspNetCore.Hosting.Internal.WebHost|INFO|Request starting HTTP/1.1 GET http://localhost:38570/swagger/images/throbber.gif   
2017-07-03 16:37:17.8807|Microsoft.AspNetCore.Builder.RouterMiddleware|DEBUG|Request did not match any routes. 
2017-07-03 16:37:17.8807|Microsoft.AspNetCore.StaticFiles.StaticFileMiddleware|INFO|The file /images/throbber.gif was not modified 
2017-07-03 16:37:17.9142|Microsoft.AspNetCore.StaticFiles.StaticFileMiddleware|DEBUG|Handled. Status code: 304 File: /images/throbber.gif 
2017-07-03 16:37:17.9282|Microsoft.AspNetCore.Hosting.Internal.WebHost|INFO|Request finished in 72.8262ms 304 image/gif 
2017-07-03 16:37:17.9402|Microsoft.AspNetCore.Server.Kestrel|DEBUG|Connection id "0HL61TQP6LNK6" completed keep alive response. 
2017-07-03 16:37:17.9763|Microsoft.AspNetCore.Hosting.Internal.WebHost|INFO|Request starting HTTP/1.1 GET http://localhost:38570/swagger/images/favicon-16x16.png   
2017-07-03 16:37:18.0138|Microsoft.AspNetCore.Builder.RouterMiddleware|DEBUG|Request did not match any routes. 
2017-07-03 16:37:18.0138|Microsoft.AspNetCore.StaticFiles.StaticFileMiddleware|INFO|The file /images/favicon-16x16.png was not modified 
2017-07-03 16:37:18.0443|Microsoft.AspNetCore.StaticFiles.StaticFileMiddleware|DEBUG|Handled. Status code: 304 File: /images/favicon-16x16.png 
2017-07-03 16:37:18.0824|Microsoft.AspNetCore.Hosting.Internal.WebHost|INFO|Request finished in 106.3645ms 304 image/png 
2017-07-03 16:37:18.1169|Microsoft.AspNetCore.Server.Kestrel|DEBUG|Connection id "0HL61TQP6LNKA" completed keep alive response. 
2017-07-03 16:37:19.7777|Microsoft.AspNetCore.Hosting.Internal.WebHost|INFO|Request starting HTTP/1.1 GET http://localhost:38570/swagger/images/favicon-16x16.png   
2017-07-03 16:37:19.7777|Microsoft.AspNetCore.Builder.RouterMiddleware|DEBUG|Request did not match any routes. 
2017-07-03 16:37:19.7777|Microsoft.AspNetCore.StaticFiles.StaticFileMiddleware|INFO|The file /images/favicon-16x16.png was not modified 
2017-07-03 16:37:19.7922|Microsoft.AspNetCore.StaticFiles.StaticFileMiddleware|DEBUG|Handled. Status code: 304 File: /images/favicon-16x16.png 
2017-07-03 16:37:19.7922|Microsoft.AspNetCore.Hosting.Internal.WebHost|INFO|Request finished in 20.4331ms 304 image/png 
2017-07-03 16:37:19.7922|Microsoft.AspNetCore.Server.Kestrel|DEBUG|Connection id "0HL61TQP6LNK5" completed keep alive response. 
2017-07-03 16:37:22.6358|Microsoft.AspNetCore.Hosting.Internal.WebHost|INFO|Request starting HTTP/1.1 GET http://localhost:38570/api/Object/Information   
2017-07-03 16:37:22.6358|Microsoft.AspNetCore.Routing.Tree.TreeRouter|DEBUG|Request successfully matched the route with name '' and template 'api/Object/Information'. 
2017-07-03 16:37:22.7344|Microsoft.AspNetCore.Mvc.Internal.ControllerActionInvoker|DEBUG|Executing action CTP.API.Controllers.ObjectController.Information (CTP.API) 
2017-07-03 16:37:22.8262|Microsoft.AspNetCore.Mvc.Internal.ControllerActionInvoker|INFO|Executing action method CTP.API.Controllers.ObjectController.Information (CTP.API) with arguments () - ModelState is Valid 
2017-07-03 16:37:22.8742|Microsoft.AspNetCore.Mvc.Internal.ControllerActionInvoker|DEBUG|Executed action method CTP.API.Controllers.ObjectController.Information (CTP.API), returned result Microsoft.AspNetCore.Mvc.ObjectResult. 
2017-07-03 16:37:22.9188|Microsoft.AspNetCore.Mvc.Internal.ObjectResultExecutor|DEBUG|Selected output formatter 'Microsoft.AspNetCore.Mvc.Formatters.StringOutputFormatter' and content type 'text/plain' to write the response. 
2017-07-03 16:37:22.9188|Microsoft.AspNetCore.Mvc.Internal.ObjectResultExecutor|INFO|Executing ObjectResult, writing value Microsoft.AspNetCore.Mvc.ControllerContext. 
2017-07-03 16:37:22.9468|Microsoft.AspNetCore.Mvc.Internal.ControllerActionInvoker|INFO|Executed action CTP.API.Controllers.ObjectController.Information (CTP.API) in 209.8051ms 
2017-07-03 16:37:22.9528|Microsoft.AspNetCore.Hosting.Internal.WebHost|INFO|Request finished in 317.3139ms 200 text/plain; charset=utf-8 
2017-07-03 16:37:22.9528|Microsoft.AspNetCore.Server.Kestrel|DEBUG|Connection id "0HL61TQP6LNK9" completed keep alive response. 
2017-07-03 16:37:31.1865|Microsoft.AspNetCore.Hosting.Internal.WebHost|INFO|Request starting HTTP/1.1 GET http://localhost:38570/api/Object/GetManuscript   
2017-07-03 16:37:31.1865|Microsoft.AspNetCore.Routing.Tree.TreeRouter|DEBUG|Request successfully matched the route with name '' and template 'api/Object/GetManuscript'. 
2017-07-03 16:37:31.1865|Microsoft.AspNetCore.Mvc.Internal.ControllerActionInvoker|DEBUG|Executing action CTP.API.Controllers.ObjectController.GetManuscript (CTP.API) 
2017-07-03 16:37:31.2730|Microsoft.AspNetCore.Mvc.Internal.ControllerActionInvoker|INFO|Executing action method CTP.API.Controllers.ObjectController.GetManuscript (CTP.API) with arguments (0, 0, 0) - ModelState is Valid 
2017-07-03 16:37:31.2991|Microsoft.AspNetCore.Mvc.Internal.ControllerActionInvoker|DEBUG|Executed action method CTP.API.Controllers.ObjectController.GetManuscript (CTP.API), returned result Microsoft.AspNetCore.Mvc.ObjectResult. 
2017-07-03 16:37:31.2991|Microsoft.AspNetCore.Mvc.Internal.ObjectResultExecutor|DEBUG|Selected output formatter 'Microsoft.AspNetCore.Mvc.Formatters.StringOutputFormatter' and content type 'text/plain' to write the response. 
2017-07-03 16:37:31.2991|Microsoft.AspNetCore.Mvc.Internal.ObjectResultExecutor|INFO|Executing ObjectResult, writing value Microsoft.AspNetCore.Mvc.ControllerContext. 
2017-07-03 16:37:31.2991|Microsoft.AspNetCore.Mvc.Internal.ControllerActionInvoker|INFO|Executed action CTP.API.Controllers.ObjectController.GetManuscript (CTP.API) in 108.4899ms 
2017-07-03 16:37:31.3111|Microsoft.AspNetCore.Hosting.Internal.WebHost|INFO|Request finished in 124.4587ms 200 text/plain; charset=utf-8 
2017-07-03 16:37:31.3111|Microsoft.AspNetCore.Server.Kestrel|DEBUG|Connection id "0HL61TQP6LNK7" completed keep alive response. 
