2017-06-09 14:46:27.1937|BaseController|ERROR|  System.NullReferenceException: Object reference not set to an instance of an object.
   at CTP.Redis.Agent.FactoryAgent..ctor(RequsetBase request, String method) in F:\NetCore\CTP.API\src\CTP.Redis\Agent\FactoryAgent.cs:line 21
   at CTP.API.Controllers.UserCenterController.<>c__DisplayClass0_0.<GetRegisterUser>b__0() in F:\NetCore\CTP.API\src\CTP.API\Controllers\UserCenterController.cs:line 29
   at CTP.API.Controllers.BaseController.<>c__DisplayClass3_0`1.<ListInvork>b__0() in F:\NetCore\CTP.API\src\CTP.API\Controllers\BaseController.cs:line 60
   at CTP.API.Controllers.BaseController.ExceptionHook(Func`1 _fun) in F:\NetCore\CTP.API\src\CTP.API\Controllers\BaseController.cs:line 89 Object reference not set to an instance of an object.
2017-06-09 14:48:44.8938|BaseController|ERROR|  System.NullReferenceException: Object reference not set to an instance of an object.
   at CTP.Redis.Agent.FactoryAgent..ctor(RequsetBase request, String method) in F:\NetCore\CTP.API\src\CTP.Redis\Agent\FactoryAgent.cs:line 21
   at CTP.API.Controllers.UserCenterController.<>c__DisplayClass0_0.<GetRegisterUser>b__0() in F:\NetCore\CTP.API\src\CTP.API\Controllers\UserCenterController.cs:line 29
   at CTP.API.Controllers.BaseController.<>c__DisplayClass3_0`1.<ListInvork>b__0() in F:\NetCore\CTP.API\src\CTP.API\Controllers\BaseController.cs:line 60
   at CTP.API.Controllers.BaseController.ExceptionHook(Func`1 _fun) in F:\NetCore\CTP.API\src\CTP.API\Controllers\BaseController.cs:line 89 Object reference not set to an instance of an object.
2017-06-09 14:49:12.7510|BaseController|ERROR|  System.NullReferenceException: Object reference not set to an instance of an object.
   at CTP.Redis.Agent.FactoryAgent..ctor(RequsetBase request, String method) in F:\NetCore\CTP.API\src\CTP.Redis\Agent\FactoryAgent.cs:line 21
   at CTP.API.Controllers.UserCenterController.<>c__DisplayClass0_0.<GetRegisterUser>b__0() in F:\NetCore\CTP.API\src\CTP.API\Controllers\UserCenterController.cs:line 29
   at CTP.API.Controllers.BaseController.<>c__DisplayClass3_0`1.<ListInvork>b__0() in F:\NetCore\CTP.API\src\CTP.API\Controllers\BaseController.cs:line 60
   at CTP.API.Controllers.BaseController.ExceptionHook(Func`1 _fun) in F:\NetCore\CTP.API\src\CTP.API\Controllers\BaseController.cs:line 89 Object reference not set to an instance of an object.
2017-06-09 14:49:27.9997|BaseController|ERROR|  System.NullReferenceException: Object reference not set to an instance of an object.
   at CTP.Redis.Agent.FactoryAgent..ctor(RequsetBase request, String method) in F:\NetCore\CTP.API\src\CTP.Redis\Agent\FactoryAgent.cs:line 21
   at CTP.API.Controllers.UserCenterController.<>c__DisplayClass0_0.<GetRegisterUser>b__0() in F:\NetCore\CTP.API\src\CTP.API\Controllers\UserCenterController.cs:line 29
   at CTP.API.Controllers.BaseController.<>c__DisplayClass3_0`1.<ListInvork>b__0() in F:\NetCore\CTP.API\src\CTP.API\Controllers\BaseController.cs:line 60
   at CTP.API.Controllers.BaseController.ExceptionHook(Func`1 _fun) in F:\NetCore\CTP.API\src\CTP.API\Controllers\BaseController.cs:line 89 Object reference not set to an instance of an object.
2017-06-09 14:49:43.9532|BaseController|ERROR|  System.NullReferenceException: Object reference not set to an instance of an object.
   at CTP.Redis.Agent.FactoryAgent..ctor(RequsetBase request, String method) in F:\NetCore\CTP.API\src\CTP.Redis\Agent\FactoryAgent.cs:line 21
   at CTP.API.Controllers.UserCenterController.<>c__DisplayClass0_0.<GetRegisterUser>b__0() in F:\NetCore\CTP.API\src\CTP.API\Controllers\UserCenterController.cs:line 29
   at CTP.API.Controllers.BaseController.<>c__DisplayClass3_0`1.<ListInvork>b__0() in F:\NetCore\CTP.API\src\CTP.API\Controllers\BaseController.cs:line 60
   at CTP.API.Controllers.BaseController.ExceptionHook(Func`1 _fun) in F:\NetCore\CTP.API\src\CTP.API\Controllers\BaseController.cs:line 89 Object reference not set to an instance of an object.
2017-06-09 14:50:08.1188|BaseController|ERROR|  System.NullReferenceException: Object reference not set to an instance of an object.
   at CTP.Redis.Agent.FactoryAgent..ctor(RequsetBase request, String method) in F:\NetCore\CTP.API\src\CTP.Redis\Agent\FactoryAgent.cs:line 21
   at CTP.API.Controllers.UserCenterController.<>c__DisplayClass0_0.<GetRegisterUser>b__0() in F:\NetCore\CTP.API\src\CTP.API\Controllers\UserCenterController.cs:line 29
   at CTP.API.Controllers.BaseController.<>c__DisplayClass3_0`1.<ListInvork>b__0() in F:\NetCore\CTP.API\src\CTP.API\Controllers\BaseController.cs:line 60
   at CTP.API.Controllers.BaseController.ExceptionHook(Func`1 _fun) in F:\NetCore\CTP.API\src\CTP.API\Controllers\BaseController.cs:line 89 Object reference not set to an instance of an object.
2017-06-09 14:50:24.4982|BaseController|ERROR|  System.NullReferenceException: Object reference not set to an instance of an object.
   at CTP.Redis.Agent.FactoryAgent..ctor(RequsetBase request, String method) in F:\NetCore\CTP.API\src\CTP.Redis\Agent\FactoryAgent.cs:line 21
   at CTP.API.Controllers.UserCenterController.<>c__DisplayClass0_0.<GetRegisterUser>b__0() in F:\NetCore\CTP.API\src\CTP.API\Controllers\UserCenterController.cs:line 29
   at CTP.API.Controllers.BaseController.<>c__DisplayClass3_0`1.<ListInvork>b__0() in F:\NetCore\CTP.API\src\CTP.API\Controllers\BaseController.cs:line 60
   at CTP.API.Controllers.BaseController.ExceptionHook(Func`1 _fun) in F:\NetCore\CTP.API\src\CTP.API\Controllers\BaseController.cs:line 89 Object reference not set to an instance of an object.
2017-06-09 14:51:19.8567|BaseController|ERROR|  System.NullReferenceException: Object reference not set to an instance of an object.
   at CTP.Redis.Agent.FactoryAgent..ctor(RequsetBase request, String method) in F:\NetCore\CTP.API\src\CTP.Redis\Agent\FactoryAgent.cs:line 21
   at CTP.API.Controllers.UserCenterController.<>c__DisplayClass0_0.<GetRegisterUser>b__0() in F:\NetCore\CTP.API\src\CTP.API\Controllers\UserCenterController.cs:line 29
   at CTP.API.Controllers.BaseController.<>c__DisplayClass3_0`1.<ListInvork>b__0() in F:\NetCore\CTP.API\src\CTP.API\Controllers\BaseController.cs:line 60
   at CTP.API.Controllers.BaseController.ExceptionHook(Func`1 _fun) in F:\NetCore\CTP.API\src\CTP.API\Controllers\BaseController.cs:line 89 Object reference not set to an instance of an object.
2017-06-09 14:53:13.5913|FactoryAgent|INFO|  AgentException has been thrown by the target of an invocation. 
2017-06-09 14:53:13.6273|BaseController|ERROR|  System.InvalidCastException: Unable to cast object of type 'CTP.Redis.ErrorData' to type 'CTP.Redis.RList`1[System.String]'.
   at CTP.API.Controllers.UserCenterController.<>c__DisplayClass0_0.<GetRegisterUser>b__0() in F:\NetCore\CTP.API\src\CTP.API\Controllers\UserCenterController.cs:line 31
   at CTP.API.Controllers.BaseController.<>c__DisplayClass3_0`1.<ListInvork>b__0() in F:\NetCore\CTP.API\src\CTP.API\Controllers\BaseController.cs:line 60
   at CTP.API.Controllers.BaseController.ExceptionHook(Func`1 _fun) in F:\NetCore\CTP.API\src\CTP.API\Controllers\BaseController.cs:line 89 Unable to cast object of type 'CTP.Redis.ErrorData' to type 'CTP.Redis.RList`1[System.String]'.
2017-06-09 17:31:51.0777|FactoryAgent|INFO|  AgentObject reference not set to an instance of an object. 
2017-06-09 17:31:53.9284|BaseController|ERROR|  CTP.Redis.Config.ProcessException: {"code":"003","Occurrencetime":"2017-06-09 17:31:51","sucess":false}
   at CTP.API.Controllers.UserCenterController.<>c__DisplayClass1_0.<RegisterUserAddOrUpdate>b__0() in F:\NetCore\CTP.API\src\CTP.API\Controllers\UserCenterController.cs:line 71
   at CTP.API.Controllers.BaseController.<>c__DisplayClass1_0`1.<TextInvork>b__0() in F:\NetCore\CTP.API\src\CTP.API\Controllers\BaseController.cs:line 31
   at CTP.API.Controllers.BaseController.ExceptionHook(Func`1 _fun) in F:\NetCore\CTP.API\src\CTP.API\Controllers\BaseController.cs:line 89 {"code":"003","Occurrencetime":"2017-06-09 17:31:51","sucess":false}
