2017-06-29 13:47:21.7047|Microsoft.AspNetCore.Hosting.Internal.WebHost|DEBUG|Hosting starting 
2017-06-29 13:47:22.0698|Microsoft.AspNetCore.Server.Kestrel|WARN|Unable to bind to http://localhost:38570 on the IPv4 loopback interface. One or more errors occurred. (Error -4092 EACCES permission denied)
2017-06-29 13:47:23.3120|Microsoft.AspNetCore.Server.Kestrel|WARN|Unable to bind to http://localhost:38570 on the IPv6 loopback interface. One or more errors occurred. (Error -4092 EACCES permission denied)
2017-06-29 13:47:23.3270|Microsoft.AspNetCore.Server.Kestrel|ERROR|Unable to bind to http://localhost:38570 on any loopback interface. One or more errors occurred. (Error -4092 EACCES permission denied) (Error -4092 EACCES permission denied)
2017-06-29 13:47:27.5823|Microsoft.AspNetCore.Hosting.Internal.WebHost|DEBUG|Hosting shutdown 
2017-06-29 14:18:10.9152|Microsoft.AspNetCore.Hosting.Internal.WebHost|DEBUG|Hosting starting 
2017-06-29 14:18:11.0832|Microsoft.AspNetCore.Hosting.Internal.WebHost|DEBUG|Hosting started 
2017-06-29 14:18:11.2156|Microsoft.AspNetCore.Server.Kestrel|DEBUG|Connection id "0HL5UMQF1NP3D" started. 
2017-06-29 14:18:11.2156|Microsoft.AspNetCore.Server.Kestrel|DEBUG|Connection id "0HL5UMQF1NP3C" started. 
2017-06-29 14:18:11.4179|Microsoft.AspNetCore.Hosting.Internal.WebHost|INFO|Request starting HTTP/1.1 GET http://localhost:38570/swagger   
2017-06-29 14:18:11.4179|Microsoft.AspNetCore.Hosting.Internal.WebHost|INFO|Request starting HTTP/1.1 DEBUG http://localhost:38570/  0 
2017-06-29 14:18:11.5771|Microsoft.AspNetCore.Hosting.Internal.WebHost|INFO|Request finished in 185.5167ms 200  
2017-06-29 14:18:11.6412|Microsoft.AspNetCore.Server.Kestrel|DEBUG|Connection id "0HL5UMQF1NP3D" completed keep alive response. 
2017-06-29 14:18:12.0416|Microsoft.AspNetCore.Builder.RouterMiddleware|DEBUG|Request did not match any routes. 
2017-06-29 14:18:12.6753|Microsoft.AspNetCore.Hosting.Internal.WebHost|INFO|Request finished in 1292.8837ms 301  
2017-06-29 14:18:12.6753|Microsoft.AspNetCore.Server.Kestrel|DEBUG|Connection id "0HL5UMQF1NP3C" completed keep alive response. 
2017-06-29 14:18:12.6893|Microsoft.AspNetCore.Hosting.Internal.WebHost|INFO|Request starting HTTP/1.1 GET http://localhost:38570/swagger/   
2017-06-29 14:18:12.6893|Microsoft.AspNetCore.Builder.RouterMiddleware|DEBUG|Request did not match any routes. 
2017-06-29 14:18:12.7273|Microsoft.AspNetCore.StaticFiles.StaticFileMiddleware|INFO|Sending file. Request path: '/index.html'. Physical path: 'N/A' 
2017-06-29 14:18:12.7573|Microsoft.AspNetCore.Hosting.Internal.WebHost|INFO|Request finished in 68.7755ms 200 text/html 
2017-06-29 14:18:12.7683|Microsoft.AspNetCore.Server.Kestrel|DEBUG|Connection id "0HL5UMQF1NP3D" completed keep alive response. 
2017-06-29 14:18:12.7683|Microsoft.AspNetCore.Hosting.Internal.WebHost|INFO|Request starting HTTP/1.1 GET http://localhost:38570/swagger/css/typography.css   
2017-06-29 14:18:12.7803|Microsoft.AspNetCore.Server.Kestrel|DEBUG|Connection id "0HL5UMQF1NP3E" started. 
2017-06-29 14:18:12.7803|Microsoft.AspNetCore.Hosting.Internal.WebHost|INFO|Request starting HTTP/1.1 GET http://localhost:38570/swagger/lib/jquery-1.8.0.min.js   
2017-06-29 14:18:12.7803|Microsoft.AspNetCore.Server.Kestrel|DEBUG|Connection id "0HL5UMQF1NP3G" started. 
2017-06-29 14:18:12.7803|Microsoft.AspNetCore.Server.Kestrel|DEBUG|Connection id "0HL5UMQF1NP3F" started. 
2017-06-29 14:18:12.7803|Microsoft.AspNetCore.Builder.RouterMiddleware|DEBUG|Request did not match any routes. 
2017-06-29 14:18:12.7803|Microsoft.AspNetCore.Builder.RouterMiddleware|DEBUG|Request did not match any routes. 
2017-06-29 14:18:12.7803|Microsoft.AspNetCore.Server.Kestrel|DEBUG|Connection id "0HL5UMQF1NP3H" started. 
2017-06-29 14:18:12.7803|Microsoft.AspNetCore.Hosting.Internal.WebHost|INFO|Request starting HTTP/1.1 GET http://localhost:38570/swagger/css/reset.css   
2017-06-29 14:18:12.7803|Microsoft.AspNetCore.Hosting.Internal.WebHost|INFO|Request starting HTTP/1.1 GET http://localhost:38570/swagger/lib/jquery.slideto.min.js   
2017-06-29 14:18:12.7944|Microsoft.AspNetCore.StaticFiles.StaticFileMiddleware|INFO|Sending file. Request path: '/css/typography.css'. Physical path: 'N/A' 
2017-06-29 14:18:12.7944|Microsoft.AspNetCore.Builder.RouterMiddleware|DEBUG|Request did not match any routes. 
2017-06-29 14:18:12.8144|Microsoft.AspNetCore.StaticFiles.StaticFileMiddleware|INFO|Sending file. Request path: '/css/reset.css'. Physical path: 'N/A' 
2017-06-29 14:18:12.8144|Microsoft.AspNetCore.Builder.RouterMiddleware|DEBUG|Request did not match any routes. 
2017-06-29 14:18:12.7944|Microsoft.AspNetCore.StaticFiles.StaticFileMiddleware|INFO|Sending file. Request path: '/lib/jquery-1.8.0.min.js'. Physical path: 'N/A' 
2017-06-29 14:18:12.8144|Microsoft.AspNetCore.StaticFiles.StaticFileMiddleware|INFO|Sending file. Request path: '/lib/jquery.slideto.min.js'. Physical path: 'N/A' 
2017-06-29 14:18:12.8434|Microsoft.AspNetCore.Hosting.Internal.WebHost|INFO|Request finished in 71.4292ms 200 text/css 
2017-06-29 14:18:12.8434|Microsoft.AspNetCore.Hosting.Internal.WebHost|INFO|Request finished in 56.3834ms 200 text/css 
2017-06-29 14:18:12.8774|Microsoft.AspNetCore.Hosting.Internal.WebHost|INFO|Request finished in 86.8502ms 200 application/javascript 
2017-06-29 14:18:12.8774|Microsoft.AspNetCore.Server.Kestrel|DEBUG|Connection id "0HL5UMQF1NP3C" completed keep alive response. 
2017-06-29 14:18:12.8914|Microsoft.AspNetCore.Hosting.Internal.WebHost|INFO|Request starting HTTP/1.1 GET http://localhost:38570/swagger/css/screen.css   
2017-06-29 14:18:12.8914|Microsoft.AspNetCore.Server.Kestrel|DEBUG|Connection id "0HL5UMQF1NP3D" completed keep alive response. 
2017-06-29 14:18:12.8914|Microsoft.AspNetCore.Hosting.Internal.WebHost|INFO|Request starting HTTP/1.1 GET http://localhost:38570/swagger/lib/jquery.wiggle.min.js   
2017-06-29 14:18:12.9054|Microsoft.AspNetCore.Server.Kestrel|DEBUG|Connection id "0HL5UMQF1NP3G" completed keep alive response. 
2017-06-29 14:18:12.9054|Microsoft.AspNetCore.Hosting.Internal.WebHost|INFO|Request starting HTTP/1.1 GET http://localhost:38570/swagger/lib/jquery.ba-bbq.min.js   
2017-06-29 14:18:12.8914|Microsoft.AspNetCore.Builder.RouterMiddleware|DEBUG|Request did not match any routes. 
2017-06-29 14:18:12.9054|Microsoft.AspNetCore.Hosting.Internal.WebHost|INFO|Request starting HTTP/1.1 GET http://localhost:38570/swagger/lib/object-assign-pollyfill.js   
2017-06-29 14:18:12.9054|Microsoft.AspNetCore.Builder.RouterMiddleware|DEBUG|Request did not match any routes. 
2017-06-29 14:18:12.9054|Microsoft.AspNetCore.StaticFiles.StaticFileMiddleware|INFO|Sending file. Request path: '/css/screen.css'. Physical path: 'N/A' 
2017-06-29 14:18:12.9204|Microsoft.AspNetCore.StaticFiles.StaticFileMiddleware|INFO|Sending file. Request path: '/lib/jquery.ba-bbq.min.js'. Physical path: 'N/A' 
2017-06-29 14:18:12.9054|Microsoft.AspNetCore.Builder.RouterMiddleware|DEBUG|Request did not match any routes. 
2017-06-29 14:18:12.9204|Microsoft.AspNetCore.StaticFiles.StaticFileMiddleware|INFO|Sending file. Request path: '/lib/jquery.wiggle.min.js'. Physical path: 'N/A' 
2017-06-29 14:18:12.9204|Microsoft.AspNetCore.Hosting.Internal.WebHost|INFO|Request finished in 38.2098ms 200 text/css 
2017-06-29 14:18:12.9445|Microsoft.AspNetCore.Hosting.Internal.WebHost|INFO|Request finished in 42.8136ms 200 application/javascript 
2017-06-29 14:18:12.9525|Microsoft.AspNetCore.Hosting.Internal.WebHost|INFO|Request finished in 45.0504ms 200 application/javascript 
2017-06-29 14:18:12.9204|Microsoft.AspNetCore.Builder.RouterMiddleware|DEBUG|Request did not match any routes. 
2017-06-29 14:18:12.9775|Microsoft.AspNetCore.StaticFiles.StaticFileMiddleware|INFO|Sending file. Request path: '/lib/object-assign-pollyfill.js'. Physical path: 'N/A' 
2017-06-29 14:18:12.9775|Microsoft.AspNetCore.Server.Kestrel|DEBUG|Connection id "0HL5UMQF1NP3F" completed keep alive response. 
2017-06-29 14:18:12.9865|Microsoft.AspNetCore.Hosting.Internal.WebHost|INFO|Request starting HTTP/1.1 GET http://localhost:38570/swagger/lib/lodash.min.js   
2017-06-29 14:18:12.9525|Microsoft.AspNetCore.Server.Kestrel|DEBUG|Connection id "0HL5UMQF1NP3D" completed keep alive response. 
2017-06-29 14:18:12.9995|Microsoft.AspNetCore.Hosting.Internal.WebHost|INFO|Request starting HTTP/1.1 GET http://localhost:38570/swagger/swagger-ui.min.js   
2017-06-29 14:18:12.9995|Microsoft.AspNetCore.Builder.RouterMiddleware|DEBUG|Request did not match any routes. 
2017-06-29 14:18:12.9995|Microsoft.AspNetCore.StaticFiles.StaticFileMiddleware|INFO|Sending file. Request path: '/lib/lodash.min.js'. Physical path: 'N/A' 
2017-06-29 14:18:12.9995|Microsoft.AspNetCore.Builder.RouterMiddleware|DEBUG|Request did not match any routes. 
2017-06-29 14:18:12.9995|Microsoft.AspNetCore.StaticFiles.StaticFileMiddleware|INFO|Sending file. Request path: '/swagger-ui.min.js'. Physical path: 'N/A' 
2017-06-29 14:18:12.9865|Microsoft.AspNetCore.Hosting.Internal.WebHost|INFO|Request finished in 77.5688ms 200 application/javascript 
2017-06-29 14:18:13.0175|Microsoft.AspNetCore.Server.Kestrel|DEBUG|Connection id "0HL5UMQF1NP3G" completed keep alive response. 
2017-06-29 14:18:13.0175|Microsoft.AspNetCore.Hosting.Internal.WebHost|INFO|Request starting HTTP/1.1 GET http://localhost:38570/swagger/lib/backbone-min.js   
2017-06-29 14:18:13.0175|Microsoft.AspNetCore.Server.Kestrel|DEBUG|Connection id "0HL5UMQF1NP3H" completed keep alive response. 
2017-06-29 14:18:13.0485|Microsoft.AspNetCore.Hosting.Internal.WebHost|INFO|Request starting HTTP/1.1 GET http://localhost:38570/swagger/lib/highlight.9.1.0.pack.js   
2017-06-29 14:18:13.0635|Microsoft.AspNetCore.Hosting.Internal.WebHost|INFO|Request starting HTTP/1.1 GET http://localhost:38570/swagger/lib/handlebars-4.0.5.js   
2017-06-29 14:18:13.0335|Microsoft.AspNetCore.Hosting.Internal.WebHost|INFO|Request finished in 47.5555ms 200 application/javascript 
2017-06-29 14:18:13.0635|Microsoft.AspNetCore.Builder.RouterMiddleware|DEBUG|Request did not match any routes. 
2017-06-29 14:18:13.0776|Microsoft.AspNetCore.StaticFiles.StaticFileMiddleware|INFO|Sending file. Request path: '/lib/backbone-min.js'. Physical path: 'N/A' 
2017-06-29 14:18:13.0335|Microsoft.AspNetCore.Hosting.Internal.WebHost|INFO|Request finished in 252.8712ms 200 application/javascript 
2017-06-29 14:18:13.0776|Microsoft.AspNetCore.Builder.RouterMiddleware|DEBUG|Request did not match any routes. 
2017-06-29 14:18:13.0776|Microsoft.AspNetCore.StaticFiles.StaticFileMiddleware|INFO|Sending file. Request path: '/lib/handlebars-4.0.5.js'. Physical path: 'N/A' 
2017-06-29 14:18:13.0936|Microsoft.AspNetCore.Server.Kestrel|DEBUG|Connection id "0HL5UMQF1NP3E" completed keep alive response. 
2017-06-29 14:18:13.0936|Microsoft.AspNetCore.Hosting.Internal.WebHost|INFO|Request starting HTTP/1.1 GET http://localhost:38570/swagger/lib/jsoneditor.min.js   
2017-06-29 14:18:13.0635|Microsoft.AspNetCore.Builder.RouterMiddleware|DEBUG|Request did not match any routes. 
2017-06-29 14:18:13.1466|Microsoft.AspNetCore.StaticFiles.StaticFileMiddleware|INFO|Sending file. Request path: '/lib/highlight.9.1.0.pack.js'. Physical path: 'N/A' 
2017-06-29 14:18:13.1206|Microsoft.AspNetCore.Hosting.Internal.WebHost|INFO|Request finished in 93.1183ms 200 application/javascript 
2017-06-29 14:18:13.1466|Microsoft.AspNetCore.Server.Kestrel|DEBUG|Connection id "0HL5UMQF1NP3F" completed keep alive response. 
2017-06-29 14:18:13.1706|Microsoft.AspNetCore.Hosting.Internal.WebHost|INFO|Request starting HTTP/1.1 GET http://localhost:38570/swagger/lib/highlight.9.1.0.pack_extended.js   
2017-06-29 14:18:13.1646|Microsoft.AspNetCore.Hosting.Internal.WebHost|INFO|Request finished in 101.2247ms 200 application/javascript 
2017-06-29 14:18:13.1706|Microsoft.AspNetCore.Builder.RouterMiddleware|DEBUG|Request did not match any routes. 
2017-06-29 14:18:13.1706|Microsoft.AspNetCore.Builder.RouterMiddleware|DEBUG|Request did not match any routes. 
2017-06-29 14:18:13.1856|Microsoft.AspNetCore.Server.Kestrel|DEBUG|Connection id "0HL5UMQF1NP3C" completed keep alive response. 
2017-06-29 14:18:13.1856|Microsoft.AspNetCore.StaticFiles.StaticFileMiddleware|INFO|Sending file. Request path: '/lib/highlight.9.1.0.pack_extended.js'. Physical path: 'N/A' 
2017-06-29 14:18:13.1856|Microsoft.AspNetCore.Hosting.Internal.WebHost|INFO|Request starting HTTP/1.1 GET http://localhost:38570/swagger/lib/swagger-oauth.js   
2017-06-29 14:18:13.1856|Microsoft.AspNetCore.Hosting.Internal.WebHost|INFO|Request finished in 141.5257ms 200 application/javascript 
2017-06-29 14:18:13.2187|Microsoft.AspNetCore.Server.Kestrel|DEBUG|Connection id "0HL5UMQF1NP3G" completed keep alive response. 
2017-06-29 14:18:13.2187|Microsoft.AspNetCore.Hosting.Internal.WebHost|INFO|Request starting HTTP/1.1 GET http://localhost:38570/swagger/lib/marked.js   
2017-06-29 14:18:13.1856|Microsoft.AspNetCore.StaticFiles.StaticFileMiddleware|INFO|Sending file. Request path: '/lib/jsoneditor.min.js'. Physical path: 'N/A' 
2017-06-29 14:18:13.2187|Microsoft.AspNetCore.Server.Kestrel|DEBUG|Connection id "0HL5UMQF1NP3H" completed keep alive response. 
2017-06-29 14:18:13.2387|Microsoft.AspNetCore.Builder.RouterMiddleware|DEBUG|Request did not match any routes. 
2017-06-29 14:18:13.2637|Microsoft.AspNetCore.Builder.RouterMiddleware|DEBUG|Request did not match any routes. 
2017-06-29 14:18:13.2637|Microsoft.AspNetCore.StaticFiles.StaticFileMiddleware|INFO|Sending file. Request path: '/lib/marked.js'. Physical path: 'N/A' 
2017-06-29 14:18:13.2387|Microsoft.AspNetCore.Hosting.Internal.WebHost|INFO|Request finished in 68.2676ms 200 application/javascript 
2017-06-29 14:18:13.2637|Microsoft.AspNetCore.StaticFiles.StaticFileMiddleware|INFO|Sending file. Request path: '/lib/swagger-oauth.js'. Physical path: 'N/A' 
2017-06-29 14:18:13.2987|Microsoft.AspNetCore.Hosting.Internal.WebHost|INFO|Request finished in 199.6285ms 200 application/javascript 
2017-06-29 14:18:13.2987|Microsoft.AspNetCore.Server.Kestrel|DEBUG|Connection id "0HL5UMQF1NP3F" completed keep alive response. 
2017-06-29 14:18:13.3277|Microsoft.AspNetCore.Hosting.Internal.WebHost|INFO|Request finished in 138.9605ms 200 application/javascript 
2017-06-29 14:18:13.3768|Microsoft.AspNetCore.Hosting.Internal.WebHost|INFO|Request finished in 377.3098ms 200 application/javascript 
2017-06-29 14:18:13.3968|Microsoft.AspNetCore.Server.Kestrel|DEBUG|Connection id "0HL5UMQF1NP3D" completed keep alive response. 
2017-06-29 14:18:13.3968|Microsoft.AspNetCore.Server.Kestrel|DEBUG|Connection id "0HL5UMQF1NP3C" completed keep alive response. 
2017-06-29 14:18:13.3968|Microsoft.AspNetCore.Hosting.Internal.WebHost|INFO|Request starting HTTP/1.1 GET http://localhost:38570/swagger/images/logo_small.png   
2017-06-29 14:18:13.4068|Microsoft.AspNetCore.Hosting.Internal.WebHost|INFO|Request finished in 176.274ms 200 application/javascript 
2017-06-29 14:18:13.4068|Microsoft.AspNetCore.Builder.RouterMiddleware|DEBUG|Request did not match any routes. 
2017-06-29 14:18:13.4228|Microsoft.AspNetCore.Server.Kestrel|DEBUG|Connection id "0HL5UMQF1NP3G" completed keep alive response. 
2017-06-29 14:18:13.4228|Microsoft.AspNetCore.Server.Kestrel|DEBUG|Connection id "0HL5UMQF1NP3E" completed keep alive response. 
2017-06-29 14:18:13.4228|Microsoft.AspNetCore.StaticFiles.StaticFileMiddleware|INFO|Sending file. Request path: '/images/logo_small.png'. Physical path: 'N/A' 
2017-06-29 14:18:13.4588|Microsoft.AspNetCore.Hosting.Internal.WebHost|INFO|Request finished in 56.1956ms 200 image/png 
2017-06-29 14:18:13.4588|Microsoft.AspNetCore.Server.Kestrel|DEBUG|Connection id "0HL5UMQF1NP3H" completed keep alive response. 
2017-06-29 14:18:13.4868|Microsoft.AspNetCore.Hosting.Internal.WebHost|INFO|Request starting HTTP/1.1 GET http://localhost:38570/swagger/css/print.css   
2017-06-29 14:18:13.4868|Microsoft.AspNetCore.Builder.RouterMiddleware|DEBUG|Request did not match any routes. 
2017-06-29 14:18:13.4868|Microsoft.AspNetCore.StaticFiles.StaticFileMiddleware|INFO|Sending file. Request path: '/css/print.css'. Physical path: 'N/A' 
2017-06-29 14:18:13.4979|Microsoft.AspNetCore.Hosting.Internal.WebHost|INFO|Request finished in 10.7248ms 200 text/css 
2017-06-29 14:18:13.4979|Microsoft.AspNetCore.Server.Kestrel|DEBUG|Connection id "0HL5UMQF1NP3F" completed keep alive response. 
2017-06-29 14:18:13.6189|Microsoft.AspNetCore.Hosting.Internal.WebHost|INFO|Request starting HTTP/1.1 GET http://localhost:38570/swagger/v1/swagger.json   
2017-06-29 14:18:13.6450|Microsoft.AspNetCore.Hosting.Internal.WebHost|INFO|Request starting HTTP/1.1 GET http://localhost:38570/swagger/images/favicon-16x16.png   
2017-06-29 14:18:13.6450|Microsoft.AspNetCore.Builder.RouterMiddleware|DEBUG|Request did not match any routes. 
2017-06-29 14:18:13.6660|Microsoft.AspNetCore.Builder.RouterMiddleware|DEBUG|Request did not match any routes. 
2017-06-29 14:18:13.6720|Microsoft.AspNetCore.StaticFiles.StaticFileMiddleware|INFO|Sending file. Request path: '/images/favicon-16x16.png'. Physical path: 'N/A' 
2017-06-29 14:18:13.7060|Microsoft.AspNetCore.Hosting.Internal.WebHost|INFO|Request finished in 60.7762ms 200 image/png 
2017-06-29 14:18:13.7060|Microsoft.AspNetCore.Hosting.Internal.WebHost|INFO|Request starting HTTP/1.1 GET http://localhost:38570/swagger/images/favicon-32x32.png   
2017-06-29 14:18:13.7210|Microsoft.AspNetCore.Server.Kestrel|DEBUG|Connection id "0HL5UMQF1NP3C" completed keep alive response. 
2017-06-29 14:18:13.7210|Microsoft.AspNetCore.Builder.RouterMiddleware|DEBUG|Request did not match any routes. 
2017-06-29 14:18:13.7500|Microsoft.AspNetCore.StaticFiles.StaticFileMiddleware|INFO|Sending file. Request path: '/images/favicon-32x32.png'. Physical path: 'N/A' 
2017-06-29 14:18:13.7841|Microsoft.AspNetCore.Hosting.Internal.WebHost|INFO|Request finished in 78.6617ms 200 image/png 
2017-06-29 14:18:13.8081|Microsoft.AspNetCore.Server.Kestrel|DEBUG|Connection id "0HL5UMQF1NP3D" completed keep alive response. 
2017-06-29 14:18:14.9545|Microsoft.AspNetCore.Hosting.Internal.WebHost|INFO|Request finished in 1335.692ms 200 application/json 
2017-06-29 14:18:14.9545|Microsoft.AspNetCore.Server.Kestrel|DEBUG|Connection id "0HL5UMQF1NP3E" completed keep alive response. 
2017-06-29 14:20:01.1701|Microsoft.AspNetCore.Server.Kestrel|DEBUG|Connection id "0HL5UMQF1NP3H" received FIN. 
2017-06-29 14:20:01.1701|Microsoft.AspNetCore.Server.Kestrel|DEBUG|Connection id "0HL5UMQF1NP3F" received FIN. 
2017-06-29 14:20:01.1701|Microsoft.AspNetCore.Server.Kestrel|DEBUG|Connection id "0HL5UMQF1NP3D" received FIN. 
2017-06-29 14:20:01.1701|Microsoft.AspNetCore.Server.Kestrel|DEBUG|Connection id "0HL5UMQF1NP3G" received FIN. 
2017-06-29 14:20:01.2211|Microsoft.AspNetCore.Server.Kestrel|DEBUG|Connection id "0HL5UMQF1NP3C" received FIN. 
2017-06-29 14:20:01.2211|Microsoft.AspNetCore.Server.Kestrel|DEBUG|Connection id "0HL5UMQF1NP3E" received FIN. 
2017-06-29 14:20:01.2211|Microsoft.AspNetCore.Server.Kestrel|DEBUG|Connection id "0HL5UMQF1NP3D" disconnecting. 
2017-06-29 14:20:01.2211|Microsoft.AspNetCore.Server.Kestrel|DEBUG|Connection id "0HL5UMQF1NP3F" disconnecting. 
2017-06-29 14:20:01.2371|Microsoft.AspNetCore.Server.Kestrel|DEBUG|Connection id "0HL5UMQF1NP3E" disconnecting. 
2017-06-29 14:20:01.2211|Microsoft.AspNetCore.Server.Kestrel|DEBUG|Connection id "0HL5UMQF1NP3G" disconnecting. 
2017-06-29 14:20:01.2211|Microsoft.AspNetCore.Server.Kestrel|DEBUG|Connection id "0HL5UMQF1NP3H" disconnecting. 
2017-06-29 14:20:01.2371|Microsoft.AspNetCore.Server.Kestrel|DEBUG|Connection id "0HL5UMQF1NP3C" disconnecting. 
2017-06-29 14:20:01.2371|Microsoft.AspNetCore.Server.Kestrel|DEBUG|Connection id "0HL5UMQF1NP3D" sending FIN. 
2017-06-29 14:20:01.2371|Microsoft.AspNetCore.Server.Kestrel|DEBUG|Connection id "0HL5UMQF1NP3E" sending FIN. 
2017-06-29 14:20:01.2481|Microsoft.AspNetCore.Server.Kestrel|DEBUG|Connection id "0HL5UMQF1NP3G" sending FIN. 
2017-06-29 14:20:01.2481|Microsoft.AspNetCore.Server.Kestrel|DEBUG|Connection id "0HL5UMQF1NP3C" sending FIN. 
2017-06-29 14:20:01.2481|Microsoft.AspNetCore.Server.Kestrel|DEBUG|Connection id "0HL5UMQF1NP3F" sending FIN. 
2017-06-29 14:20:01.2481|Microsoft.AspNetCore.Server.Kestrel|DEBUG|Connection id "0HL5UMQF1NP3H" sending FIN. 
2017-06-29 14:20:01.2481|Microsoft.AspNetCore.Server.Kestrel|DEBUG|Connection id "0HL5UMQF1NP3C" sent FIN with status "0". 
2017-06-29 14:20:01.2481|Microsoft.AspNetCore.Server.Kestrel|DEBUG|Connection id "0HL5UMQF1NP3H" sent FIN with status "0". 
2017-06-29 14:20:01.2481|Microsoft.AspNetCore.Server.Kestrel|DEBUG|Connection id "0HL5UMQF1NP3C" stopped. 
2017-06-29 14:20:01.2481|Microsoft.AspNetCore.Server.Kestrel|DEBUG|Connection id "0HL5UMQF1NP3G" sent FIN with status "0". 
2017-06-29 14:20:01.2481|Microsoft.AspNetCore.Server.Kestrel|DEBUG|Connection id "0HL5UMQF1NP3G" stopped. 
2017-06-29 14:20:01.2481|Microsoft.AspNetCore.Server.Kestrel|DEBUG|Connection id "0HL5UMQF1NP3E" sent FIN with status "0". 
2017-06-29 14:20:01.2481|Microsoft.AspNetCore.Server.Kestrel|DEBUG|Connection id "0HL5UMQF1NP3E" stopped. 
2017-06-29 14:20:01.2481|Microsoft.AspNetCore.Server.Kestrel|DEBUG|Connection id "0HL5UMQF1NP3H" stopped. 
2017-06-29 14:20:01.2481|Microsoft.AspNetCore.Server.Kestrel|DEBUG|Connection id "0HL5UMQF1NP3F" sent FIN with status "0". 
2017-06-29 14:20:01.2481|Microsoft.AspNetCore.Server.Kestrel|DEBUG|Connection id "0HL5UMQF1NP3F" stopped. 
2017-06-29 14:20:01.2632|Microsoft.AspNetCore.Server.Kestrel|DEBUG|Connection id "0HL5UMQF1NP3D" sent FIN with status "0". 
2017-06-29 14:20:01.2632|Microsoft.AspNetCore.Server.Kestrel|DEBUG|Connection id "0HL5UMQF1NP3D" stopped. 
2017-06-29 15:45:26.2204|Microsoft.AspNetCore.Hosting.Internal.WebHost|DEBUG|Hosting starting 
2017-06-29 15:45:26.3962|Microsoft.AspNetCore.Hosting.Internal.WebHost|DEBUG|Hosting started 
2017-06-29 15:45:26.4263|Microsoft.AspNetCore.Server.Kestrel|DEBUG|Connection id "0HL5UOB78I2GF" started. 
2017-06-29 15:45:26.4263|Microsoft.AspNetCore.Server.Kestrel|DEBUG|Connection id "0HL5UOB78I2GG" started. 
2017-06-29 15:45:26.5482|Microsoft.AspNetCore.Hosting.Internal.WebHost|INFO|Request starting HTTP/1.1 GET http://localhost:38570/swagger/   
2017-06-29 15:45:26.5482|Microsoft.AspNetCore.Hosting.Internal.WebHost|INFO|Request starting HTTP/1.1 DEBUG http://localhost:38570/  0 
2017-06-29 15:45:26.6535|Microsoft.AspNetCore.Hosting.Internal.WebHost|INFO|Request finished in 127.5386ms 200  
2017-06-29 15:45:26.7115|Microsoft.AspNetCore.Server.Kestrel|DEBUG|Connection id "0HL5UOB78I2GG" completed keep alive response. 
2017-06-29 15:45:26.9777|Microsoft.AspNetCore.Builder.RouterMiddleware|DEBUG|Request did not match any routes. 
2017-06-29 15:45:27.0297|Microsoft.AspNetCore.StaticFiles.StaticFileMiddleware|INFO|Sending file. Request path: '/index.html'. Physical path: 'N/A' 
2017-06-29 15:45:27.2589|Microsoft.AspNetCore.Hosting.Internal.WebHost|INFO|Request finished in 742.2409ms 200 text/html 
2017-06-29 15:45:27.2589|Microsoft.AspNetCore.Server.Kestrel|DEBUG|Connection id "0HL5UOB78I2GF" completed keep alive response. 
2017-06-29 15:48:49.9547|Microsoft.AspNetCore.Hosting.Internal.WebHost|DEBUG|Hosting starting 
2017-06-29 15:48:50.2529|Microsoft.AspNetCore.Hosting.Internal.WebHost|DEBUG|Hosting started 
2017-06-29 15:48:50.3019|Microsoft.AspNetCore.Server.Kestrel|DEBUG|Connection id "0HL5UOD40RVKN" started. 
2017-06-29 15:48:50.3019|Microsoft.AspNetCore.Server.Kestrel|DEBUG|Connection id "0HL5UOD40RVKO" started. 
2017-06-29 15:48:50.4420|Microsoft.AspNetCore.Hosting.Internal.WebHost|INFO|Request starting HTTP/1.1 GET http://localhost:38570/swagger/   
2017-06-29 15:48:50.4420|Microsoft.AspNetCore.Hosting.Internal.WebHost|INFO|Request starting HTTP/1.1 DEBUG http://localhost:38570/  0 
2017-06-29 15:48:50.5543|Microsoft.AspNetCore.Hosting.Internal.WebHost|INFO|Request finished in 141.3398ms 200  
2017-06-29 15:48:50.6206|Microsoft.AspNetCore.Server.Kestrel|DEBUG|Connection id "0HL5UOD40RVKN" completed keep alive response. 
2017-06-29 15:48:50.8748|Microsoft.AspNetCore.Builder.RouterMiddleware|DEBUG|Request did not match any routes. 
2017-06-29 15:48:50.9268|Microsoft.AspNetCore.StaticFiles.StaticFileMiddleware|INFO|Sending file. Request path: '/index.html'. Physical path: 'N/A' 
2017-06-29 15:48:50.9899|Microsoft.AspNetCore.Server.Kestrel|DEBUG|Connection id "0HL5UOD40RVKP" started. 
2017-06-29 15:48:50.9899|Microsoft.AspNetCore.Hosting.Internal.WebHost|INFO|Request starting HTTP/1.1 GET http://localhost:38570/swagger/css/screen.css   
2017-06-29 15:48:50.9899|Microsoft.AspNetCore.Server.Kestrel|DEBUG|Connection id "0HL5UOD40RVKQ" started. 
2017-06-29 15:48:51.0059|Microsoft.AspNetCore.Server.Kestrel|DEBUG|Connection id "0HL5UOD40RVKR" started. 
2017-06-29 15:48:51.0059|Microsoft.AspNetCore.Server.Kestrel|DEBUG|Connection id "0HL5UOD40RVKS" started. 
2017-06-29 15:48:51.0059|Microsoft.AspNetCore.Builder.RouterMiddleware|DEBUG|Request did not match any routes. 
2017-06-29 15:48:51.0059|Microsoft.AspNetCore.Hosting.Internal.WebHost|INFO|Request starting HTTP/1.1 GET http://localhost:38570/swagger/lib/object-assign-pollyfill.js   
2017-06-29 15:48:51.0259|Microsoft.AspNetCore.StaticFiles.StaticFileMiddleware|INFO|The file /css/screen.css was not modified 
2017-06-29 15:48:51.0299|Microsoft.AspNetCore.Builder.RouterMiddleware|DEBUG|Request did not match any routes. 
2017-06-29 15:48:51.0649|Microsoft.AspNetCore.StaticFiles.StaticFileMiddleware|INFO|The file /lib/object-assign-pollyfill.js was not modified 
2017-06-29 15:48:50.9899|Microsoft.AspNetCore.Hosting.Internal.WebHost|INFO|Request starting HTTP/1.1 GET http://localhost:38570/swagger/css/reset.css   
2017-06-29 15:48:51.1159|Microsoft.AspNetCore.Builder.RouterMiddleware|DEBUG|Request did not match any routes. 
2017-06-29 15:48:51.1159|Microsoft.AspNetCore.StaticFiles.StaticFileMiddleware|INFO|The file /css/reset.css was not modified 
2017-06-29 15:48:51.1360|Microsoft.AspNetCore.StaticFiles.StaticFileMiddleware|DEBUG|Handled. Status code: 304 File: /lib/object-assign-pollyfill.js 
2017-06-29 15:48:51.1360|Microsoft.AspNetCore.StaticFiles.StaticFileMiddleware|DEBUG|Handled. Status code: 304 File: /css/reset.css 
2017-06-29 15:48:51.1360|Microsoft.AspNetCore.StaticFiles.StaticFileMiddleware|DEBUG|Handled. Status code: 304 File: /css/screen.css 
2017-06-29 15:48:51.3941|Microsoft.AspNetCore.Hosting.Internal.WebHost|INFO|Request finished in 399.2213ms 304 text/css 
2017-06-29 15:48:51.3941|Microsoft.AspNetCore.Hosting.Internal.WebHost|INFO|Request finished in 384.7213ms 304 application/javascript 
2017-06-29 15:48:51.4061|Microsoft.AspNetCore.Server.Kestrel|DEBUG|Connection id "0HL5UOD40RVKP" completed keep alive response. 
2017-06-29 15:48:51.4292|Microsoft.AspNetCore.Hosting.Internal.WebHost|INFO|Request starting HTTP/1.1 GET http://localhost:38570/swagger/lib/jquery.wiggle.min.js   
2017-06-29 15:48:51.4292|Microsoft.AspNetCore.Server.Kestrel|DEBUG|Connection id "0HL5UOD40RVKQ" completed keep alive response. 
2017-06-29 15:48:51.3941|Microsoft.AspNetCore.Hosting.Internal.WebHost|INFO|Request finished in 991.1485ms 200 text/html 
2017-06-29 15:48:51.4552|Microsoft.AspNetCore.Hosting.Internal.WebHost|INFO|Request starting HTTP/1.1 GET http://localhost:38570/swagger/lib/jquery.slideto.min.js   
2017-06-29 15:48:51.3941|Microsoft.AspNetCore.Hosting.Internal.WebHost|INFO|Request finished in 401.8077ms 304 text/css 
2017-06-29 15:48:51.4552|Microsoft.AspNetCore.Builder.RouterMiddleware|DEBUG|Request did not match any routes. 
2017-06-29 15:48:51.4552|Microsoft.AspNetCore.StaticFiles.StaticFileMiddleware|INFO|The file /lib/jquery.slideto.min.js was not modified 
2017-06-29 15:48:51.4662|Microsoft.AspNetCore.Server.Kestrel|DEBUG|Connection id "0HL5UOD40RVKN" completed keep alive response. 
2017-06-29 15:48:51.4662|Microsoft.AspNetCore.Hosting.Internal.WebHost|INFO|Request starting HTTP/1.1 GET http://localhost:38570/swagger/lib/handlebars-4.0.5.js   
2017-06-29 15:48:51.4662|Microsoft.AspNetCore.StaticFiles.StaticFileMiddleware|DEBUG|Handled. Status code: 304 File: /lib/jquery.slideto.min.js 
2017-06-29 15:48:51.4892|Microsoft.AspNetCore.Server.Kestrel|DEBUG|Connection id "0HL5UOD40RVKO" completed keep alive response. 
2017-06-29 15:48:51.4892|Microsoft.AspNetCore.Hosting.Internal.WebHost|INFO|Request starting HTTP/1.1 GET http://localhost:38570/swagger/lib/jquery-1.8.0.min.js   
2017-06-29 15:48:51.4892|Microsoft.AspNetCore.Builder.RouterMiddleware|DEBUG|Request did not match any routes. 
2017-06-29 15:48:51.4892|Microsoft.AspNetCore.StaticFiles.StaticFileMiddleware|INFO|The file /lib/handlebars-4.0.5.js was not modified 
2017-06-29 15:48:51.4972|Microsoft.AspNetCore.Builder.RouterMiddleware|DEBUG|Request did not match any routes. 
2017-06-29 15:48:51.4972|Microsoft.AspNetCore.StaticFiles.StaticFileMiddleware|INFO|The file /lib/jquery-1.8.0.min.js was not modified 
2017-06-29 15:48:51.4972|Microsoft.AspNetCore.Hosting.Internal.WebHost|INFO|Request finished in 51.3454ms 304 application/javascript 
2017-06-29 15:48:51.5142|Microsoft.AspNetCore.StaticFiles.StaticFileMiddleware|DEBUG|Handled. Status code: 304 File: /lib/handlebars-4.0.5.js 
2017-06-29 15:48:51.4552|Microsoft.AspNetCore.Builder.RouterMiddleware|DEBUG|Request did not match any routes. 
2017-06-29 15:48:51.5142|Microsoft.AspNetCore.StaticFiles.StaticFileMiddleware|INFO|The file /lib/jquery.wiggle.min.js was not modified 
2017-06-29 15:48:51.5282|Microsoft.AspNetCore.StaticFiles.StaticFileMiddleware|DEBUG|Handled. Status code: 304 File: /lib/jquery-1.8.0.min.js 
2017-06-29 15:48:51.5142|Microsoft.AspNetCore.Server.Kestrel|DEBUG|Connection id "0HL5UOD40RVKR" completed keep alive response. 
2017-06-29 15:48:51.5633|Microsoft.AspNetCore.Hosting.Internal.WebHost|INFO|Request starting HTTP/1.1 GET http://localhost:38570/swagger/lib/lodash.min.js   
2017-06-29 15:48:51.5633|Microsoft.AspNetCore.Hosting.Internal.WebHost|INFO|Request finished in 72.5616ms 304 application/javascript 
2017-06-29 15:48:51.5633|Microsoft.AspNetCore.Builder.RouterMiddleware|DEBUG|Request did not match any routes. 
2017-06-29 15:48:51.5282|Microsoft.AspNetCore.StaticFiles.StaticFileMiddleware|DEBUG|Handled. Status code: 304 File: /lib/jquery.wiggle.min.js 
2017-06-29 15:48:51.5593|Microsoft.AspNetCore.Hosting.Internal.WebHost|INFO|Request finished in 85.2521ms 304 application/javascript 
2017-06-29 15:48:51.5633|Microsoft.AspNetCore.StaticFiles.StaticFileMiddleware|INFO|The file /lib/lodash.min.js was not modified 
2017-06-29 15:48:51.5793|Microsoft.AspNetCore.Server.Kestrel|DEBUG|Connection id "0HL5UOD40RVKN" completed keep alive response. 
2017-06-29 15:48:51.5933|Microsoft.AspNetCore.Hosting.Internal.WebHost|INFO|Request starting HTTP/1.1 GET http://localhost:38570/swagger/swagger-ui.min.js   
2017-06-29 15:48:51.5633|Microsoft.AspNetCore.Server.Kestrel|DEBUG|Connection id "0HL5UOD40RVKO" completed keep alive response. 
2017-06-29 15:48:51.5793|Microsoft.AspNetCore.Hosting.Internal.WebHost|INFO|Request finished in 150.6881ms 304 application/javascript 
2017-06-29 15:48:51.5933|Microsoft.AspNetCore.Hosting.Internal.WebHost|INFO|Request starting HTTP/1.1 GET http://localhost:38570/swagger/lib/backbone-min.js   
2017-06-29 15:48:51.5933|Microsoft.AspNetCore.StaticFiles.StaticFileMiddleware|DEBUG|Handled. Status code: 304 File: /lib/lodash.min.js 
2017-06-29 15:48:51.6063|Microsoft.AspNetCore.Builder.RouterMiddleware|DEBUG|Request did not match any routes. 
2017-06-29 15:48:51.6063|Microsoft.AspNetCore.Server.Kestrel|DEBUG|Connection id "0HL5UOD40RVKP" completed keep alive response. 
2017-06-29 15:48:51.5933|Microsoft.AspNetCore.Builder.RouterMiddleware|DEBUG|Request did not match any routes. 
2017-06-29 15:48:51.6223|Microsoft.AspNetCore.StaticFiles.StaticFileMiddleware|INFO|The file /swagger-ui.min.js was not modified 
2017-06-29 15:48:51.6063|Microsoft.AspNetCore.StaticFiles.StaticFileMiddleware|INFO|The file /lib/backbone-min.js was not modified 
2017-06-29 15:48:51.6063|Microsoft.AspNetCore.Hosting.Internal.WebHost|INFO|Request finished in 56.0523ms 304 application/javascript 
2017-06-29 15:48:51.6223|Microsoft.AspNetCore.StaticFiles.StaticFileMiddleware|DEBUG|Handled. Status code: 304 File: /lib/backbone-min.js 
2017-06-29 15:48:51.6223|Microsoft.AspNetCore.StaticFiles.StaticFileMiddleware|DEBUG|Handled. Status code: 304 File: /swagger-ui.min.js 
2017-06-29 15:48:51.6383|Microsoft.AspNetCore.Hosting.Internal.WebHost|INFO|Request finished in 48.5788ms 304 application/javascript 
2017-06-29 15:48:51.6223|Microsoft.AspNetCore.Hosting.Internal.WebHost|INFO|Request starting HTTP/1.1 GET http://localhost:38570/swagger/lib/highlight.9.1.0.pack.js   
2017-06-29 15:48:51.6813|Microsoft.AspNetCore.Hosting.Internal.WebHost|INFO|Request finished in 87.5421ms 304 application/javascript 
2017-06-29 15:48:51.6873|Microsoft.AspNetCore.Server.Kestrel|DEBUG|Connection id "0HL5UOD40RVKO" completed keep alive response. 
2017-06-29 15:48:51.6873|Microsoft.AspNetCore.Builder.RouterMiddleware|DEBUG|Request did not match any routes. 
2017-06-29 15:48:51.6873|Microsoft.AspNetCore.StaticFiles.StaticFileMiddleware|INFO|The file /lib/highlight.9.1.0.pack.js was not modified 
2017-06-29 15:48:51.6873|Microsoft.AspNetCore.Hosting.Internal.WebHost|INFO|Request starting HTTP/1.1 GET http://localhost:38570/swagger/lib/jsoneditor.min.js   
2017-06-29 15:48:51.6383|Microsoft.AspNetCore.Server.Kestrel|DEBUG|Connection id "0HL5UOD40RVKR" completed keep alive response. 
2017-06-29 15:48:51.7054|Microsoft.AspNetCore.Hosting.Internal.WebHost|INFO|Request starting HTTP/1.1 GET http://localhost:38570/swagger/lib/highlight.9.1.0.pack_extended.js   
2017-06-29 15:48:51.6873|Microsoft.AspNetCore.Server.Kestrel|DEBUG|Connection id "0HL5UOD40RVKN" completed keep alive response. 
2017-06-29 15:48:51.7054|Microsoft.AspNetCore.Hosting.Internal.WebHost|INFO|Request starting HTTP/1.1 GET http://localhost:38570/swagger/lib/marked.js   
2017-06-29 15:48:51.7054|Microsoft.AspNetCore.Builder.RouterMiddleware|DEBUG|Request did not match any routes. 
2017-06-29 15:48:51.7054|Microsoft.AspNetCore.StaticFiles.StaticFileMiddleware|DEBUG|Handled. Status code: 304 File: /lib/highlight.9.1.0.pack.js 
2017-06-29 15:48:51.7234|Microsoft.AspNetCore.Builder.RouterMiddleware|DEBUG|Request did not match any routes. 
2017-06-29 15:48:51.7234|Microsoft.AspNetCore.Hosting.Internal.WebHost|INFO|Request finished in 105.7685ms 304 application/javascript 
2017-06-29 15:48:51.7054|Microsoft.AspNetCore.Builder.RouterMiddleware|DEBUG|Request did not match any routes. 
2017-06-29 15:48:51.7394|Microsoft.AspNetCore.StaticFiles.StaticFileMiddleware|INFO|The file /lib/highlight.9.1.0.pack_extended.js was not modified 
2017-06-29 15:48:51.7234|Microsoft.AspNetCore.StaticFiles.StaticFileMiddleware|INFO|The file /lib/jsoneditor.min.js was not modified 
2017-06-29 15:48:51.7234|Microsoft.AspNetCore.StaticFiles.StaticFileMiddleware|INFO|The file /lib/marked.js was not modified 
2017-06-29 15:48:51.7394|Microsoft.AspNetCore.StaticFiles.StaticFileMiddleware|DEBUG|Handled. Status code: 304 File: /lib/highlight.9.1.0.pack_extended.js 
2017-06-29 15:48:51.7544|Microsoft.AspNetCore.StaticFiles.StaticFileMiddleware|DEBUG|Handled. Status code: 304 File: /lib/jsoneditor.min.js 
2017-06-29 15:48:51.7544|Microsoft.AspNetCore.StaticFiles.StaticFileMiddleware|DEBUG|Handled. Status code: 304 File: /lib/marked.js 
2017-06-29 15:48:51.7544|Microsoft.AspNetCore.Hosting.Internal.WebHost|INFO|Request finished in 67.2028ms 304 application/javascript 
2017-06-29 15:48:51.7674|Microsoft.AspNetCore.Hosting.Internal.WebHost|INFO|Request finished in 57.7918ms 304 application/javascript 
2017-06-29 15:48:51.7674|Microsoft.AspNetCore.Server.Kestrel|DEBUG|Connection id "0HL5UOD40RVKO" completed keep alive response. 
2017-06-29 15:48:51.7234|Microsoft.AspNetCore.Server.Kestrel|DEBUG|Connection id "0HL5UOD40RVKP" completed keep alive response. 
2017-06-29 15:48:51.7844|Microsoft.AspNetCore.Hosting.Internal.WebHost|INFO|Request starting HTTP/1.1 GET http://localhost:38570/swagger/lib/swagger-oauth.js   
2017-06-29 15:48:51.7844|Microsoft.AspNetCore.Hosting.Internal.WebHost|INFO|Request finished in 76.9632ms 304 application/javascript 
2017-06-29 15:48:51.7844|Microsoft.AspNetCore.Server.Kestrel|DEBUG|Connection id "0HL5UOD40RVKR" completed keep alive response. 
2017-06-29 15:48:51.7844|Microsoft.AspNetCore.Hosting.Internal.WebHost|INFO|Request starting HTTP/1.1 GET http://localhost:38570/swagger/css/typography.css   
2017-06-29 15:48:51.7974|Microsoft.AspNetCore.Hosting.Internal.WebHost|INFO|Request starting HTTP/1.1 GET http://localhost:38570/swagger/lib/jquery.ba-bbq.min.js   
2017-06-29 15:48:51.7974|Microsoft.AspNetCore.Builder.RouterMiddleware|DEBUG|Request did not match any routes. 
2017-06-29 15:48:51.7974|Microsoft.AspNetCore.StaticFiles.StaticFileMiddleware|INFO|The file /css/typography.css was not modified 
2017-06-29 15:48:51.7844|Microsoft.AspNetCore.Builder.RouterMiddleware|DEBUG|Request did not match any routes. 
2017-06-29 15:48:51.8094|Microsoft.AspNetCore.StaticFiles.StaticFileMiddleware|DEBUG|Handled. Status code: 304 File: /css/typography.css 
2017-06-29 15:48:51.7974|Microsoft.AspNetCore.Server.Kestrel|DEBUG|Connection id "0HL5UOD40RVKN" completed keep alive response. 
2017-06-29 15:48:51.7974|Microsoft.AspNetCore.Builder.RouterMiddleware|DEBUG|Request did not match any routes. 
2017-06-29 15:48:51.8094|Microsoft.AspNetCore.StaticFiles.StaticFileMiddleware|INFO|The file /lib/jquery.ba-bbq.min.js was not modified 
2017-06-29 15:48:51.8094|Microsoft.AspNetCore.StaticFiles.StaticFileMiddleware|INFO|The file /lib/swagger-oauth.js was not modified 
2017-06-29 15:48:51.8094|Microsoft.AspNetCore.StaticFiles.StaticFileMiddleware|DEBUG|Handled. Status code: 304 File: /lib/jquery.ba-bbq.min.js 
2017-06-29 15:48:51.8094|Microsoft.AspNetCore.StaticFiles.StaticFileMiddleware|DEBUG|Handled. Status code: 304 File: /lib/swagger-oauth.js 
2017-06-29 15:48:51.8274|Microsoft.AspNetCore.Hosting.Internal.WebHost|INFO|Request finished in 26.3788ms 304 application/javascript 
2017-06-29 15:48:51.8274|Microsoft.AspNetCore.Hosting.Internal.WebHost|INFO|Request finished in 41.5622ms 304 application/javascript 
2017-06-29 15:48:51.8094|Microsoft.AspNetCore.Hosting.Internal.WebHost|INFO|Request finished in 31.1073ms 304 text/css 
2017-06-29 15:48:51.8274|Microsoft.AspNetCore.Server.Kestrel|DEBUG|Connection id "0HL5UOD40RVKQ" completed keep alive response. 
2017-06-29 15:48:51.8535|Microsoft.AspNetCore.Hosting.Internal.WebHost|INFO|Request starting HTTP/1.1 GET http://localhost:38570/swagger/images/logo_small.png   
2017-06-29 15:48:51.8274|Microsoft.AspNetCore.Server.Kestrel|DEBUG|Connection id "0HL5UOD40RVKP" completed keep alive response. 
2017-06-29 15:48:51.8274|Microsoft.AspNetCore.Server.Kestrel|DEBUG|Connection id "0HL5UOD40RVKS" completed keep alive response. 
2017-06-29 15:48:51.8585|Microsoft.AspNetCore.Builder.RouterMiddleware|DEBUG|Request did not match any routes. 
2017-06-29 15:48:51.8585|Microsoft.AspNetCore.StaticFiles.StaticFileMiddleware|INFO|The file /images/logo_small.png was not modified 
2017-06-29 15:48:51.8585|Microsoft.AspNetCore.StaticFiles.StaticFileMiddleware|DEBUG|Handled. Status code: 304 File: /images/logo_small.png 
2017-06-29 15:48:51.8755|Microsoft.AspNetCore.Hosting.Internal.WebHost|INFO|Request finished in 21.5191ms 304 image/png 
2017-06-29 15:48:51.8755|Microsoft.AspNetCore.Server.Kestrel|DEBUG|Connection id "0HL5UOD40RVKO" completed keep alive response. 
2017-06-29 15:48:51.8885|Microsoft.AspNetCore.Hosting.Internal.WebHost|INFO|Request starting HTTP/1.1 GET http://localhost:38570/swagger/css/print.css   
2017-06-29 15:48:51.8885|Microsoft.AspNetCore.Builder.RouterMiddleware|DEBUG|Request did not match any routes. 
2017-06-29 15:48:51.8885|Microsoft.AspNetCore.StaticFiles.StaticFileMiddleware|INFO|The file /css/print.css was not modified 
2017-06-29 15:48:51.9135|Microsoft.AspNetCore.StaticFiles.StaticFileMiddleware|DEBUG|Handled. Status code: 304 File: /css/print.css 
2017-06-29 15:48:51.9255|Microsoft.AspNetCore.Hosting.Internal.WebHost|INFO|Request finished in 37.7137ms 304 text/css 
2017-06-29 15:48:51.9255|Microsoft.AspNetCore.Server.Kestrel|DEBUG|Connection id "0HL5UOD40RVKR" completed keep alive response. 
2017-06-29 15:48:52.3608|Microsoft.AspNetCore.Hosting.Internal.WebHost|INFO|Request starting HTTP/1.1 GET http://localhost:38570/swagger/v1/swagger.json   
2017-06-29 15:48:52.3608|Microsoft.AspNetCore.Builder.RouterMiddleware|DEBUG|Request did not match any routes. 
2017-06-29 15:48:52.3898|Microsoft.AspNetCore.Hosting.Internal.WebHost|INFO|Request starting HTTP/1.1 GET http://localhost:38570/swagger/images/favicon-16x16.png   
2017-06-29 15:48:52.3898|Microsoft.AspNetCore.Builder.RouterMiddleware|DEBUG|Request did not match any routes. 
2017-06-29 15:48:52.3898|Microsoft.AspNetCore.StaticFiles.StaticFileMiddleware|INFO|The file /images/favicon-16x16.png was not modified 
2017-06-29 15:48:52.4039|Microsoft.AspNetCore.StaticFiles.StaticFileMiddleware|DEBUG|Handled. Status code: 304 File: /images/favicon-16x16.png 
2017-06-29 15:48:52.4039|Microsoft.AspNetCore.Hosting.Internal.WebHost|INFO|Request finished in 17.6718ms 304 image/png 
2017-06-29 15:48:52.4039|Microsoft.AspNetCore.Server.Kestrel|DEBUG|Connection id "0HL5UOD40RVKQ" completed keep alive response. 
2017-06-29 15:48:52.7811|Microsoft.AspNetCore.Hosting.Internal.WebHost|INFO|Request finished in 419.7643ms 200 application/json 
2017-06-29 15:48:52.7811|Microsoft.AspNetCore.Server.Kestrel|DEBUG|Connection id "0HL5UOD40RVKN" completed keep alive response. 
2017-06-29 15:50:40.2735|Microsoft.AspNetCore.Server.Kestrel|DEBUG|Connection id "0HL5UOD40RVKS" received FIN. 
2017-06-29 15:50:40.2735|Microsoft.AspNetCore.Server.Kestrel|DEBUG|Connection id "0HL5UOD40RVKQ" received FIN. 
2017-06-29 15:50:40.2735|Microsoft.AspNetCore.Server.Kestrel|DEBUG|Connection id "0HL5UOD40RVKN" received FIN. 
2017-06-29 15:50:40.2735|Microsoft.AspNetCore.Server.Kestrel|DEBUG|Connection id "0HL5UOD40RVKP" received FIN. 
2017-06-29 15:50:40.2925|Microsoft.AspNetCore.Server.Kestrel|DEBUG|Connection id "0HL5UOD40RVKO" received FIN. 
2017-06-29 15:50:40.3065|Microsoft.AspNetCore.Server.Kestrel|DEBUG|Connection id "0HL5UOD40RVKN" disconnecting. 
2017-06-29 15:50:40.3065|Microsoft.AspNetCore.Server.Kestrel|DEBUG|Connection id "0HL5UOD40RVKR" received FIN. 
2017-06-29 15:50:40.3065|Microsoft.AspNetCore.Server.Kestrel|DEBUG|Connection id "0HL5UOD40RVKQ" disconnecting. 
2017-06-29 15:50:40.3105|Microsoft.AspNetCore.Server.Kestrel|DEBUG|Connection id "0HL5UOD40RVKR" disconnecting. 
2017-06-29 15:50:40.3105|Microsoft.AspNetCore.Server.Kestrel|DEBUG|Connection id "0HL5UOD40RVKN" sending FIN. 
2017-06-29 15:50:40.3105|Microsoft.AspNetCore.Server.Kestrel|DEBUG|Connection id "0HL5UOD40RVKR" sending FIN. 
2017-06-29 15:50:40.3065|Microsoft.AspNetCore.Server.Kestrel|DEBUG|Connection id "0HL5UOD40RVKS" disconnecting. 
2017-06-29 15:50:40.3065|Microsoft.AspNetCore.Server.Kestrel|DEBUG|Connection id "0HL5UOD40RVKP" disconnecting. 
2017-06-29 15:50:40.3105|Microsoft.AspNetCore.Server.Kestrel|DEBUG|Connection id "0HL5UOD40RVKO" disconnecting. 
2017-06-29 15:50:40.3105|Microsoft.AspNetCore.Server.Kestrel|DEBUG|Connection id "0HL5UOD40RVKQ" sending FIN. 
2017-06-29 15:50:40.3105|Microsoft.AspNetCore.Server.Kestrel|DEBUG|Connection id "0HL5UOD40RVKS" sending FIN. 
2017-06-29 15:50:40.3105|Microsoft.AspNetCore.Server.Kestrel|DEBUG|Connection id "0HL5UOD40RVKS" sent FIN with status "0". 
2017-06-29 15:50:40.3105|Microsoft.AspNetCore.Server.Kestrel|DEBUG|Connection id "0HL5UOD40RVKR" sent FIN with status "0". 
2017-06-29 15:50:40.3255|Microsoft.AspNetCore.Server.Kestrel|DEBUG|Connection id "0HL5UOD40RVKR" stopped. 
2017-06-29 15:50:40.3255|Microsoft.AspNetCore.Server.Kestrel|DEBUG|Connection id "0HL5UOD40RVKP" sending FIN. 
2017-06-29 15:50:40.3255|Microsoft.AspNetCore.Server.Kestrel|DEBUG|Connection id "0HL5UOD40RVKO" sending FIN. 
2017-06-29 15:50:40.3255|Microsoft.AspNetCore.Server.Kestrel|DEBUG|Connection id "0HL5UOD40RVKO" sent FIN with status "0". 
2017-06-29 15:50:40.3255|Microsoft.AspNetCore.Server.Kestrel|DEBUG|Connection id "0HL5UOD40RVKO" stopped. 
2017-06-29 15:50:40.3255|Microsoft.AspNetCore.Server.Kestrel|DEBUG|Connection id "0HL5UOD40RVKP" sent FIN with status "0". 
2017-06-29 15:50:40.3255|Microsoft.AspNetCore.Server.Kestrel|DEBUG|Connection id "0HL5UOD40RVKP" stopped. 
2017-06-29 15:50:40.3255|Microsoft.AspNetCore.Server.Kestrel|DEBUG|Connection id "0HL5UOD40RVKS" stopped. 
2017-06-29 15:50:40.3255|Microsoft.AspNetCore.Server.Kestrel|DEBUG|Connection id "0HL5UOD40RVKQ" sent FIN with status "0". 
2017-06-29 15:50:40.3255|Microsoft.AspNetCore.Server.Kestrel|DEBUG|Connection id "0HL5UOD40RVKQ" stopped. 
2017-06-29 15:50:40.3255|Microsoft.AspNetCore.Server.Kestrel|DEBUG|Connection id "0HL5UOD40RVKN" sent FIN with status "0". 
2017-06-29 15:50:40.3255|Microsoft.AspNetCore.Server.Kestrel|DEBUG|Connection id "0HL5UOD40RVKN" stopped. 
2017-06-29 16:21:48.2757|Microsoft.AspNetCore.Hosting.Internal.WebHost|DEBUG|Hosting starting 
2017-06-29 16:21:48.4778|Microsoft.AspNetCore.Hosting.Internal.WebHost|DEBUG|Hosting started 
2017-06-29 16:21:48.7552|Microsoft.AspNetCore.Server.Kestrel|DEBUG|Connection id "0HL5UOVHKPIDI" started. 
2017-06-29 16:21:48.7552|Microsoft.AspNetCore.Server.Kestrel|DEBUG|Connection id "0HL5UOVHKPIDH" started. 
2017-06-29 16:21:48.8843|Microsoft.AspNetCore.Hosting.Internal.WebHost|INFO|Request starting HTTP/1.1 GET http://localhost:38570/swagger/   
2017-06-29 16:21:48.8843|Microsoft.AspNetCore.Hosting.Internal.WebHost|INFO|Request starting HTTP/1.1 DEBUG http://localhost:38570/  0 
2017-06-29 16:21:48.9846|Microsoft.AspNetCore.Hosting.Internal.WebHost|INFO|Request finished in 121.727ms 200  
2017-06-29 16:21:49.0555|Microsoft.AspNetCore.Server.Kestrel|DEBUG|Connection id "0HL5UOVHKPIDH" completed keep alive response. 
2017-06-29 16:21:49.3488|Microsoft.AspNetCore.Builder.RouterMiddleware|DEBUG|Request did not match any routes. 
2017-06-29 16:21:49.3978|Microsoft.AspNetCore.StaticFiles.StaticFileMiddleware|INFO|Sending file. Request path: '/index.html'. Physical path: 'N/A' 
2017-06-29 16:21:49.6300|Microsoft.AspNetCore.Hosting.Internal.WebHost|INFO|Request finished in 775.1528ms 200 text/html 
2017-06-29 16:21:49.6300|Microsoft.AspNetCore.Server.Kestrel|DEBUG|Connection id "0HL5UOVHKPIDI" completed keep alive response. 
