2017-06-13 09:18:59.7795|Microsoft.AspNetCore.Hosting.Internal.WebHost|DEBUG|Hosting starting 
2017-06-13 09:19:00.8007|Microsoft.AspNetCore.Hosting.Internal.WebHost|DEBUG|Hosting started 
2017-06-13 09:19:00.8488|Microsoft.AspNetCore.Server.Kestrel|DEBUG|Connection id "0HL5HV8M3S47L" started. 
2017-06-13 09:19:00.8488|Microsoft.AspNetCore.Server.Kestrel|DEBUG|Connection id "0HL5HV8M3S47M" started. 
2017-06-13 09:19:01.0694|Microsoft.AspNetCore.Hosting.Internal.WebHost|INFO|Request starting HTTP/1.1 GET http://localhost:38570/swagger/   
2017-06-13 09:19:01.0694|Microsoft.AspNetCore.Hosting.Internal.WebHost|INFO|Request starting HTTP/1.1 DEBUG http://localhost:38570/  0 
2017-06-13 09:19:01.2072|Microsoft.AspNetCore.Hosting.Internal.WebHost|INFO|Request finished in 172.6582ms 200  
2017-06-13 09:19:01.3178|Microsoft.AspNetCore.Server.Kestrel|DEBUG|Connection id "0HL5HV8M3S47M" completed keep alive response. 
2017-06-13 09:19:01.8862|Microsoft.AspNetCore.Builder.RouterMiddleware|DEBUG|Request did not match any routes. 
2017-06-13 09:19:01.9813|Microsoft.AspNetCore.StaticFiles.StaticFileMiddleware|INFO|Sending file. Request path: '/index.html'. Physical path: 'N/A' 
2017-06-13 09:19:02.0564|Microsoft.AspNetCore.Server.Kestrel|DEBUG|Connection id "0HL5HV8M3S47N" started. 
2017-06-13 09:19:02.0584|Microsoft.AspNetCore.Server.Kestrel|DEBUG|Connection id "0HL5HV8M3S47O" started. 
2017-06-13 09:19:02.0584|Microsoft.AspNetCore.Server.Kestrel|DEBUG|Connection id "0HL5HV8M3S47P" started. 
2017-06-13 09:19:02.0584|Microsoft.AspNetCore.Server.Kestrel|DEBUG|Connection id "0HL5HV8M3S47Q" started. 
2017-06-13 09:19:02.0584|Microsoft.AspNetCore.Hosting.Internal.WebHost|INFO|Request starting HTTP/1.1 GET http://localhost:38570/swagger/lib/object-assign-pollyfill.js   
2017-06-13 09:19:02.0584|Microsoft.AspNetCore.Hosting.Internal.WebHost|INFO|Request starting HTTP/1.1 GET http://localhost:38570/swagger/css/typography.css   
2017-06-13 09:19:02.0814|Microsoft.AspNetCore.Builder.RouterMiddleware|DEBUG|Request did not match any routes. 
2017-06-13 09:19:02.0944|Microsoft.AspNetCore.Builder.RouterMiddleware|DEBUG|Request did not match any routes. 
2017-06-13 09:19:02.0584|Microsoft.AspNetCore.Hosting.Internal.WebHost|INFO|Request starting HTTP/1.1 GET http://localhost:38570/swagger/lib/jquery.slideto.min.js   
2017-06-13 09:19:02.0944|Microsoft.AspNetCore.StaticFiles.StaticFileMiddleware|INFO|The file /lib/object-assign-pollyfill.js was not modified 
2017-06-13 09:19:02.0944|Microsoft.AspNetCore.StaticFiles.StaticFileMiddleware|INFO|The file /css/typography.css was not modified 
2017-06-13 09:19:02.0944|Microsoft.AspNetCore.Builder.RouterMiddleware|DEBUG|Request did not match any routes. 
2017-06-13 09:19:02.1455|Microsoft.AspNetCore.StaticFiles.StaticFileMiddleware|INFO|The file /lib/jquery.slideto.min.js was not modified 
2017-06-13 09:19:02.1602|Microsoft.AspNetCore.StaticFiles.StaticFileMiddleware|DEBUG|Handled. Status code: 304 File: /lib/object-assign-pollyfill.js 
2017-06-13 09:19:02.1602|Microsoft.AspNetCore.StaticFiles.StaticFileMiddleware|DEBUG|Handled. Status code: 304 File: /lib/jquery.slideto.min.js 
2017-06-13 09:19:02.1602|Microsoft.AspNetCore.StaticFiles.StaticFileMiddleware|DEBUG|Handled. Status code: 304 File: /css/typography.css 
2017-06-13 09:19:02.3840|Microsoft.AspNetCore.Hosting.Internal.WebHost|INFO|Request finished in 315.4065ms 304 application/javascript 
2017-06-13 09:19:02.3840|Microsoft.AspNetCore.Hosting.Internal.WebHost|INFO|Request finished in 1359.4435ms 200 text/html 
2017-06-13 09:19:02.3840|Microsoft.AspNetCore.Hosting.Internal.WebHost|INFO|Request finished in 321.3279ms 304 application/javascript 
2017-06-13 09:19:02.3850|Microsoft.AspNetCore.Server.Kestrel|DEBUG|Connection id "0HL5HV8M3S47O" completed keep alive response. 
2017-06-13 09:19:02.3850|Microsoft.AspNetCore.Hosting.Internal.WebHost|INFO|Request finished in 321.659ms 304 text/css 
2017-06-13 09:19:02.4190|Microsoft.AspNetCore.Hosting.Internal.WebHost|INFO|Request starting HTTP/1.1 GET http://localhost:38570/swagger/lib/jquery.wiggle.min.js   
2017-06-13 09:19:02.4190|Microsoft.AspNetCore.Server.Kestrel|DEBUG|Connection id "0HL5HV8M3S47N" completed keep alive response. 
2017-06-13 09:19:02.3850|Microsoft.AspNetCore.Server.Kestrel|DEBUG|Connection id "0HL5HV8M3S47L" completed keep alive response. 
2017-06-13 09:19:02.4320|Microsoft.AspNetCore.Hosting.Internal.WebHost|INFO|Request starting HTTP/1.1 GET http://localhost:38570/swagger/lib/jquery.ba-bbq.min.js   
2017-06-13 09:19:02.4320|Microsoft.AspNetCore.Hosting.Internal.WebHost|INFO|Request starting HTTP/1.1 GET http://localhost:38570/swagger/css/screen.css   
2017-06-13 09:19:02.4190|Microsoft.AspNetCore.Server.Kestrel|DEBUG|Connection id "0HL5HV8M3S47M" completed keep alive response. 
2017-06-13 09:19:02.4320|Microsoft.AspNetCore.Hosting.Internal.WebHost|INFO|Request starting HTTP/1.1 GET http://localhost:38570/swagger/lib/handlebars-4.0.5.js   
2017-06-13 09:19:02.4190|Microsoft.AspNetCore.Builder.RouterMiddleware|DEBUG|Request did not match any routes. 
2017-06-13 09:19:02.4320|Microsoft.AspNetCore.StaticFiles.StaticFileMiddleware|INFO|The file /lib/jquery.wiggle.min.js was not modified 
2017-06-13 09:19:02.4320|Microsoft.AspNetCore.Builder.RouterMiddleware|DEBUG|Request did not match any routes. 
2017-06-13 09:19:02.4515|Microsoft.AspNetCore.StaticFiles.StaticFileMiddleware|INFO|The file /css/screen.css was not modified 
2017-06-13 09:19:02.4515|Microsoft.AspNetCore.StaticFiles.StaticFileMiddleware|DEBUG|Handled. Status code: 304 File: /lib/jquery.wiggle.min.js 
2017-06-13 09:19:02.4515|Microsoft.AspNetCore.StaticFiles.StaticFileMiddleware|DEBUG|Handled. Status code: 304 File: /css/screen.css 
2017-06-13 09:19:02.4320|Microsoft.AspNetCore.Builder.RouterMiddleware|DEBUG|Request did not match any routes. 
2017-06-13 09:19:02.4656|Microsoft.AspNetCore.StaticFiles.StaticFileMiddleware|INFO|The file /lib/jquery.ba-bbq.min.js was not modified 
2017-06-13 09:19:02.4320|Microsoft.AspNetCore.Builder.RouterMiddleware|DEBUG|Request did not match any routes. 
2017-06-13 09:19:02.5116|Microsoft.AspNetCore.StaticFiles.StaticFileMiddleware|INFO|The file /lib/handlebars-4.0.5.js was not modified 
2017-06-13 09:19:02.4515|Microsoft.AspNetCore.Hosting.Internal.WebHost|INFO|Request finished in 39.7068ms 304 application/javascript 
2017-06-13 09:19:02.4916|Microsoft.AspNetCore.Hosting.Internal.WebHost|INFO|Request finished in 57.9522ms 304 text/css 
2017-06-13 09:19:02.5116|Microsoft.AspNetCore.StaticFiles.StaticFileMiddleware|DEBUG|Handled. Status code: 304 File: /lib/jquery.ba-bbq.min.js 
2017-06-13 09:19:02.5421|Microsoft.AspNetCore.Server.Kestrel|DEBUG|Connection id "0HL5HV8M3S47L" completed keep alive response. 
2017-06-13 09:19:02.5421|Microsoft.AspNetCore.Hosting.Internal.WebHost|INFO|Request starting HTTP/1.1 GET http://localhost:38570/swagger/lib/jquery-1.8.0.min.js   
2017-06-13 09:19:02.5116|Microsoft.AspNetCore.StaticFiles.StaticFileMiddleware|DEBUG|Handled. Status code: 304 File: /lib/handlebars-4.0.5.js 
2017-06-13 09:19:02.5116|Microsoft.AspNetCore.Server.Kestrel|DEBUG|Connection id "0HL5HV8M3S47O" completed keep alive response. 
2017-06-13 09:19:02.5626|Microsoft.AspNetCore.Hosting.Internal.WebHost|INFO|Request starting HTTP/1.1 GET http://localhost:38570/swagger/lib/lodash.min.js   
2017-06-13 09:19:02.5626|Microsoft.AspNetCore.Builder.RouterMiddleware|DEBUG|Request did not match any routes. 
2017-06-13 09:19:02.5746|Microsoft.AspNetCore.Hosting.Internal.WebHost|INFO|Request finished in 133.414ms 304 application/javascript 
2017-06-13 09:19:02.5746|Microsoft.AspNetCore.StaticFiles.StaticFileMiddleware|INFO|The file /lib/jquery-1.8.0.min.js was not modified 
2017-06-13 09:19:02.5626|Microsoft.AspNetCore.Hosting.Internal.WebHost|INFO|Request finished in 130.75ms 304 application/javascript 
2017-06-13 09:19:02.5746|Microsoft.AspNetCore.Builder.RouterMiddleware|DEBUG|Request did not match any routes. 
2017-06-13 09:19:02.5746|Microsoft.AspNetCore.StaticFiles.StaticFileMiddleware|INFO|The file /lib/lodash.min.js was not modified 
2017-06-13 09:19:02.5746|Microsoft.AspNetCore.StaticFiles.StaticFileMiddleware|DEBUG|Handled. Status code: 304 File: /lib/jquery-1.8.0.min.js 
2017-06-13 09:19:02.6077|Microsoft.AspNetCore.Server.Kestrel|DEBUG|Connection id "0HL5HV8M3S47M" completed keep alive response. 
2017-06-13 09:19:02.6257|Microsoft.AspNetCore.Hosting.Internal.WebHost|INFO|Request starting HTTP/1.1 GET http://localhost:38570/swagger/swagger-ui.min.js   
2017-06-13 09:19:02.6077|Microsoft.AspNetCore.StaticFiles.StaticFileMiddleware|DEBUG|Handled. Status code: 304 File: /lib/lodash.min.js 
2017-06-13 09:19:02.6257|Microsoft.AspNetCore.Server.Kestrel|DEBUG|Connection id "0HL5HV8M3S47N" completed keep alive response. 
2017-06-13 09:19:02.6757|Microsoft.AspNetCore.Hosting.Internal.WebHost|INFO|Request starting HTTP/1.1 GET http://localhost:38570/swagger/lib/highlight.9.1.0.pack.js   
2017-06-13 09:19:02.6502|Microsoft.AspNetCore.Hosting.Internal.WebHost|INFO|Request finished in 102.6487ms 304 application/javascript 
2017-06-13 09:19:02.7087|Microsoft.AspNetCore.Builder.RouterMiddleware|DEBUG|Request did not match any routes. 
2017-06-13 09:19:02.7188|Microsoft.AspNetCore.StaticFiles.StaticFileMiddleware|INFO|The file /lib/highlight.9.1.0.pack.js was not modified 
2017-06-13 09:19:02.7188|Microsoft.AspNetCore.Server.Kestrel|DEBUG|Connection id "0HL5HV8M3S47P" completed keep alive response. 
2017-06-13 09:19:02.7298|Microsoft.AspNetCore.Hosting.Internal.WebHost|INFO|Request starting HTTP/1.1 GET http://localhost:38570/swagger/css/reset.css   
2017-06-13 09:19:02.6947|Microsoft.AspNetCore.Builder.RouterMiddleware|DEBUG|Request did not match any routes. 
2017-06-13 09:19:02.7508|Microsoft.AspNetCore.StaticFiles.StaticFileMiddleware|INFO|The file /swagger-ui.min.js was not modified 
2017-06-13 09:19:02.7508|Microsoft.AspNetCore.StaticFiles.StaticFileMiddleware|DEBUG|Handled. Status code: 304 File: /lib/highlight.9.1.0.pack.js 
2017-06-13 09:19:02.8008|Microsoft.AspNetCore.Builder.RouterMiddleware|DEBUG|Request did not match any routes. 
2017-06-13 09:19:02.8008|Microsoft.AspNetCore.StaticFiles.StaticFileMiddleware|INFO|The file /css/reset.css was not modified 
2017-06-13 09:19:02.8083|Microsoft.AspNetCore.StaticFiles.StaticFileMiddleware|DEBUG|Handled. Status code: 304 File: /swagger-ui.min.js 
2017-06-13 09:19:02.6607|Microsoft.AspNetCore.Hosting.Internal.WebHost|INFO|Request finished in 93.2175ms 304 application/javascript 
2017-06-13 09:19:02.8083|Microsoft.AspNetCore.StaticFiles.StaticFileMiddleware|DEBUG|Handled. Status code: 304 File: /css/reset.css 
2017-06-13 09:19:02.8303|Microsoft.AspNetCore.Hosting.Internal.WebHost|INFO|Request finished in 151.6929ms 304 application/javascript 
2017-06-13 09:19:02.8083|Microsoft.AspNetCore.Hosting.Internal.WebHost|INFO|Request finished in 195.2912ms 304 application/javascript 
2017-06-13 09:19:02.9329|Microsoft.AspNetCore.Server.Kestrel|DEBUG|Connection id "0HL5HV8M3S47N" completed keep alive response. 
2017-06-13 09:19:02.9754|Microsoft.AspNetCore.Hosting.Internal.WebHost|INFO|Request starting HTTP/1.1 GET http://localhost:38570/swagger/lib/marked.js   
2017-06-13 09:19:02.9940|Microsoft.AspNetCore.Server.Kestrel|DEBUG|Connection id "0HL5HV8M3S47M" completed keep alive response. 
2017-06-13 09:19:03.0020|Microsoft.AspNetCore.Hosting.Internal.WebHost|INFO|Request starting HTTP/1.1 GET http://localhost:38570/swagger/lib/swagger-oauth.js   
2017-06-13 09:19:03.0155|Microsoft.AspNetCore.Hosting.Internal.WebHost|INFO|Request finished in 285.6445ms 304 text/css 
2017-06-13 09:19:03.0260|Microsoft.AspNetCore.Builder.RouterMiddleware|DEBUG|Request did not match any routes. 
2017-06-13 09:19:03.0420|Microsoft.AspNetCore.StaticFiles.StaticFileMiddleware|INFO|The file /lib/swagger-oauth.js was not modified 
2017-06-13 09:19:03.0260|Microsoft.AspNetCore.Server.Kestrel|DEBUG|Connection id "0HL5HV8M3S47Q" completed keep alive response. 
2017-06-13 09:19:03.0420|Microsoft.AspNetCore.Builder.RouterMiddleware|DEBUG|Request did not match any routes. 
2017-06-13 09:19:03.0605|Microsoft.AspNetCore.StaticFiles.StaticFileMiddleware|INFO|The file /lib/marked.js was not modified 
2017-06-13 09:19:03.0605|Microsoft.AspNetCore.Hosting.Internal.WebHost|INFO|Request starting HTTP/1.1 GET http://localhost:38570/swagger/lib/backbone-min.js   
2017-06-13 09:19:03.0605|Microsoft.AspNetCore.StaticFiles.StaticFileMiddleware|DEBUG|Handled. Status code: 304 File: /lib/swagger-oauth.js 
2017-06-13 09:19:02.8699|Microsoft.AspNetCore.Server.Kestrel|DEBUG|Connection id "0HL5HV8M3S47O" completed keep alive response. 
2017-06-13 09:19:03.0770|Microsoft.AspNetCore.Hosting.Internal.WebHost|INFO|Request starting HTTP/1.1 GET http://localhost:38570/swagger/lib/jsoneditor.min.js   
2017-06-13 09:19:03.0605|Microsoft.AspNetCore.StaticFiles.StaticFileMiddleware|DEBUG|Handled. Status code: 304 File: /lib/marked.js 
2017-06-13 09:19:03.0770|Microsoft.AspNetCore.Hosting.Internal.WebHost|INFO|Request finished in 81.4816ms 304 application/javascript 
2017-06-13 09:19:03.0770|Microsoft.AspNetCore.Builder.RouterMiddleware|DEBUG|Request did not match any routes. 
2017-06-13 09:19:03.0895|Microsoft.AspNetCore.Hosting.Internal.WebHost|INFO|Request finished in 121.7453ms 304 application/javascript 
2017-06-13 09:19:03.0895|Microsoft.AspNetCore.StaticFiles.StaticFileMiddleware|INFO|The file /lib/backbone-min.js was not modified 
2017-06-13 09:19:03.0895|Microsoft.AspNetCore.Builder.RouterMiddleware|DEBUG|Request did not match any routes. 
2017-06-13 09:19:03.1411|Microsoft.AspNetCore.StaticFiles.StaticFileMiddleware|INFO|The file /lib/jsoneditor.min.js was not modified 
2017-06-13 09:19:03.1411|Microsoft.AspNetCore.StaticFiles.StaticFileMiddleware|DEBUG|Handled. Status code: 304 File: /lib/backbone-min.js 
2017-06-13 09:19:03.1411|Microsoft.AspNetCore.StaticFiles.StaticFileMiddleware|DEBUG|Handled. Status code: 304 File: /lib/jsoneditor.min.js 
2017-06-13 09:19:03.1165|Microsoft.AspNetCore.Server.Kestrel|DEBUG|Connection id "0HL5HV8M3S47N" completed keep alive response. 
2017-06-13 09:19:03.0895|Microsoft.AspNetCore.Server.Kestrel|DEBUG|Connection id "0HL5HV8M3S47M" completed keep alive response. 
2017-06-13 09:19:03.1521|Microsoft.AspNetCore.Hosting.Internal.WebHost|INFO|Request finished in 91.4461ms 304 application/javascript 
2017-06-13 09:19:03.1521|Microsoft.AspNetCore.Hosting.Internal.WebHost|INFO|Request finished in 82.4737ms 304 application/javascript 
2017-06-13 09:19:03.1521|Microsoft.AspNetCore.Server.Kestrel|DEBUG|Connection id "0HL5HV8M3S47L" completed keep alive response. 
2017-06-13 09:19:03.1736|Microsoft.AspNetCore.Server.Kestrel|DEBUG|Connection id "0HL5HV8M3S47O" completed keep alive response. 
2017-06-13 09:19:03.1521|Microsoft.AspNetCore.Hosting.Internal.WebHost|INFO|Request starting HTTP/1.1 GET http://localhost:38570/swagger/lib/highlight.9.1.0.pack_extended.js   
2017-06-13 09:19:03.1851|Microsoft.AspNetCore.Builder.RouterMiddleware|DEBUG|Request did not match any routes. 
2017-06-13 09:19:03.1851|Microsoft.AspNetCore.StaticFiles.StaticFileMiddleware|INFO|The file /lib/highlight.9.1.0.pack_extended.js was not modified 
2017-06-13 09:19:03.1851|Microsoft.AspNetCore.StaticFiles.StaticFileMiddleware|DEBUG|Handled. Status code: 304 File: /lib/highlight.9.1.0.pack_extended.js 
2017-06-13 09:19:03.1851|Microsoft.AspNetCore.Hosting.Internal.WebHost|INFO|Request finished in 35.9754ms 304 application/javascript 
2017-06-13 09:19:03.2011|Microsoft.AspNetCore.Server.Kestrel|DEBUG|Connection id "0HL5HV8M3S47P" completed keep alive response. 
2017-06-13 09:19:03.5745|Microsoft.AspNetCore.Hosting.Internal.WebHost|INFO|Request starting HTTP/1.1 GET http://localhost:38570/swagger/images/logo_small.png   
2017-06-13 09:19:03.6326|Microsoft.AspNetCore.Builder.RouterMiddleware|DEBUG|Request did not match any routes. 
2017-06-13 09:19:03.6446|Microsoft.AspNetCore.StaticFiles.StaticFileMiddleware|INFO|The file /images/logo_small.png was not modified 
2017-06-13 09:19:03.6851|Microsoft.AspNetCore.StaticFiles.StaticFileMiddleware|DEBUG|Handled. Status code: 304 File: /images/logo_small.png 
2017-06-13 09:19:03.7026|Microsoft.AspNetCore.Hosting.Internal.WebHost|INFO|Request finished in 127.588ms 304 image/png 
2017-06-13 09:19:03.7026|Microsoft.AspNetCore.Server.Kestrel|DEBUG|Connection id "0HL5HV8M3S47Q" completed keep alive response. 
2017-06-13 09:19:03.7332|Microsoft.AspNetCore.Hosting.Internal.WebHost|INFO|Request starting HTTP/1.1 GET http://localhost:38570/swagger/css/print.css   
2017-06-13 09:19:03.7542|Microsoft.AspNetCore.Builder.RouterMiddleware|DEBUG|Request did not match any routes. 
2017-06-13 09:19:03.7542|Microsoft.AspNetCore.StaticFiles.StaticFileMiddleware|INFO|The file /css/print.css was not modified 
2017-06-13 09:19:03.7667|Microsoft.AspNetCore.StaticFiles.StaticFileMiddleware|DEBUG|Handled. Status code: 304 File: /css/print.css 
2017-06-13 09:19:03.7667|Microsoft.AspNetCore.Hosting.Internal.WebHost|INFO|Request finished in 37.126ms 304 text/css 
2017-06-13 09:19:03.7667|Microsoft.AspNetCore.Server.Kestrel|DEBUG|Connection id "0HL5HV8M3S47M" completed keep alive response. 
2017-06-13 09:19:03.8453|Microsoft.AspNetCore.Hosting.Internal.WebHost|INFO|Request starting HTTP/1.1 GET http://localhost:38570/swagger/v1/swagger.json   
2017-06-13 09:19:03.8453|Microsoft.AspNetCore.Builder.RouterMiddleware|DEBUG|Request did not match any routes. 
2017-06-13 09:19:03.8844|Microsoft.AspNetCore.Hosting.Internal.WebHost|INFO|Request starting HTTP/1.1 GET http://localhost:38570/swagger/images/favicon-16x16.png   
2017-06-13 09:19:03.8994|Microsoft.AspNetCore.Builder.RouterMiddleware|DEBUG|Request did not match any routes. 
2017-06-13 09:19:03.9009|Microsoft.AspNetCore.StaticFiles.StaticFileMiddleware|INFO|The file /images/favicon-16x16.png was not modified 
2017-06-13 09:19:03.9009|Microsoft.AspNetCore.StaticFiles.StaticFileMiddleware|DEBUG|Handled. Status code: 304 File: /images/favicon-16x16.png 
2017-06-13 09:19:03.9249|Microsoft.AspNetCore.Hosting.Internal.WebHost|INFO|Request finished in 40.09ms 304 image/png 
2017-06-13 09:19:03.9249|Microsoft.AspNetCore.Server.Kestrel|DEBUG|Connection id "0HL5HV8M3S47L" completed keep alive response. 
2017-06-13 09:19:04.6986|Microsoft.AspNetCore.Hosting.Internal.WebHost|INFO|Request finished in 853.1941ms 200 application/json 
2017-06-13 09:19:04.6986|Microsoft.AspNetCore.Server.Kestrel|DEBUG|Connection id "0HL5HV8M3S47N" completed keep alive response. 
2017-06-13 09:20:50.8129|Microsoft.AspNetCore.Server.Kestrel|DEBUG|Connection id "0HL5HV8M3S47P" received FIN. 
2017-06-13 09:20:50.8129|Microsoft.AspNetCore.Server.Kestrel|DEBUG|Connection id "0HL5HV8M3S47O" received FIN. 
2017-06-13 09:20:50.8129|Microsoft.AspNetCore.Server.Kestrel|DEBUG|Connection id "0HL5HV8M3S47M" received FIN. 
2017-06-13 09:20:50.8319|Microsoft.AspNetCore.Server.Kestrel|DEBUG|Connection id "0HL5HV8M3S47N" received FIN. 
2017-06-13 09:20:50.8319|Microsoft.AspNetCore.Server.Kestrel|DEBUG|Connection id "0HL5HV8M3S47O" disconnecting. 
2017-06-13 09:20:50.8129|Microsoft.AspNetCore.Server.Kestrel|DEBUG|Connection id "0HL5HV8M3S47Q" received FIN. 
2017-06-13 09:20:50.8399|Microsoft.AspNetCore.Server.Kestrel|DEBUG|Connection id "0HL5HV8M3S47L" received FIN. 
2017-06-13 09:20:50.8559|Microsoft.AspNetCore.Server.Kestrel|DEBUG|Connection id "0HL5HV8M3S47O" sending FIN. 
2017-06-13 09:20:50.8559|Microsoft.AspNetCore.Server.Kestrel|DEBUG|Connection id "0HL5HV8M3S47L" disconnecting. 
2017-06-13 09:20:50.8399|Microsoft.AspNetCore.Server.Kestrel|DEBUG|Connection id "0HL5HV8M3S47N" disconnecting. 
2017-06-13 09:20:50.8319|Microsoft.AspNetCore.Server.Kestrel|DEBUG|Connection id "0HL5HV8M3S47P" disconnecting. 
2017-06-13 09:20:50.8399|Microsoft.AspNetCore.Server.Kestrel|DEBUG|Connection id "0HL5HV8M3S47M" disconnecting. 
2017-06-13 09:20:50.8559|Microsoft.AspNetCore.Server.Kestrel|DEBUG|Connection id "0HL5HV8M3S47N" sending FIN. 
2017-06-13 09:20:50.8559|Microsoft.AspNetCore.Server.Kestrel|DEBUG|Connection id "0HL5HV8M3S47Q" disconnecting. 
2017-06-13 09:20:50.8699|Microsoft.AspNetCore.Server.Kestrel|DEBUG|Connection id "0HL5HV8M3S47P" sending FIN. 
2017-06-13 09:20:50.8699|Microsoft.AspNetCore.Server.Kestrel|DEBUG|Connection id "0HL5HV8M3S47M" sending FIN. 
2017-06-13 09:20:50.8699|Microsoft.AspNetCore.Server.Kestrel|DEBUG|Connection id "0HL5HV8M3S47M" sent FIN with status "0". 
2017-06-13 09:20:50.8699|Microsoft.AspNetCore.Server.Kestrel|DEBUG|Connection id "0HL5HV8M3S47O" sent FIN with status "0". 
2017-06-13 09:20:50.8699|Microsoft.AspNetCore.Server.Kestrel|DEBUG|Connection id "0HL5HV8M3S47M" stopped. 
2017-06-13 09:20:50.8699|Microsoft.AspNetCore.Server.Kestrel|DEBUG|Connection id "0HL5HV8M3S47O" stopped. 
2017-06-13 09:20:50.8699|Microsoft.AspNetCore.Server.Kestrel|DEBUG|Connection id "0HL5HV8M3S47P" sent FIN with status "0". 
2017-06-13 09:20:50.8699|Microsoft.AspNetCore.Server.Kestrel|DEBUG|Connection id "0HL5HV8M3S47L" sending FIN. 
2017-06-13 09:20:50.8699|Microsoft.AspNetCore.Server.Kestrel|DEBUG|Connection id "0HL5HV8M3S47Q" sending FIN. 
2017-06-13 09:20:50.8699|Microsoft.AspNetCore.Server.Kestrel|DEBUG|Connection id "0HL5HV8M3S47P" stopped. 
2017-06-13 09:20:50.8699|Microsoft.AspNetCore.Server.Kestrel|DEBUG|Connection id "0HL5HV8M3S47Q" sent FIN with status "0". 
2017-06-13 09:20:50.8699|Microsoft.AspNetCore.Server.Kestrel|DEBUG|Connection id "0HL5HV8M3S47Q" stopped. 
2017-06-13 09:20:50.8699|Microsoft.AspNetCore.Server.Kestrel|DEBUG|Connection id "0HL5HV8M3S47L" sent FIN with status "0". 
2017-06-13 09:20:50.8699|Microsoft.AspNetCore.Server.Kestrel|DEBUG|Connection id "0HL5HV8M3S47N" sent FIN with status "0". 
2017-06-13 09:20:50.8850|Microsoft.AspNetCore.Server.Kestrel|DEBUG|Connection id "0HL5HV8M3S47N" stopped. 
2017-06-13 09:20:50.8850|Microsoft.AspNetCore.Server.Kestrel|DEBUG|Connection id "0HL5HV8M3S47L" stopped. 
