2017-06-07 14:41:03.6166|Microsoft.AspNetCore.Hosting.Internal.WebHost|DEBUG|Hosting starting 
2017-06-07 14:41:03.8674|Microsoft.AspNetCore.Hosting.Internal.WebHost|DEBUG|Hosting started 
2017-06-07 14:41:04.0757|Microsoft.AspNetCore.Server.Kestrel|DEBUG|Connection id "0HL5DE0LKSU1N" started. 
2017-06-07 14:41:04.0757|Microsoft.AspNetCore.Server.Kestrel|DEBUG|Connection id "0HL5DE0LKSU1M" started. 
2017-06-07 14:41:04.2014|Microsoft.AspNetCore.Hosting.Internal.WebHost|INFO|Request starting HTTP/1.1 GET http://localhost:38570/swagger/   
2017-06-07 14:41:04.2014|Microsoft.AspNetCore.Hosting.Internal.WebHost|INFO|Request starting HTTP/1.1 DEBUG http://localhost:38570/  0 
2017-06-07 14:41:04.3085|Microsoft.AspNetCore.Hosting.Internal.WebHost|INFO|Request finished in 128.0978ms 200  
2017-06-07 14:41:04.3740|Microsoft.AspNetCore.Server.Kestrel|DEBUG|Connection id "0HL5DE0LKSU1N" completed keep alive response. 
2017-06-07 14:41:04.6488|Microsoft.AspNetCore.Builder.RouterMiddleware|DEBUG|Request did not match any routes. 
2017-06-07 14:41:04.7136|Microsoft.AspNetCore.StaticFiles.StaticFileMiddleware|INFO|Sending file. Request path: '/index.html'. Physical path: 'N/A' 
2017-06-07 14:41:04.8582|Microsoft.AspNetCore.Hosting.Internal.WebHost|INFO|Request starting HTTP/1.1 GET http://localhost:38570/swagger/css/reset.css   
2017-06-07 14:41:04.8812|Microsoft.AspNetCore.Server.Kestrel|DEBUG|Connection id "0HL5DE0LKSU1O" started. 
2017-06-07 14:41:04.8812|Microsoft.AspNetCore.Server.Kestrel|DEBUG|Connection id "0HL5DE0LKSU1Q" started. 
2017-06-07 14:41:04.8812|Microsoft.AspNetCore.Hosting.Internal.WebHost|INFO|Request starting HTTP/1.1 GET http://localhost:38570/swagger/lib/object-assign-pollyfill.js   
2017-06-07 14:41:04.8812|Microsoft.AspNetCore.Server.Kestrel|DEBUG|Connection id "0HL5DE0LKSU1P" started. 
2017-06-07 14:41:04.8887|Microsoft.AspNetCore.Server.Kestrel|DEBUG|Connection id "0HL5DE0LKSU1R" started. 
2017-06-07 14:41:04.8887|Microsoft.AspNetCore.Builder.RouterMiddleware|DEBUG|Request did not match any routes. 
2017-06-07 14:41:04.8887|Microsoft.AspNetCore.Hosting.Internal.WebHost|INFO|Request starting HTTP/1.1 GET http://localhost:38570/swagger/lib/jquery.slideto.min.js   
2017-06-07 14:41:04.9047|Microsoft.AspNetCore.StaticFiles.StaticFileMiddleware|INFO|The file /css/reset.css was not modified 
2017-06-07 14:41:04.9047|Microsoft.AspNetCore.Builder.RouterMiddleware|DEBUG|Request did not match any routes. 
2017-06-07 14:41:04.9047|Microsoft.AspNetCore.StaticFiles.StaticFileMiddleware|INFO|The file /lib/object-assign-pollyfill.js was not modified 
2017-06-07 14:41:04.9252|Microsoft.AspNetCore.Builder.RouterMiddleware|DEBUG|Request did not match any routes. 
2017-06-07 14:41:04.9597|Microsoft.AspNetCore.StaticFiles.StaticFileMiddleware|INFO|The file /lib/jquery.slideto.min.js was not modified 
2017-06-07 14:41:04.9372|Microsoft.AspNetCore.StaticFiles.StaticFileMiddleware|DEBUG|Handled. Status code: 304 File: /lib/object-assign-pollyfill.js 
2017-06-07 14:41:04.9708|Microsoft.AspNetCore.StaticFiles.StaticFileMiddleware|DEBUG|Handled. Status code: 304 File: /lib/jquery.slideto.min.js 
2017-06-07 14:41:04.9372|Microsoft.AspNetCore.StaticFiles.StaticFileMiddleware|DEBUG|Handled. Status code: 304 File: /css/reset.css 
2017-06-07 14:41:05.1854|Microsoft.AspNetCore.Hosting.Internal.WebHost|INFO|Request finished in 326.9688ms 304 text/css 
2017-06-07 14:41:05.1854|Microsoft.AspNetCore.Hosting.Internal.WebHost|INFO|Request finished in 1015.6046ms 200 text/html 
2017-06-07 14:41:05.1854|Microsoft.AspNetCore.Server.Kestrel|DEBUG|Connection id "0HL5DE0LKSU1N" completed keep alive response. 
2017-06-07 14:41:05.1854|Microsoft.AspNetCore.Hosting.Internal.WebHost|INFO|Request starting HTTP/1.1 GET http://localhost:38570/swagger/lib/jquery.wiggle.min.js   
2017-06-07 14:41:05.1854|Microsoft.AspNetCore.Hosting.Internal.WebHost|INFO|Request finished in 303.0965ms 304 application/javascript 
2017-06-07 14:41:05.2003|Microsoft.AspNetCore.Builder.RouterMiddleware|DEBUG|Request did not match any routes. 
2017-06-07 14:41:05.2003|Microsoft.AspNetCore.StaticFiles.StaticFileMiddleware|INFO|The file /lib/jquery.wiggle.min.js was not modified 
2017-06-07 14:41:05.1854|Microsoft.AspNetCore.Server.Kestrel|DEBUG|Connection id "0HL5DE0LKSU1M" completed keep alive response. 
2017-06-07 14:41:05.2003|Microsoft.AspNetCore.StaticFiles.StaticFileMiddleware|DEBUG|Handled. Status code: 304 File: /lib/jquery.wiggle.min.js 
2017-06-07 14:41:05.2003|Microsoft.AspNetCore.Hosting.Internal.WebHost|INFO|Request starting HTTP/1.1 GET http://localhost:38570/swagger/css/typography.css   
2017-06-07 14:41:05.2143|Microsoft.AspNetCore.Hosting.Internal.WebHost|INFO|Request finished in 19.6055ms 304 application/javascript 
2017-06-07 14:41:05.1854|Microsoft.AspNetCore.Hosting.Internal.WebHost|INFO|Request finished in 296.4449ms 304 application/javascript 
2017-06-07 14:41:05.2143|Microsoft.AspNetCore.Builder.RouterMiddleware|DEBUG|Request did not match any routes. 
2017-06-07 14:41:05.2143|Microsoft.AspNetCore.Server.Kestrel|DEBUG|Connection id "0HL5DE0LKSU1Q" completed keep alive response. 
2017-06-07 14:41:05.2003|Microsoft.AspNetCore.Server.Kestrel|DEBUG|Connection id "0HL5DE0LKSU1O" completed keep alive response. 
2017-06-07 14:41:05.2293|Microsoft.AspNetCore.Hosting.Internal.WebHost|INFO|Request starting HTTP/1.1 GET http://localhost:38570/swagger/lib/jquery.ba-bbq.min.js   
2017-06-07 14:41:05.2143|Microsoft.AspNetCore.Server.Kestrel|DEBUG|Connection id "0HL5DE0LKSU1N" completed keep alive response. 
2017-06-07 14:41:05.2293|Microsoft.AspNetCore.Hosting.Internal.WebHost|INFO|Request starting HTTP/1.1 GET http://localhost:38570/swagger/lib/handlebars-4.0.5.js   
2017-06-07 14:41:05.2143|Microsoft.AspNetCore.StaticFiles.StaticFileMiddleware|INFO|The file /css/typography.css was not modified 
2017-06-07 14:41:05.2293|Microsoft.AspNetCore.Builder.RouterMiddleware|DEBUG|Request did not match any routes. 
2017-06-07 14:41:05.2293|Microsoft.AspNetCore.StaticFiles.StaticFileMiddleware|INFO|The file /lib/jquery.ba-bbq.min.js was not modified 
2017-06-07 14:41:05.2293|Microsoft.AspNetCore.Builder.RouterMiddleware|DEBUG|Request did not match any routes. 
2017-06-07 14:41:05.2293|Microsoft.AspNetCore.StaticFiles.StaticFileMiddleware|DEBUG|Handled. Status code: 304 File: /css/typography.css 
2017-06-07 14:41:05.2503|Microsoft.AspNetCore.StaticFiles.StaticFileMiddleware|INFO|The file /lib/handlebars-4.0.5.js was not modified 
2017-06-07 14:41:05.2503|Microsoft.AspNetCore.Hosting.Internal.WebHost|INFO|Request finished in 46.8104ms 304 text/css 
2017-06-07 14:41:05.2613|Microsoft.AspNetCore.StaticFiles.StaticFileMiddleware|DEBUG|Handled. Status code: 304 File: /lib/handlebars-4.0.5.js 
2017-06-07 14:41:05.2503|Microsoft.AspNetCore.StaticFiles.StaticFileMiddleware|DEBUG|Handled. Status code: 304 File: /lib/jquery.ba-bbq.min.js 
2017-06-07 14:41:05.2293|Microsoft.AspNetCore.Hosting.Internal.WebHost|INFO|Request starting HTTP/1.1 GET http://localhost:38570/swagger/css/screen.css   
2017-06-07 14:41:05.2773|Microsoft.AspNetCore.Hosting.Internal.WebHost|INFO|Request finished in 46.6815ms 304 application/javascript 
2017-06-07 14:41:05.2613|Microsoft.AspNetCore.Server.Kestrel|DEBUG|Connection id "0HL5DE0LKSU1M" completed keep alive response. 
2017-06-07 14:41:05.3028|Microsoft.AspNetCore.Hosting.Internal.WebHost|INFO|Request starting HTTP/1.1 GET http://localhost:38570/swagger/lib/lodash.min.js   
2017-06-07 14:41:05.3028|Microsoft.AspNetCore.Server.Kestrel|DEBUG|Connection id "0HL5DE0LKSU1O" completed keep alive response. 
2017-06-07 14:41:05.3110|Microsoft.AspNetCore.Hosting.Internal.WebHost|INFO|Request starting HTTP/1.1 GET http://localhost:38570/swagger/swagger-ui.min.js   
2017-06-07 14:41:05.3110|Microsoft.AspNetCore.Builder.RouterMiddleware|DEBUG|Request did not match any routes. 
2017-06-07 14:41:05.3110|Microsoft.AspNetCore.StaticFiles.StaticFileMiddleware|INFO|The file /lib/lodash.min.js was not modified 
2017-06-07 14:41:05.2613|Microsoft.AspNetCore.Hosting.Internal.WebHost|INFO|Request finished in 37.0626ms 304 application/javascript 
2017-06-07 14:41:05.3028|Microsoft.AspNetCore.Builder.RouterMiddleware|DEBUG|Request did not match any routes. 
2017-06-07 14:41:05.3240|Microsoft.AspNetCore.StaticFiles.StaticFileMiddleware|INFO|The file /css/screen.css was not modified 
2017-06-07 14:41:05.3240|Microsoft.AspNetCore.StaticFiles.StaticFileMiddleware|DEBUG|Handled. Status code: 304 File: /lib/lodash.min.js 
2017-06-07 14:41:05.3110|Microsoft.AspNetCore.Builder.RouterMiddleware|DEBUG|Request did not match any routes. 
2017-06-07 14:41:05.3391|Microsoft.AspNetCore.StaticFiles.StaticFileMiddleware|INFO|The file /swagger-ui.min.js was not modified 
2017-06-07 14:41:05.3240|Microsoft.AspNetCore.Server.Kestrel|DEBUG|Connection id "0HL5DE0LKSU1N" completed keep alive response. 
2017-06-07 14:41:05.3391|Microsoft.AspNetCore.Hosting.Internal.WebHost|INFO|Request starting HTTP/1.1 GET http://localhost:38570/swagger/lib/highlight.9.1.0.pack.js   
2017-06-07 14:41:05.3391|Microsoft.AspNetCore.Hosting.Internal.WebHost|INFO|Request finished in 36.8311ms 304 application/javascript 
2017-06-07 14:41:05.3391|Microsoft.AspNetCore.StaticFiles.StaticFileMiddleware|DEBUG|Handled. Status code: 304 File: /css/screen.css 
2017-06-07 14:41:05.3541|Microsoft.AspNetCore.Server.Kestrel|DEBUG|Connection id "0HL5DE0LKSU1M" completed keep alive response. 
2017-06-07 14:41:05.3391|Microsoft.AspNetCore.StaticFiles.StaticFileMiddleware|DEBUG|Handled. Status code: 304 File: /swagger-ui.min.js 
2017-06-07 14:41:05.3541|Microsoft.AspNetCore.Hosting.Internal.WebHost|INFO|Request starting HTTP/1.1 GET http://localhost:38570/swagger/lib/highlight.9.1.0.pack_extended.js   
2017-06-07 14:41:05.3391|Microsoft.AspNetCore.Builder.RouterMiddleware|DEBUG|Request did not match any routes. 
2017-06-07 14:41:05.3761|Microsoft.AspNetCore.StaticFiles.StaticFileMiddleware|INFO|The file /lib/highlight.9.1.0.pack.js was not modified 
2017-06-07 14:41:05.3541|Microsoft.AspNetCore.Hosting.Internal.WebHost|INFO|Request finished in 134.7019ms 304 text/css 
2017-06-07 14:41:05.3761|Microsoft.AspNetCore.Builder.RouterMiddleware|DEBUG|Request did not match any routes. 
2017-06-07 14:41:05.4031|Microsoft.AspNetCore.StaticFiles.StaticFileMiddleware|INFO|The file /lib/highlight.9.1.0.pack_extended.js was not modified 
2017-06-07 14:41:05.3541|Microsoft.AspNetCore.Hosting.Internal.WebHost|INFO|Request finished in 57.3117ms 304 application/javascript 
2017-06-07 14:41:05.4212|Microsoft.AspNetCore.StaticFiles.StaticFileMiddleware|DEBUG|Handled. Status code: 304 File: /lib/highlight.9.1.0.pack_extended.js 
2017-06-07 14:41:05.4212|Microsoft.AspNetCore.Server.Kestrel|DEBUG|Connection id "0HL5DE0LKSU1O" completed keep alive response. 
2017-06-07 14:41:05.4031|Microsoft.AspNetCore.StaticFiles.StaticFileMiddleware|DEBUG|Handled. Status code: 304 File: /lib/highlight.9.1.0.pack.js 
2017-06-07 14:41:05.4332|Microsoft.AspNetCore.Hosting.Internal.WebHost|INFO|Request finished in 71.6759ms 304 application/javascript 
2017-06-07 14:41:05.4031|Microsoft.AspNetCore.Server.Kestrel|DEBUG|Connection id "0HL5DE0LKSU1P" completed keep alive response. 
2017-06-07 14:41:05.4332|Microsoft.AspNetCore.Hosting.Internal.WebHost|INFO|Request starting HTTP/1.1 GET http://localhost:38570/swagger/lib/jsoneditor.min.js   
2017-06-07 14:41:05.4212|Microsoft.AspNetCore.Hosting.Internal.WebHost|INFO|Request starting HTTP/1.1 GET http://localhost:38570/swagger/lib/jquery-1.8.0.min.js   
2017-06-07 14:41:05.4332|Microsoft.AspNetCore.Hosting.Internal.WebHost|INFO|Request finished in 88.5487ms 304 application/javascript 
2017-06-07 14:41:05.4492|Microsoft.AspNetCore.Server.Kestrel|DEBUG|Connection id "0HL5DE0LKSU1M" completed keep alive response. 
2017-06-07 14:41:05.4332|Microsoft.AspNetCore.Builder.RouterMiddleware|DEBUG|Request did not match any routes. 
2017-06-07 14:41:05.4742|Microsoft.AspNetCore.Server.Kestrel|DEBUG|Connection id "0HL5DE0LKSU1N" completed keep alive response. 
2017-06-07 14:41:05.4742|Microsoft.AspNetCore.Builder.RouterMiddleware|DEBUG|Request did not match any routes. 
2017-06-07 14:41:05.4802|Microsoft.AspNetCore.Hosting.Internal.WebHost|INFO|Request starting HTTP/1.1 GET http://localhost:38570/swagger/lib/backbone-min.js   
2017-06-07 14:41:05.4742|Microsoft.AspNetCore.Hosting.Internal.WebHost|INFO|Request starting HTTP/1.1 GET http://localhost:38570/swagger/lib/swagger-oauth.js   
2017-06-07 14:41:05.4802|Microsoft.AspNetCore.Builder.RouterMiddleware|DEBUG|Request did not match any routes. 
2017-06-07 14:41:05.4802|Microsoft.AspNetCore.StaticFiles.StaticFileMiddleware|INFO|The file /lib/backbone-min.js was not modified 
2017-06-07 14:41:05.4802|Microsoft.AspNetCore.Builder.RouterMiddleware|DEBUG|Request did not match any routes. 
2017-06-07 14:41:05.4802|Microsoft.AspNetCore.StaticFiles.StaticFileMiddleware|INFO|The file /lib/swagger-oauth.js was not modified 
2017-06-07 14:41:05.4802|Microsoft.AspNetCore.StaticFiles.StaticFileMiddleware|DEBUG|Handled. Status code: 304 File: /lib/backbone-min.js 
2017-06-07 14:41:05.4742|Microsoft.AspNetCore.StaticFiles.StaticFileMiddleware|INFO|The file /lib/jsoneditor.min.js was not modified 
2017-06-07 14:41:05.4802|Microsoft.AspNetCore.StaticFiles.StaticFileMiddleware|INFO|The file /lib/jquery-1.8.0.min.js was not modified 
2017-06-07 14:41:05.4802|Microsoft.AspNetCore.StaticFiles.StaticFileMiddleware|DEBUG|Handled. Status code: 304 File: /lib/swagger-oauth.js 
2017-06-07 14:41:05.4972|Microsoft.AspNetCore.StaticFiles.StaticFileMiddleware|DEBUG|Handled. Status code: 304 File: /lib/jsoneditor.min.js 
2017-06-07 14:41:05.4972|Microsoft.AspNetCore.Hosting.Internal.WebHost|INFO|Request finished in 32.3002ms 304 application/javascript 
2017-06-07 14:41:05.4972|Microsoft.AspNetCore.Hosting.Internal.WebHost|INFO|Request finished in 70.7628ms 304 application/javascript 
2017-06-07 14:41:05.4972|Microsoft.AspNetCore.StaticFiles.StaticFileMiddleware|DEBUG|Handled. Status code: 304 File: /lib/jquery-1.8.0.min.js 
2017-06-07 14:41:05.5115|Microsoft.AspNetCore.Server.Kestrel|DEBUG|Connection id "0HL5DE0LKSU1M" completed keep alive response. 
2017-06-07 14:41:05.4972|Microsoft.AspNetCore.Hosting.Internal.WebHost|INFO|Request finished in 16.8195ms 304 application/javascript 
2017-06-07 14:41:05.5115|Microsoft.AspNetCore.Hosting.Internal.WebHost|INFO|Request starting HTTP/1.1 GET http://localhost:38570/swagger/lib/marked.js   
2017-06-07 14:41:05.5255|Microsoft.AspNetCore.Server.Kestrel|DEBUG|Connection id "0HL5DE0LKSU1Q" completed keep alive response. 
2017-06-07 14:41:05.5255|Microsoft.AspNetCore.Builder.RouterMiddleware|DEBUG|Request did not match any routes. 
2017-06-07 14:41:05.5115|Microsoft.AspNetCore.Hosting.Internal.WebHost|INFO|Request finished in 90.6915ms 304 application/javascript 
2017-06-07 14:41:05.5115|Microsoft.AspNetCore.Server.Kestrel|DEBUG|Connection id "0HL5DE0LKSU1P" completed keep alive response. 
2017-06-07 14:41:05.5255|Microsoft.AspNetCore.StaticFiles.StaticFileMiddleware|INFO|The file /lib/marked.js was not modified 
2017-06-07 14:41:05.5255|Microsoft.AspNetCore.Server.Kestrel|DEBUG|Connection id "0HL5DE0LKSU1R" completed keep alive response. 
2017-06-07 14:41:05.5496|Microsoft.AspNetCore.Hosting.Internal.WebHost|INFO|Request starting HTTP/1.1 GET http://localhost:38570/swagger/images/logo_small.png   
2017-06-07 14:41:05.5496|Microsoft.AspNetCore.StaticFiles.StaticFileMiddleware|DEBUG|Handled. Status code: 304 File: /lib/marked.js 
2017-06-07 14:41:05.5586|Microsoft.AspNetCore.Builder.RouterMiddleware|DEBUG|Request did not match any routes. 
2017-06-07 14:41:05.5586|Microsoft.AspNetCore.StaticFiles.StaticFileMiddleware|INFO|The file /images/logo_small.png was not modified 
2017-06-07 14:41:05.5586|Microsoft.AspNetCore.Hosting.Internal.WebHost|INFO|Request finished in 44.6702ms 304 application/javascript 
2017-06-07 14:41:05.5726|Microsoft.AspNetCore.StaticFiles.StaticFileMiddleware|DEBUG|Handled. Status code: 304 File: /images/logo_small.png 
2017-06-07 14:41:05.5726|Microsoft.AspNetCore.Hosting.Internal.WebHost|INFO|Request finished in 29.1485ms 304 image/png 
2017-06-07 14:41:05.5726|Microsoft.AspNetCore.Server.Kestrel|DEBUG|Connection id "0HL5DE0LKSU1N" completed keep alive response. 
2017-06-07 14:41:05.5951|Microsoft.AspNetCore.Hosting.Internal.WebHost|INFO|Request starting HTTP/1.1 GET http://localhost:38570/swagger/css/print.css   
2017-06-07 14:41:05.5726|Microsoft.AspNetCore.Server.Kestrel|DEBUG|Connection id "0HL5DE0LKSU1O" completed keep alive response. 
2017-06-07 14:41:05.6106|Microsoft.AspNetCore.Builder.RouterMiddleware|DEBUG|Request did not match any routes. 
2017-06-07 14:41:05.6106|Microsoft.AspNetCore.StaticFiles.StaticFileMiddleware|INFO|The file /css/print.css was not modified 
2017-06-07 14:41:05.6106|Microsoft.AspNetCore.StaticFiles.StaticFileMiddleware|DEBUG|Handled. Status code: 304 File: /css/print.css 
2017-06-07 14:41:05.6386|Microsoft.AspNetCore.Hosting.Internal.WebHost|INFO|Request finished in 43.7974ms 304 text/css 
2017-06-07 14:41:05.6546|Microsoft.AspNetCore.Server.Kestrel|DEBUG|Connection id "0HL5DE0LKSU1M" completed keep alive response. 
2017-06-07 14:41:05.9258|Microsoft.AspNetCore.Hosting.Internal.WebHost|INFO|Request starting HTTP/1.1 GET http://localhost:38570/swagger/v1/swagger.json   
2017-06-07 14:41:05.9339|Microsoft.AspNetCore.Builder.RouterMiddleware|DEBUG|Request did not match any routes. 
2017-06-07 14:41:05.9829|Microsoft.AspNetCore.Hosting.Internal.WebHost|INFO|Request starting HTTP/1.1 GET http://localhost:38570/swagger/images/favicon-16x16.png   
2017-06-07 14:41:05.9829|Microsoft.AspNetCore.Builder.RouterMiddleware|DEBUG|Request did not match any routes. 
2017-06-07 14:41:05.9829|Microsoft.AspNetCore.StaticFiles.StaticFileMiddleware|INFO|The file /images/favicon-16x16.png was not modified 
2017-06-07 14:41:05.9974|Microsoft.AspNetCore.StaticFiles.StaticFileMiddleware|DEBUG|Handled. Status code: 304 File: /images/favicon-16x16.png 
2017-06-07 14:41:05.9974|Microsoft.AspNetCore.Hosting.Internal.WebHost|INFO|Request finished in 21.1021ms 304 image/png 
2017-06-07 14:41:06.0129|Microsoft.AspNetCore.Server.Kestrel|DEBUG|Connection id "0HL5DE0LKSU1Q" completed keep alive response. 
2017-06-07 14:41:06.3843|Microsoft.AspNetCore.Hosting.Internal.WebHost|INFO|Request finished in 458.1868ms 200 application/json 
2017-06-07 14:41:06.3893|Microsoft.AspNetCore.Server.Kestrel|DEBUG|Connection id "0HL5DE0LKSU1P" completed keep alive response. 
2017-06-07 14:41:09.5898|Microsoft.AspNetCore.Hosting.Internal.WebHost|INFO|Request starting HTTP/1.1 GET http://localhost:38570/swagger/images/throbber.gif   
2017-06-07 14:41:09.5898|Microsoft.AspNetCore.Builder.RouterMiddleware|DEBUG|Request did not match any routes. 
2017-06-07 14:41:09.5898|Microsoft.AspNetCore.StaticFiles.StaticFileMiddleware|INFO|The file /images/throbber.gif was not modified 
2017-06-07 14:41:09.5898|Microsoft.AspNetCore.StaticFiles.StaticFileMiddleware|DEBUG|Handled. Status code: 304 File: /images/throbber.gif 
2017-06-07 14:41:09.5898|Microsoft.AspNetCore.Hosting.Internal.WebHost|INFO|Request finished in 9.728ms 304 image/gif 
2017-06-07 14:41:09.5898|Microsoft.AspNetCore.Server.Kestrel|DEBUG|Connection id "0HL5DE0LKSU1R" completed keep alive response. 
2017-06-07 14:41:09.7433|Microsoft.AspNetCore.Hosting.Internal.WebHost|INFO|Request starting HTTP/1.1 GET http://localhost:38570/swagger/images/favicon-16x16.png   
2017-06-07 14:41:09.7483|Microsoft.AspNetCore.Builder.RouterMiddleware|DEBUG|Request did not match any routes. 
2017-06-07 14:41:09.7483|Microsoft.AspNetCore.StaticFiles.StaticFileMiddleware|INFO|The file /images/favicon-16x16.png was not modified 
2017-06-07 14:41:09.7483|Microsoft.AspNetCore.StaticFiles.StaticFileMiddleware|DEBUG|Handled. Status code: 304 File: /images/favicon-16x16.png 
2017-06-07 14:41:09.7483|Microsoft.AspNetCore.Hosting.Internal.WebHost|INFO|Request finished in 13.9312ms 304 image/png 
2017-06-07 14:41:09.7634|Microsoft.AspNetCore.Server.Kestrel|DEBUG|Connection id "0HL5DE0LKSU1O" completed keep alive response. 
2017-06-07 14:41:11.5899|Microsoft.AspNetCore.Hosting.Internal.WebHost|INFO|Request starting HTTP/1.1 POST http://localhost:38570/Api/Site/Nodes application/json 2 
2017-06-07 14:41:11.5899|Microsoft.AspNetCore.Routing.Tree.TreeRouter|DEBUG|Request successfully matched the route with name '' and template 'Api/Site/Nodes'. 
2017-06-07 14:41:11.6699|Microsoft.AspNetCore.Mvc.Internal.ControllerActionInvoker|DEBUG|Executing action CTP.API.Controllers.SiteController.GetChildNodes (CTP.API) 
2017-06-07 14:41:11.9342|Microsoft.AspNetCore.Mvc.Internal.ControllerActionInvoker|INFO|Executing action method CTP.API.Controllers.SiteController.GetChildNodes (CTP.API) with arguments (CTP.Redis.Request.RequestNode) - ModelState is Valid 
2017-06-07 14:41:11.9342|BaseController|INFO|Server is running... 
2017-06-07 14:41:11.9342|BaseController|INFO|Current Thead Id:4 
2017-06-07 14:41:51.6916|Microsoft.AspNetCore.Mvc.Internal.ControllerActionInvoker|DEBUG|Executed action method CTP.API.Controllers.SiteController.GetChildNodes (CTP.API), returned result Microsoft.AspNetCore.Mvc.ObjectResult. 
2017-06-07 14:41:51.7177|Microsoft.AspNetCore.Mvc.Internal.ObjectResultExecutor|DEBUG|Could not find an output formatter based on content negotiation. Accepted types were (text/plain) 
2017-06-07 14:41:51.7177|Microsoft.AspNetCore.Mvc.Internal.ObjectResultExecutor|DEBUG|Selected output formatter 'Microsoft.AspNetCore.Mvc.Formatters.StringOutputFormatter' and content type 'application/json' to write the response. 
2017-06-07 14:41:51.7292|Microsoft.AspNetCore.Mvc.Internal.ObjectResultExecutor|INFO|Executing ObjectResult, writing value Microsoft.AspNetCore.Mvc.ControllerContext. 
2017-06-07 14:41:51.7486|Microsoft.AspNetCore.Mvc.Internal.ControllerActionInvoker|INFO|Executed action CTP.API.Controllers.SiteController.GetChildNodes (CTP.API) in 40077.2104ms 
2017-06-07 14:41:51.7486|Microsoft.AspNetCore.Hosting.Internal.WebHost|INFO|Request finished in 40166.0263ms 200 application/json; charset=utf-8 
2017-06-07 14:41:51.7486|Microsoft.AspNetCore.Server.Kestrel|DEBUG|Connection id "0HL5DE0LKSU1N" completed keep alive response. 
2017-06-07 14:46:22.4890|Microsoft.AspNetCore.Hosting.Internal.WebHost|DEBUG|Hosting starting 
2017-06-07 14:46:22.6396|Microsoft.AspNetCore.Hosting.Internal.WebHost|DEBUG|Hosting started 
2017-06-07 14:46:22.7077|Microsoft.AspNetCore.Server.Kestrel|DEBUG|Connection id "0HL5DE3KJL76H" started. 
2017-06-07 14:46:22.7077|Microsoft.AspNetCore.Server.Kestrel|DEBUG|Connection id "0HL5DE3KJL76I" started. 
2017-06-07 14:46:22.8253|Microsoft.AspNetCore.Hosting.Internal.WebHost|INFO|Request starting HTTP/1.1 GET http://localhost:38570/swagger/   
2017-06-07 14:46:22.8253|Microsoft.AspNetCore.Hosting.Internal.WebHost|INFO|Request starting HTTP/1.1 DEBUG http://localhost:38570/  0 
2017-06-07 14:46:22.9279|Microsoft.AspNetCore.Hosting.Internal.WebHost|INFO|Request finished in 125.0677ms 200  
2017-06-07 14:46:22.9759|Microsoft.AspNetCore.Server.Kestrel|DEBUG|Connection id "0HL5DE3KJL76H" completed keep alive response. 
2017-06-07 14:46:23.2353|Microsoft.AspNetCore.Builder.RouterMiddleware|DEBUG|Request did not match any routes. 
2017-06-07 14:46:23.2913|Microsoft.AspNetCore.StaticFiles.StaticFileMiddleware|INFO|Sending file. Request path: '/index.html'. Physical path: 'N/A' 
2017-06-07 14:46:23.3634|Microsoft.AspNetCore.Hosting.Internal.WebHost|INFO|Request starting HTTP/1.1 GET http://localhost:38570/swagger/css/screen.css   
2017-06-07 14:46:23.3714|Microsoft.AspNetCore.Server.Kestrel|DEBUG|Connection id "0HL5DE3KJL76J" started. 
2017-06-07 14:46:23.3714|Microsoft.AspNetCore.Server.Kestrel|DEBUG|Connection id "0HL5DE3KJL76L" started. 
2017-06-07 14:46:23.3714|Microsoft.AspNetCore.Server.Kestrel|DEBUG|Connection id "0HL5DE3KJL76K" started. 
2017-06-07 14:46:23.3854|Microsoft.AspNetCore.Server.Kestrel|DEBUG|Connection id "0HL5DE3KJL76M" started. 
2017-06-07 14:46:23.3854|Microsoft.AspNetCore.Hosting.Internal.WebHost|INFO|Request starting HTTP/1.1 GET http://localhost:38570/swagger/lib/jquery.slideto.min.js   
2017-06-07 14:46:23.3854|Microsoft.AspNetCore.Hosting.Internal.WebHost|INFO|Request starting HTTP/1.1 GET http://localhost:38570/swagger/css/reset.css   
2017-06-07 14:46:23.3854|Microsoft.AspNetCore.Builder.RouterMiddleware|DEBUG|Request did not match any routes. 
2017-06-07 14:46:23.4149|Microsoft.AspNetCore.Builder.RouterMiddleware|DEBUG|Request did not match any routes. 
2017-06-07 14:46:23.4179|Microsoft.AspNetCore.Builder.RouterMiddleware|DEBUG|Request did not match any routes. 
2017-06-07 14:46:23.4179|Microsoft.AspNetCore.StaticFiles.StaticFileMiddleware|INFO|The file /lib/jquery.slideto.min.js was not modified 
2017-06-07 14:46:23.4179|Microsoft.AspNetCore.StaticFiles.StaticFileMiddleware|INFO|The file /css/screen.css was not modified 
2017-06-07 14:46:23.4179|Microsoft.AspNetCore.StaticFiles.StaticFileMiddleware|INFO|The file /css/reset.css was not modified 
2017-06-07 14:46:23.4450|Microsoft.AspNetCore.StaticFiles.StaticFileMiddleware|DEBUG|Handled. Status code: 304 File: /css/screen.css 
2017-06-07 14:46:23.4450|Microsoft.AspNetCore.StaticFiles.StaticFileMiddleware|DEBUG|Handled. Status code: 304 File: /lib/jquery.slideto.min.js 
2017-06-07 14:46:23.4450|Microsoft.AspNetCore.StaticFiles.StaticFileMiddleware|DEBUG|Handled. Status code: 304 File: /css/reset.css 
2017-06-07 14:46:23.6602|Microsoft.AspNetCore.Hosting.Internal.WebHost|INFO|Request finished in 274.6364ms 304 text/css 
2017-06-07 14:46:23.6602|Microsoft.AspNetCore.Hosting.Internal.WebHost|INFO|Request finished in 271.4539ms 304 application/javascript 
2017-06-07 14:46:23.6602|Microsoft.AspNetCore.Server.Kestrel|DEBUG|Connection id "0HL5DE3KJL76J" completed keep alive response. 
2017-06-07 14:46:23.6695|Microsoft.AspNetCore.Server.Kestrel|DEBUG|Connection id "0HL5DE3KJL76L" completed keep alive response. 
2017-06-07 14:46:23.6695|Microsoft.AspNetCore.Hosting.Internal.WebHost|INFO|Request starting HTTP/1.1 GET http://localhost:38570/swagger/css/typography.css   
2017-06-07 14:46:23.6695|Microsoft.AspNetCore.Hosting.Internal.WebHost|INFO|Request starting HTTP/1.1 GET http://localhost:38570/swagger/lib/jquery.wiggle.min.js   
2017-06-07 14:46:23.6602|Microsoft.AspNetCore.Hosting.Internal.WebHost|INFO|Request finished in 296.9265ms 304 text/css 
2017-06-07 14:46:23.6695|Microsoft.AspNetCore.Builder.RouterMiddleware|DEBUG|Request did not match any routes. 
2017-06-07 14:46:23.6695|Microsoft.AspNetCore.StaticFiles.StaticFileMiddleware|INFO|The file /css/typography.css was not modified 
2017-06-07 14:46:23.6602|Microsoft.AspNetCore.Hosting.Internal.WebHost|INFO|Request finished in 865.8838ms 200 text/html 
2017-06-07 14:46:23.6845|Microsoft.AspNetCore.Server.Kestrel|DEBUG|Connection id "0HL5DE3KJL76H" completed keep alive response. 
2017-06-07 14:46:23.6845|Microsoft.AspNetCore.Server.Kestrel|DEBUG|Connection id "0HL5DE3KJL76I" completed keep alive response. 
2017-06-07 14:46:23.6845|Microsoft.AspNetCore.StaticFiles.StaticFileMiddleware|DEBUG|Handled. Status code: 304 File: /css/typography.css 
2017-06-07 14:46:23.6845|Microsoft.AspNetCore.Hosting.Internal.WebHost|INFO|Request starting HTTP/1.1 GET http://localhost:38570/swagger/lib/object-assign-pollyfill.js   
2017-06-07 14:46:23.6845|Microsoft.AspNetCore.Builder.RouterMiddleware|DEBUG|Request did not match any routes. 
2017-06-07 14:46:23.7215|Microsoft.AspNetCore.Builder.RouterMiddleware|DEBUG|Request did not match any routes. 
2017-06-07 14:46:23.7215|Microsoft.AspNetCore.Hosting.Internal.WebHost|INFO|Request finished in 48.5674ms 304 text/css 
2017-06-07 14:46:23.7215|Microsoft.AspNetCore.StaticFiles.StaticFileMiddleware|INFO|The file /lib/object-assign-pollyfill.js was not modified 
2017-06-07 14:46:23.7215|Microsoft.AspNetCore.StaticFiles.StaticFileMiddleware|INFO|The file /lib/jquery.wiggle.min.js was not modified 
2017-06-07 14:46:23.7335|Microsoft.AspNetCore.StaticFiles.StaticFileMiddleware|DEBUG|Handled. Status code: 304 File: /lib/object-assign-pollyfill.js 
2017-06-07 14:46:23.7215|Microsoft.AspNetCore.Server.Kestrel|DEBUG|Connection id "0HL5DE3KJL76K" completed keep alive response. 
2017-06-07 14:46:23.7335|Microsoft.AspNetCore.Hosting.Internal.WebHost|INFO|Request finished in 46.7055ms 304 application/javascript 
2017-06-07 14:46:23.6845|Microsoft.AspNetCore.Hosting.Internal.WebHost|INFO|Request starting HTTP/1.1 GET http://localhost:38570/swagger/lib/jquery-1.8.0.min.js   
2017-06-07 14:46:23.7335|Microsoft.AspNetCore.StaticFiles.StaticFileMiddleware|DEBUG|Handled. Status code: 304 File: /lib/jquery.wiggle.min.js 
2017-06-07 14:46:23.7530|Microsoft.AspNetCore.Server.Kestrel|DEBUG|Connection id "0HL5DE3KJL76M" completed keep alive response. 
2017-06-07 14:46:23.7665|Microsoft.AspNetCore.Builder.RouterMiddleware|DEBUG|Request did not match any routes. 
2017-06-07 14:46:23.7775|Microsoft.AspNetCore.Hosting.Internal.WebHost|INFO|Request starting HTTP/1.1 GET http://localhost:38570/swagger/lib/handlebars-4.0.5.js   
2017-06-07 14:46:23.7775|Microsoft.AspNetCore.Hosting.Internal.WebHost|INFO|Request finished in 107.6339ms 304 application/javascript 
2017-06-07 14:46:23.7775|Microsoft.AspNetCore.Builder.RouterMiddleware|DEBUG|Request did not match any routes. 
2017-06-07 14:46:23.7775|Microsoft.AspNetCore.Server.Kestrel|DEBUG|Connection id "0HL5DE3KJL76J" completed keep alive response. 
2017-06-07 14:46:23.7775|Microsoft.AspNetCore.Hosting.Internal.WebHost|INFO|Request starting HTTP/1.1 GET http://localhost:38570/swagger/lib/backbone-min.js   
2017-06-07 14:46:23.7775|Microsoft.AspNetCore.Hosting.Internal.WebHost|INFO|Request starting HTTP/1.1 GET http://localhost:38570/swagger/lib/jquery.ba-bbq.min.js   
2017-06-07 14:46:23.7775|Microsoft.AspNetCore.StaticFiles.StaticFileMiddleware|INFO|The file /lib/handlebars-4.0.5.js was not modified 
2017-06-07 14:46:23.7775|Microsoft.AspNetCore.StaticFiles.StaticFileMiddleware|INFO|The file /lib/jquery-1.8.0.min.js was not modified 
2017-06-07 14:46:23.7936|Microsoft.AspNetCore.Builder.RouterMiddleware|DEBUG|Request did not match any routes. 
2017-06-07 14:46:23.8166|Microsoft.AspNetCore.StaticFiles.StaticFileMiddleware|DEBUG|Handled. Status code: 304 File: /lib/handlebars-4.0.5.js 
2017-06-07 14:46:23.8426|Microsoft.AspNetCore.StaticFiles.StaticFileMiddleware|INFO|The file /lib/backbone-min.js was not modified 
2017-06-07 14:46:23.8426|Microsoft.AspNetCore.StaticFiles.StaticFileMiddleware|DEBUG|Handled. Status code: 304 File: /lib/jquery-1.8.0.min.js 
2017-06-07 14:46:23.8166|Microsoft.AspNetCore.Builder.RouterMiddleware|DEBUG|Request did not match any routes. 
2017-06-07 14:46:23.8699|Microsoft.AspNetCore.Hosting.Internal.WebHost|INFO|Request finished in 178.4587ms 304 application/javascript 
2017-06-07 14:46:23.8699|Microsoft.AspNetCore.StaticFiles.StaticFileMiddleware|INFO|The file /lib/jquery.ba-bbq.min.js was not modified 
2017-06-07 14:46:23.8699|Microsoft.AspNetCore.StaticFiles.StaticFileMiddleware|DEBUG|Handled. Status code: 304 File: /lib/backbone-min.js 
2017-06-07 14:46:23.8699|Microsoft.AspNetCore.Hosting.Internal.WebHost|INFO|Request finished in 90.1901ms 304 application/javascript 
2017-06-07 14:46:23.8879|Microsoft.AspNetCore.Hosting.Internal.WebHost|INFO|Request finished in 98.457ms 304 application/javascript 
2017-06-07 14:46:23.8699|Microsoft.AspNetCore.Server.Kestrel|DEBUG|Connection id "0HL5DE3KJL76I" completed keep alive response. 
2017-06-07 14:46:23.8879|Microsoft.AspNetCore.Server.Kestrel|DEBUG|Connection id "0HL5DE3KJL76K" completed keep alive response. 
2017-06-07 14:46:23.8879|Microsoft.AspNetCore.Hosting.Internal.WebHost|INFO|Request starting HTTP/1.1 GET http://localhost:38570/swagger/lib/highlight.9.1.0.pack.js   
2017-06-07 14:46:23.8879|Microsoft.AspNetCore.Server.Kestrel|DEBUG|Connection id "0HL5DE3KJL76H" completed keep alive response. 
2017-06-07 14:46:23.8879|Microsoft.AspNetCore.Hosting.Internal.WebHost|INFO|Request starting HTTP/1.1 GET http://localhost:38570/swagger/lib/lodash.min.js   
2017-06-07 14:46:23.8699|Microsoft.AspNetCore.StaticFiles.StaticFileMiddleware|DEBUG|Handled. Status code: 304 File: /lib/jquery.ba-bbq.min.js 
2017-06-07 14:46:23.9079|Microsoft.AspNetCore.Hosting.Internal.WebHost|INFO|Request starting HTTP/1.1 GET http://localhost:38570/swagger/swagger-ui.min.js   
2017-06-07 14:46:23.9179|Microsoft.AspNetCore.Builder.RouterMiddleware|DEBUG|Request did not match any routes. 
2017-06-07 14:46:23.9179|Microsoft.AspNetCore.StaticFiles.StaticFileMiddleware|INFO|The file /lib/lodash.min.js was not modified 
2017-06-07 14:46:23.9079|Microsoft.AspNetCore.Builder.RouterMiddleware|DEBUG|Request did not match any routes. 
2017-06-07 14:46:23.9509|Microsoft.AspNetCore.StaticFiles.StaticFileMiddleware|INFO|The file /lib/highlight.9.1.0.pack.js was not modified 
2017-06-07 14:46:23.9509|Microsoft.AspNetCore.Hosting.Internal.WebHost|INFO|Request finished in 177.1187ms 304 application/javascript 
2017-06-07 14:46:23.9179|Microsoft.AspNetCore.Builder.RouterMiddleware|DEBUG|Request did not match any routes. 
2017-06-07 14:46:23.9644|Microsoft.AspNetCore.StaticFiles.StaticFileMiddleware|INFO|The file /swagger-ui.min.js was not modified 
2017-06-07 14:46:23.9509|Microsoft.AspNetCore.StaticFiles.StaticFileMiddleware|DEBUG|Handled. Status code: 304 File: /lib/highlight.9.1.0.pack.js 
2017-06-07 14:46:23.9644|Microsoft.AspNetCore.Server.Kestrel|DEBUG|Connection id "0HL5DE3KJL76L" completed keep alive response. 
2017-06-07 14:46:23.9844|Microsoft.AspNetCore.StaticFiles.StaticFileMiddleware|DEBUG|Handled. Status code: 304 File: /swagger-ui.min.js 
2017-06-07 14:46:23.9509|Microsoft.AspNetCore.StaticFiles.StaticFileMiddleware|DEBUG|Handled. Status code: 304 File: /lib/lodash.min.js 
2017-06-07 14:46:23.9844|Microsoft.AspNetCore.Hosting.Internal.WebHost|INFO|Request finished in 88.4407ms 304 application/javascript 
2017-06-07 14:46:23.9844|Microsoft.AspNetCore.Hosting.Internal.WebHost|INFO|Request finished in 85.7969ms 304 application/javascript 
2017-06-07 14:46:24.0015|Microsoft.AspNetCore.Server.Kestrel|DEBUG|Connection id "0HL5DE3KJL76I" completed keep alive response. 
2017-06-07 14:46:24.0125|Microsoft.AspNetCore.Server.Kestrel|DEBUG|Connection id "0HL5DE3KJL76J" completed keep alive response. 
2017-06-07 14:46:24.0015|Microsoft.AspNetCore.Hosting.Internal.WebHost|INFO|Request finished in 100.6093ms 304 application/javascript 
2017-06-07 14:46:24.0125|Microsoft.AspNetCore.Server.Kestrel|DEBUG|Connection id "0HL5DE3KJL76M" completed keep alive response. 
2017-06-07 14:46:24.0700|Microsoft.AspNetCore.Hosting.Internal.WebHost|INFO|Request starting HTTP/1.1 GET http://localhost:38570/swagger/lib/highlight.9.1.0.pack_extended.js   
2017-06-07 14:46:24.0750|Microsoft.AspNetCore.Hosting.Internal.WebHost|INFO|Request starting HTTP/1.1 GET http://localhost:38570/swagger/lib/jsoneditor.min.js   
2017-06-07 14:46:24.0750|Microsoft.AspNetCore.Builder.RouterMiddleware|DEBUG|Request did not match any routes. 
2017-06-07 14:46:24.0750|Microsoft.AspNetCore.Hosting.Internal.WebHost|INFO|Request starting HTTP/1.1 GET http://localhost:38570/swagger/lib/swagger-oauth.js   
2017-06-07 14:46:24.0891|Microsoft.AspNetCore.StaticFiles.StaticFileMiddleware|INFO|The file /lib/highlight.9.1.0.pack_extended.js was not modified 
2017-06-07 14:46:24.0891|Microsoft.AspNetCore.Builder.RouterMiddleware|DEBUG|Request did not match any routes. 
2017-06-07 14:46:24.0891|Microsoft.AspNetCore.StaticFiles.StaticFileMiddleware|INFO|The file /lib/jsoneditor.min.js was not modified 
2017-06-07 14:46:24.0891|Microsoft.AspNetCore.Builder.RouterMiddleware|DEBUG|Request did not match any routes. 
2017-06-07 14:46:24.1181|Microsoft.AspNetCore.StaticFiles.StaticFileMiddleware|DEBUG|Handled. Status code: 304 File: /lib/highlight.9.1.0.pack_extended.js 
2017-06-07 14:46:24.1221|Microsoft.AspNetCore.StaticFiles.StaticFileMiddleware|DEBUG|Handled. Status code: 304 File: /lib/jsoneditor.min.js 
2017-06-07 14:46:24.1221|Microsoft.AspNetCore.Hosting.Internal.WebHost|INFO|Request finished in 55.2685ms 304 application/javascript 
2017-06-07 14:46:24.0750|Microsoft.AspNetCore.Hosting.Internal.WebHost|INFO|Request starting HTTP/1.1 GET http://localhost:38570/swagger/lib/marked.js   
2017-06-07 14:46:24.1221|Microsoft.AspNetCore.Hosting.Internal.WebHost|INFO|Request finished in 53.8ms 304 application/javascript 
2017-06-07 14:46:24.1181|Microsoft.AspNetCore.StaticFiles.StaticFileMiddleware|INFO|The file /lib/swagger-oauth.js was not modified 
2017-06-07 14:46:24.1516|Microsoft.AspNetCore.Server.Kestrel|DEBUG|Connection id "0HL5DE3KJL76H" completed keep alive response. 
2017-06-07 14:46:24.1221|Microsoft.AspNetCore.Server.Kestrel|DEBUG|Connection id "0HL5DE3KJL76K" completed keep alive response. 
2017-06-07 14:46:24.1666|Microsoft.AspNetCore.StaticFiles.StaticFileMiddleware|DEBUG|Handled. Status code: 304 File: /lib/swagger-oauth.js 
2017-06-07 14:46:24.1371|Microsoft.AspNetCore.Builder.RouterMiddleware|DEBUG|Request did not match any routes. 
2017-06-07 14:46:24.1666|Microsoft.AspNetCore.Hosting.Internal.WebHost|INFO|Request finished in 98.089ms 304 application/javascript 
2017-06-07 14:46:24.1666|Microsoft.AspNetCore.StaticFiles.StaticFileMiddleware|INFO|The file /lib/marked.js was not modified 
2017-06-07 14:46:24.1836|Microsoft.AspNetCore.Server.Kestrel|DEBUG|Connection id "0HL5DE3KJL76I" completed keep alive response. 
2017-06-07 14:46:24.1996|Microsoft.AspNetCore.StaticFiles.StaticFileMiddleware|DEBUG|Handled. Status code: 304 File: /lib/marked.js 
2017-06-07 14:46:24.1996|Microsoft.AspNetCore.Hosting.Internal.WebHost|INFO|Request finished in 129.1454ms 304 application/javascript 
2017-06-07 14:46:24.1996|Microsoft.AspNetCore.Server.Kestrel|DEBUG|Connection id "0HL5DE3KJL76L" completed keep alive response. 
2017-06-07 14:46:24.1996|Microsoft.AspNetCore.Hosting.Internal.WebHost|INFO|Request starting HTTP/1.1 GET http://localhost:38570/swagger/images/logo_small.png   
2017-06-07 14:46:24.2207|Microsoft.AspNetCore.Builder.RouterMiddleware|DEBUG|Request did not match any routes. 
2017-06-07 14:46:24.2207|Microsoft.AspNetCore.StaticFiles.StaticFileMiddleware|INFO|The file /images/logo_small.png was not modified 
2017-06-07 14:46:24.2207|Microsoft.AspNetCore.StaticFiles.StaticFileMiddleware|DEBUG|Handled. Status code: 304 File: /images/logo_small.png 
2017-06-07 14:46:24.2287|Microsoft.AspNetCore.Hosting.Internal.WebHost|INFO|Request finished in 16.9719ms 304 image/png 
2017-06-07 14:46:24.2287|Microsoft.AspNetCore.Server.Kestrel|DEBUG|Connection id "0HL5DE3KJL76J" completed keep alive response. 
2017-06-07 14:46:24.2447|Microsoft.AspNetCore.Hosting.Internal.WebHost|INFO|Request starting HTTP/1.1 GET http://localhost:38570/swagger/css/print.css   
2017-06-07 14:46:24.2447|Microsoft.AspNetCore.Builder.RouterMiddleware|DEBUG|Request did not match any routes. 
2017-06-07 14:46:24.2447|Microsoft.AspNetCore.StaticFiles.StaticFileMiddleware|INFO|The file /css/print.css was not modified 
2017-06-07 14:46:24.2447|Microsoft.AspNetCore.StaticFiles.StaticFileMiddleware|DEBUG|Handled. Status code: 304 File: /css/print.css 
2017-06-07 14:46:24.2447|Microsoft.AspNetCore.Hosting.Internal.WebHost|INFO|Request finished in 10.3606ms 304 text/css 
2017-06-07 14:46:24.2447|Microsoft.AspNetCore.Server.Kestrel|DEBUG|Connection id "0HL5DE3KJL76M" completed keep alive response. 
2017-06-07 14:46:24.3137|Microsoft.AspNetCore.Hosting.Internal.WebHost|INFO|Request starting HTTP/1.1 GET http://localhost:38570/swagger/v1/swagger.json   
2017-06-07 14:46:24.3137|Microsoft.AspNetCore.Builder.RouterMiddleware|DEBUG|Request did not match any routes. 
2017-06-07 14:46:24.3358|Microsoft.AspNetCore.Hosting.Internal.WebHost|INFO|Request starting HTTP/1.1 GET http://localhost:38570/swagger/images/favicon-16x16.png   
2017-06-07 14:46:24.3418|Microsoft.AspNetCore.Builder.RouterMiddleware|DEBUG|Request did not match any routes. 
2017-06-07 14:46:24.3548|Microsoft.AspNetCore.StaticFiles.StaticFileMiddleware|INFO|The file /images/favicon-16x16.png was not modified 
2017-06-07 14:46:24.3548|Microsoft.AspNetCore.StaticFiles.StaticFileMiddleware|DEBUG|Handled. Status code: 304 File: /images/favicon-16x16.png 
2017-06-07 14:46:24.3718|Microsoft.AspNetCore.Hosting.Internal.WebHost|INFO|Request finished in 35.8005ms 304 image/png 
2017-06-07 14:46:24.3718|Microsoft.AspNetCore.Server.Kestrel|DEBUG|Connection id "0HL5DE3KJL76H" completed keep alive response. 
2017-06-07 14:46:24.7271|Microsoft.AspNetCore.Hosting.Internal.WebHost|INFO|Request finished in 413.6792ms 200 application/json 
2017-06-07 14:46:24.7321|Microsoft.AspNetCore.Server.Kestrel|DEBUG|Connection id "0HL5DE3KJL76K" completed keep alive response. 
2017-06-07 14:46:26.1922|Microsoft.AspNetCore.Hosting.Internal.WebHost|INFO|Request starting HTTP/1.1 GET http://localhost:38570/swagger/images/throbber.gif   
2017-06-07 14:46:26.2032|Microsoft.AspNetCore.Builder.RouterMiddleware|DEBUG|Request did not match any routes. 
2017-06-07 14:46:26.2032|Microsoft.AspNetCore.StaticFiles.StaticFileMiddleware|INFO|The file /images/throbber.gif was not modified 
2017-06-07 14:46:26.2032|Microsoft.AspNetCore.StaticFiles.StaticFileMiddleware|DEBUG|Handled. Status code: 304 File: /images/throbber.gif 
2017-06-07 14:46:26.2032|Microsoft.AspNetCore.Hosting.Internal.WebHost|INFO|Request finished in 19.7412ms 304 image/gif 
2017-06-07 14:46:26.2172|Microsoft.AspNetCore.Server.Kestrel|DEBUG|Connection id "0HL5DE3KJL76I" completed keep alive response. 
2017-06-07 14:46:26.2843|Microsoft.AspNetCore.Hosting.Internal.WebHost|INFO|Request starting HTTP/1.1 GET http://localhost:38570/swagger/images/favicon-16x16.png   
2017-06-07 14:46:26.2843|Microsoft.AspNetCore.Builder.RouterMiddleware|DEBUG|Request did not match any routes. 
2017-06-07 14:46:26.2843|Microsoft.AspNetCore.StaticFiles.StaticFileMiddleware|INFO|The file /images/favicon-16x16.png was not modified 
2017-06-07 14:46:26.2943|Microsoft.AspNetCore.StaticFiles.StaticFileMiddleware|DEBUG|Handled. Status code: 304 File: /images/favicon-16x16.png 
2017-06-07 14:46:26.2943|Microsoft.AspNetCore.Hosting.Internal.WebHost|INFO|Request finished in 17.9808ms 304 image/png 
2017-06-07 14:46:26.3093|Microsoft.AspNetCore.Server.Kestrel|DEBUG|Connection id "0HL5DE3KJL76L" completed keep alive response. 
2017-06-07 14:46:32.1968|Microsoft.AspNetCore.Hosting.Internal.WebHost|INFO|Request starting HTTP/1.1 POST http://localhost:38570/Api/Site/Nodes application/json 2 
2017-06-07 14:46:32.2031|Microsoft.AspNetCore.Routing.Tree.TreeRouter|DEBUG|Request successfully matched the route with name '' and template 'Api/Site/Nodes'. 
2017-06-07 14:46:32.2621|Microsoft.AspNetCore.Mvc.Internal.ControllerActionInvoker|DEBUG|Executing action CTP.API.Controllers.SiteController.GetChildNodes (CTP.API) 
2017-06-07 14:46:32.4854|Microsoft.AspNetCore.Mvc.Internal.ControllerActionInvoker|INFO|Executing action method CTP.API.Controllers.SiteController.GetChildNodes (CTP.API) with arguments (CTP.Redis.Request.RequestNode) - ModelState is Valid 
2017-06-07 14:46:32.4854|BaseController|INFO|Server is running... 
2017-06-07 14:46:32.4854|BaseController|INFO|Current Thead Id:4 
2017-06-07 14:46:37.3967|Microsoft.AspNetCore.Mvc.Internal.ControllerActionInvoker|DEBUG|Executed action method CTP.API.Controllers.SiteController.GetChildNodes (CTP.API), returned result Microsoft.AspNetCore.Mvc.ObjectResult. 
2017-06-07 14:46:37.4238|Microsoft.AspNetCore.Mvc.Internal.ObjectResultExecutor|DEBUG|Could not find an output formatter based on content negotiation. Accepted types were (text/plain) 
2017-06-07 14:46:37.4238|Microsoft.AspNetCore.Mvc.Internal.ObjectResultExecutor|DEBUG|Selected output formatter 'Microsoft.AspNetCore.Mvc.Formatters.StringOutputFormatter' and content type 'application/json' to write the response. 
2017-06-07 14:46:37.4238|Microsoft.AspNetCore.Mvc.Internal.ObjectResultExecutor|INFO|Executing ObjectResult, writing value Microsoft.AspNetCore.Mvc.ControllerContext. 
2017-06-07 14:46:37.4481|Microsoft.AspNetCore.Mvc.Internal.ControllerActionInvoker|INFO|Executed action CTP.API.Controllers.SiteController.GetChildNodes (CTP.API) in 5183.3458ms 
2017-06-07 14:46:37.4481|Microsoft.AspNetCore.Hosting.Internal.WebHost|INFO|Request finished in 5257.9921ms 200 application/json; charset=utf-8 
2017-06-07 14:46:37.4481|Microsoft.AspNetCore.Server.Kestrel|DEBUG|Connection id "0HL5DE3KJL76J" completed keep alive response. 
2017-06-07 14:48:12.6853|Microsoft.AspNetCore.Server.Kestrel|DEBUG|Connection id "0HL5DE3KJL76M" received FIN. 
2017-06-07 14:48:12.6853|Microsoft.AspNetCore.Server.Kestrel|DEBUG|Connection id "0HL5DE3KJL76K" received FIN. 
2017-06-07 14:48:12.6853|Microsoft.AspNetCore.Server.Kestrel|DEBUG|Connection id "0HL5DE3KJL76I" received FIN. 
2017-06-07 14:48:12.6853|Microsoft.AspNetCore.Server.Kestrel|DEBUG|Connection id "0HL5DE3KJL76H" received FIN. 
2017-06-07 14:48:12.7296|Microsoft.AspNetCore.Server.Kestrel|DEBUG|Connection id "0HL5DE3KJL76L" received FIN. 
2017-06-07 14:48:12.7296|Microsoft.AspNetCore.Server.Kestrel|DEBUG|Connection id "0HL5DE3KJL76J" received FIN. 
2017-06-07 14:48:12.7286|Microsoft.AspNetCore.Server.Kestrel|DEBUG|Connection id "0HL5DE3KJL76K" disconnecting. 
2017-06-07 14:48:12.7286|Microsoft.AspNetCore.Server.Kestrel|DEBUG|Connection id "0HL5DE3KJL76M" disconnecting. 
2017-06-07 14:48:12.7296|Microsoft.AspNetCore.Server.Kestrel|DEBUG|Connection id "0HL5DE3KJL76L" disconnecting. 
2017-06-07 14:48:12.7296|Microsoft.AspNetCore.Server.Kestrel|DEBUG|Connection id "0HL5DE3KJL76M" sending FIN. 
2017-06-07 14:48:12.7296|Microsoft.AspNetCore.Server.Kestrel|DEBUG|Connection id "0HL5DE3KJL76H" disconnecting. 
2017-06-07 14:48:12.7296|Microsoft.AspNetCore.Server.Kestrel|DEBUG|Connection id "0HL5DE3KJL76J" disconnecting. 
2017-06-07 14:48:12.7296|Microsoft.AspNetCore.Server.Kestrel|DEBUG|Connection id "0HL5DE3KJL76L" sending FIN. 
2017-06-07 14:48:12.7296|Microsoft.AspNetCore.Server.Kestrel|DEBUG|Connection id "0HL5DE3KJL76H" sending FIN. 
2017-06-07 14:48:12.7286|Microsoft.AspNetCore.Server.Kestrel|DEBUG|Connection id "0HL5DE3KJL76I" disconnecting. 
2017-06-07 14:48:12.7296|Microsoft.AspNetCore.Server.Kestrel|DEBUG|Connection id "0HL5DE3KJL76J" sending FIN. 
2017-06-07 14:48:12.7296|Microsoft.AspNetCore.Server.Kestrel|DEBUG|Connection id "0HL5DE3KJL76K" sending FIN. 
2017-06-07 14:48:12.7296|Microsoft.AspNetCore.Server.Kestrel|DEBUG|Connection id "0HL5DE3KJL76I" sending FIN. 
2017-06-07 14:48:12.7296|Microsoft.AspNetCore.Server.Kestrel|DEBUG|Connection id "0HL5DE3KJL76J" sent FIN with status "0". 
2017-06-07 14:48:12.7296|Microsoft.AspNetCore.Server.Kestrel|DEBUG|Connection id "0HL5DE3KJL76I" sent FIN with status "0". 
2017-06-07 14:48:12.7481|Microsoft.AspNetCore.Server.Kestrel|DEBUG|Connection id "0HL5DE3KJL76I" stopped. 
2017-06-07 14:48:12.7481|Microsoft.AspNetCore.Server.Kestrel|DEBUG|Connection id "0HL5DE3KJL76J" stopped. 
2017-06-07 14:48:12.7481|Microsoft.AspNetCore.Server.Kestrel|DEBUG|Connection id "0HL5DE3KJL76K" sent FIN with status "0". 
2017-06-07 14:48:12.7481|Microsoft.AspNetCore.Server.Kestrel|DEBUG|Connection id "0HL5DE3KJL76H" sent FIN with status "0". 
2017-06-07 14:48:12.7481|Microsoft.AspNetCore.Server.Kestrel|DEBUG|Connection id "0HL5DE3KJL76H" stopped. 
2017-06-07 14:48:12.7481|Microsoft.AspNetCore.Server.Kestrel|DEBUG|Connection id "0HL5DE3KJL76K" stopped. 
2017-06-07 14:48:12.7481|Microsoft.AspNetCore.Server.Kestrel|DEBUG|Connection id "0HL5DE3KJL76M" sent FIN with status "0". 
2017-06-07 14:48:12.7481|Microsoft.AspNetCore.Server.Kestrel|DEBUG|Connection id "0HL5DE3KJL76L" sent FIN with status "0". 
2017-06-07 14:48:12.7481|Microsoft.AspNetCore.Server.Kestrel|DEBUG|Connection id "0HL5DE3KJL76M" stopped. 
2017-06-07 14:48:12.7481|Microsoft.AspNetCore.Server.Kestrel|DEBUG|Connection id "0HL5DE3KJL76L" stopped. 
2017-06-07 14:49:29.7318|Microsoft.AspNetCore.Hosting.Internal.WebHost|DEBUG|Hosting starting 
2017-06-07 14:49:29.9420|Microsoft.AspNetCore.Hosting.Internal.WebHost|DEBUG|Hosting started 
2017-06-07 14:49:30.0632|Microsoft.AspNetCore.Server.Kestrel|DEBUG|Connection id "0HL5DE5CECBGH" started. 
2017-06-07 14:49:30.0632|Microsoft.AspNetCore.Server.Kestrel|DEBUG|Connection id "0HL5DE5CECBGI" started. 
2017-06-07 14:49:30.2349|Microsoft.AspNetCore.Hosting.Internal.WebHost|INFO|Request starting HTTP/1.1 GET http://localhost:38570/swagger/   
2017-06-07 14:49:30.2349|Microsoft.AspNetCore.Hosting.Internal.WebHost|INFO|Request starting HTTP/1.1 DEBUG http://localhost:38570/  0 
2017-06-07 14:49:30.3525|Microsoft.AspNetCore.Hosting.Internal.WebHost|INFO|Request finished in 144.8603ms 200  
2017-06-07 14:49:30.4290|Microsoft.AspNetCore.Server.Kestrel|DEBUG|Connection id "0HL5DE5CECBGH" completed keep alive response. 
2017-06-07 14:49:30.7038|Microsoft.AspNetCore.Builder.RouterMiddleware|DEBUG|Request did not match any routes. 
2017-06-07 14:49:30.7729|Microsoft.AspNetCore.StaticFiles.StaticFileMiddleware|INFO|Sending file. Request path: '/index.html'. Physical path: 'N/A' 
2017-06-07 14:49:30.8299|Microsoft.AspNetCore.Server.Kestrel|DEBUG|Connection id "0HL5DE5CECBGJ" started. 
2017-06-07 14:49:30.8299|Microsoft.AspNetCore.Server.Kestrel|DEBUG|Connection id "0HL5DE5CECBGK" started. 
2017-06-07 14:49:30.8299|Microsoft.AspNetCore.Server.Kestrel|DEBUG|Connection id "0HL5DE5CECBGL" started. 
2017-06-07 14:49:30.8384|Microsoft.AspNetCore.Hosting.Internal.WebHost|INFO|Request starting HTTP/1.1 GET http://localhost:38570/swagger/css/typography.css   
2017-06-07 14:49:30.8299|Microsoft.AspNetCore.Hosting.Internal.WebHost|INFO|Request starting HTTP/1.1 GET http://localhost:38570/swagger/css/screen.css   
2017-06-07 14:49:30.8579|Microsoft.AspNetCore.Builder.RouterMiddleware|DEBUG|Request did not match any routes. 
2017-06-07 14:49:30.8299|Microsoft.AspNetCore.Server.Kestrel|DEBUG|Connection id "0HL5DE5CECBGM" started. 
2017-06-07 14:49:30.8299|Microsoft.AspNetCore.Hosting.Internal.WebHost|INFO|Request starting HTTP/1.1 GET http://localhost:38570/swagger/css/reset.css   
2017-06-07 14:49:30.8579|Microsoft.AspNetCore.StaticFiles.StaticFileMiddleware|INFO|The file /css/typography.css was not modified 
2017-06-07 14:49:30.8859|Microsoft.AspNetCore.Builder.RouterMiddleware|DEBUG|Request did not match any routes. 
2017-06-07 14:49:30.8859|Microsoft.AspNetCore.StaticFiles.StaticFileMiddleware|INFO|The file /css/reset.css was not modified 
2017-06-07 14:49:30.8579|Microsoft.AspNetCore.Builder.RouterMiddleware|DEBUG|Request did not match any routes. 
2017-06-07 14:49:30.9090|Microsoft.AspNetCore.StaticFiles.StaticFileMiddleware|INFO|The file /css/screen.css was not modified 
2017-06-07 14:49:30.9090|Microsoft.AspNetCore.StaticFiles.StaticFileMiddleware|DEBUG|Handled. Status code: 304 File: /css/screen.css 
2017-06-07 14:49:30.9090|Microsoft.AspNetCore.StaticFiles.StaticFileMiddleware|DEBUG|Handled. Status code: 304 File: /css/typography.css 
2017-06-07 14:49:30.9090|Microsoft.AspNetCore.StaticFiles.StaticFileMiddleware|DEBUG|Handled. Status code: 304 File: /css/reset.css 
2017-06-07 14:49:31.1272|Microsoft.AspNetCore.Hosting.Internal.WebHost|INFO|Request finished in 292.4626ms 304 text/css 
2017-06-07 14:49:31.1272|Microsoft.AspNetCore.Hosting.Internal.WebHost|INFO|Request finished in 294.5108ms 304 text/css 
2017-06-07 14:49:31.1272|Microsoft.AspNetCore.Server.Kestrel|DEBUG|Connection id "0HL5DE5CECBGJ" completed keep alive response. 
2017-06-07 14:49:31.1382|Microsoft.AspNetCore.Hosting.Internal.WebHost|INFO|Request starting HTTP/1.1 GET http://localhost:38570/swagger/lib/jquery.wiggle.min.js   
2017-06-07 14:49:31.1272|Microsoft.AspNetCore.Hosting.Internal.WebHost|INFO|Request finished in 289.0417ms 304 text/css 
2017-06-07 14:49:31.1382|Microsoft.AspNetCore.Server.Kestrel|DEBUG|Connection id "0HL5DE5CECBGH" completed keep alive response. 
2017-06-07 14:49:31.1272|Microsoft.AspNetCore.Hosting.Internal.WebHost|INFO|Request finished in 935.6503ms 200 text/html 
2017-06-07 14:49:31.1512|Microsoft.AspNetCore.Hosting.Internal.WebHost|INFO|Request starting HTTP/1.1 GET http://localhost:38570/swagger/lib/jquery.ba-bbq.min.js   
2017-06-07 14:49:31.1512|Microsoft.AspNetCore.Server.Kestrel|DEBUG|Connection id "0HL5DE5CECBGI" completed keep alive response. 
2017-06-07 14:49:31.1712|Microsoft.AspNetCore.Hosting.Internal.WebHost|INFO|Request starting HTTP/1.1 GET http://localhost:38570/swagger/lib/object-assign-pollyfill.js   
2017-06-07 14:49:31.1712|Microsoft.AspNetCore.Builder.RouterMiddleware|DEBUG|Request did not match any routes. 
2017-06-07 14:49:31.1712|Microsoft.AspNetCore.StaticFiles.StaticFileMiddleware|INFO|The file /lib/jquery.ba-bbq.min.js was not modified 
2017-06-07 14:49:31.1842|Microsoft.AspNetCore.Builder.RouterMiddleware|DEBUG|Request did not match any routes. 
2017-06-07 14:49:31.1842|Microsoft.AspNetCore.StaticFiles.StaticFileMiddleware|DEBUG|Handled. Status code: 304 File: /lib/jquery.ba-bbq.min.js 
2017-06-07 14:49:31.1512|Microsoft.AspNetCore.Server.Kestrel|DEBUG|Connection id "0HL5DE5CECBGK" completed keep alive response. 
2017-06-07 14:49:31.2002|Microsoft.AspNetCore.Hosting.Internal.WebHost|INFO|Request starting HTTP/1.1 GET http://localhost:38570/swagger/lib/handlebars-4.0.5.js   
2017-06-07 14:49:31.2002|Microsoft.AspNetCore.Hosting.Internal.WebHost|INFO|Request finished in 47.2715ms 304 application/javascript 
2017-06-07 14:49:31.1842|Microsoft.AspNetCore.StaticFiles.StaticFileMiddleware|INFO|The file /lib/object-assign-pollyfill.js was not modified 
2017-06-07 14:49:31.1382|Microsoft.AspNetCore.Builder.RouterMiddleware|DEBUG|Request did not match any routes. 
2017-06-07 14:49:31.2182|Microsoft.AspNetCore.StaticFiles.StaticFileMiddleware|INFO|The file /lib/jquery.wiggle.min.js was not modified 
2017-06-07 14:49:31.2002|Microsoft.AspNetCore.Builder.RouterMiddleware|DEBUG|Request did not match any routes. 
2017-06-07 14:49:31.2182|Microsoft.AspNetCore.StaticFiles.StaticFileMiddleware|DEBUG|Handled. Status code: 304 File: /lib/jquery.wiggle.min.js 
2017-06-07 14:49:31.2182|Microsoft.AspNetCore.StaticFiles.StaticFileMiddleware|DEBUG|Handled. Status code: 304 File: /lib/object-assign-pollyfill.js 
2017-06-07 14:49:31.2182|Microsoft.AspNetCore.StaticFiles.StaticFileMiddleware|INFO|The file /lib/handlebars-4.0.5.js was not modified 
2017-06-07 14:49:31.2328|Microsoft.AspNetCore.Hosting.Internal.WebHost|INFO|Request finished in 93.208ms 304 application/javascript 
2017-06-07 14:49:31.2002|Microsoft.AspNetCore.Server.Kestrel|DEBUG|Connection id "0HL5DE5CECBGH" completed keep alive response. 
2017-06-07 14:49:31.2617|Microsoft.AspNetCore.Server.Kestrel|DEBUG|Connection id "0HL5DE5CECBGJ" completed keep alive response. 
2017-06-07 14:49:31.2578|Microsoft.AspNetCore.StaticFiles.StaticFileMiddleware|DEBUG|Handled. Status code: 304 File: /lib/handlebars-4.0.5.js 
2017-06-07 14:49:31.2617|Microsoft.AspNetCore.Hosting.Internal.WebHost|INFO|Request starting HTTP/1.1 GET http://localhost:38570/swagger/lib/jquery-1.8.0.min.js   
2017-06-07 14:49:31.2328|Microsoft.AspNetCore.Hosting.Internal.WebHost|INFO|Request finished in 64.5894ms 304 application/javascript 
2017-06-07 14:49:31.2617|Microsoft.AspNetCore.Hosting.Internal.WebHost|INFO|Request finished in 69.0127ms 304 application/javascript 
2017-06-07 14:49:31.2617|Microsoft.AspNetCore.Hosting.Internal.WebHost|INFO|Request starting HTTP/1.1 GET http://localhost:38570/swagger/lib/lodash.min.js   
2017-06-07 14:49:31.2758|Microsoft.AspNetCore.Server.Kestrel|DEBUG|Connection id "0HL5DE5CECBGK" completed keep alive response. 
2017-06-07 14:49:31.2758|Microsoft.AspNetCore.Server.Kestrel|DEBUG|Connection id "0HL5DE5CECBGI" completed keep alive response. 
2017-06-07 14:49:31.2918|Microsoft.AspNetCore.Hosting.Internal.WebHost|INFO|Request starting HTTP/1.1 GET http://localhost:38570/swagger/swagger-ui.min.js   
2017-06-07 14:49:31.2758|Microsoft.AspNetCore.Hosting.Internal.WebHost|INFO|Request starting HTTP/1.1 GET http://localhost:38570/swagger/lib/highlight.9.1.0.pack.js   
2017-06-07 14:49:31.2758|Microsoft.AspNetCore.Builder.RouterMiddleware|DEBUG|Request did not match any routes. 
2017-06-07 14:49:31.2918|Microsoft.AspNetCore.StaticFiles.StaticFileMiddleware|INFO|The file /lib/lodash.min.js was not modified 
2017-06-07 14:49:31.2617|Microsoft.AspNetCore.Builder.RouterMiddleware|DEBUG|Request did not match any routes. 
2017-06-07 14:49:31.3128|Microsoft.AspNetCore.StaticFiles.StaticFileMiddleware|DEBUG|Handled. Status code: 304 File: /lib/lodash.min.js 
2017-06-07 14:49:31.2918|Microsoft.AspNetCore.Builder.RouterMiddleware|DEBUG|Request did not match any routes. 
2017-06-07 14:49:31.3128|Microsoft.AspNetCore.Hosting.Internal.WebHost|INFO|Request finished in 57.528ms 304 application/javascript 
2017-06-07 14:49:31.3128|Microsoft.AspNetCore.StaticFiles.StaticFileMiddleware|INFO|The file /swagger-ui.min.js was not modified 
2017-06-07 14:49:31.2918|Microsoft.AspNetCore.Builder.RouterMiddleware|DEBUG|Request did not match any routes. 
2017-06-07 14:49:31.3238|Microsoft.AspNetCore.StaticFiles.StaticFileMiddleware|DEBUG|Handled. Status code: 304 File: /swagger-ui.min.js 
2017-06-07 14:49:31.3238|Microsoft.AspNetCore.StaticFiles.StaticFileMiddleware|INFO|The file /lib/highlight.9.1.0.pack.js was not modified 
2017-06-07 14:49:31.3128|Microsoft.AspNetCore.StaticFiles.StaticFileMiddleware|INFO|The file /lib/jquery-1.8.0.min.js was not modified 
2017-06-07 14:49:31.3238|Microsoft.AspNetCore.Hosting.Internal.WebHost|INFO|Request finished in 44.2631ms 304 application/javascript 
2017-06-07 14:49:31.3583|Microsoft.AspNetCore.StaticFiles.StaticFileMiddleware|DEBUG|Handled. Status code: 304 File: /lib/jquery-1.8.0.min.js 
2017-06-07 14:49:31.3583|Microsoft.AspNetCore.Server.Kestrel|DEBUG|Connection id "0HL5DE5CECBGI" completed keep alive response. 
2017-06-07 14:49:31.3238|Microsoft.AspNetCore.Server.Kestrel|DEBUG|Connection id "0HL5DE5CECBGH" completed keep alive response. 
2017-06-07 14:49:31.3723|Microsoft.AspNetCore.Hosting.Internal.WebHost|INFO|Request starting HTTP/1.1 GET http://localhost:38570/swagger/lib/highlight.9.1.0.pack_extended.js   
2017-06-07 14:49:31.3583|Microsoft.AspNetCore.StaticFiles.StaticFileMiddleware|DEBUG|Handled. Status code: 304 File: /lib/highlight.9.1.0.pack.js 
2017-06-07 14:49:31.3723|Microsoft.AspNetCore.Hosting.Internal.WebHost|INFO|Request finished in 106.8474ms 304 application/javascript 
2017-06-07 14:49:31.3853|Microsoft.AspNetCore.Hosting.Internal.WebHost|INFO|Request finished in 100.9324ms 304 application/javascript 
2017-06-07 14:49:31.3853|Microsoft.AspNetCore.Builder.RouterMiddleware|DEBUG|Request did not match any routes. 
2017-06-07 14:49:31.3853|Microsoft.AspNetCore.StaticFiles.StaticFileMiddleware|INFO|The file /lib/highlight.9.1.0.pack_extended.js was not modified 
2017-06-07 14:49:31.3723|Microsoft.AspNetCore.Hosting.Internal.WebHost|INFO|Request starting HTTP/1.1 GET http://localhost:38570/swagger/lib/jsoneditor.min.js   
2017-06-07 14:49:31.4244|Microsoft.AspNetCore.Server.Kestrel|DEBUG|Connection id "0HL5DE5CECBGL" completed keep alive response. 
2017-06-07 14:49:31.4329|Microsoft.AspNetCore.Hosting.Internal.WebHost|INFO|Request starting HTTP/1.1 GET http://localhost:38570/swagger/lib/marked.js   
2017-06-07 14:49:31.4329|Microsoft.AspNetCore.Server.Kestrel|DEBUG|Connection id "0HL5DE5CECBGK" completed keep alive response. 
2017-06-07 14:49:31.4244|Microsoft.AspNetCore.StaticFiles.StaticFileMiddleware|DEBUG|Handled. Status code: 304 File: /lib/highlight.9.1.0.pack_extended.js 
2017-06-07 14:49:31.4329|Microsoft.AspNetCore.Builder.RouterMiddleware|DEBUG|Request did not match any routes. 
2017-06-07 14:49:31.4554|Microsoft.AspNetCore.StaticFiles.StaticFileMiddleware|INFO|The file /lib/jsoneditor.min.js was not modified 
2017-06-07 14:49:31.4554|Microsoft.AspNetCore.Builder.RouterMiddleware|DEBUG|Request did not match any routes. 
2017-06-07 14:49:31.4674|Microsoft.AspNetCore.StaticFiles.StaticFileMiddleware|INFO|The file /lib/marked.js was not modified 
2017-06-07 14:49:31.4674|Microsoft.AspNetCore.Hosting.Internal.WebHost|INFO|Request finished in 97.0322ms 304 application/javascript 
2017-06-07 14:49:31.4674|Microsoft.AspNetCore.StaticFiles.StaticFileMiddleware|DEBUG|Handled. Status code: 304 File: /lib/jsoneditor.min.js 
2017-06-07 14:49:31.4554|Microsoft.AspNetCore.Hosting.Internal.WebHost|INFO|Request starting HTTP/1.1 GET http://localhost:38570/swagger/lib/jquery.slideto.min.js   
2017-06-07 14:49:31.4834|Microsoft.AspNetCore.Server.Kestrel|DEBUG|Connection id "0HL5DE5CECBGH" completed keep alive response. 
2017-06-07 14:49:31.4834|Microsoft.AspNetCore.Hosting.Internal.WebHost|INFO|Request starting HTTP/1.1 GET http://localhost:38570/swagger/lib/backbone-min.js   
2017-06-07 14:49:31.4674|Microsoft.AspNetCore.StaticFiles.StaticFileMiddleware|DEBUG|Handled. Status code: 304 File: /lib/marked.js 
2017-06-07 14:49:31.4834|Microsoft.AspNetCore.Hosting.Internal.WebHost|INFO|Request finished in 114.376ms 304 application/javascript 
2017-06-07 14:49:31.5214|Microsoft.AspNetCore.Hosting.Internal.WebHost|INFO|Request finished in 84.0399ms 304 application/javascript 
2017-06-07 14:49:31.4834|Microsoft.AspNetCore.Builder.RouterMiddleware|DEBUG|Request did not match any routes. 
2017-06-07 14:49:31.4984|Microsoft.AspNetCore.Builder.RouterMiddleware|DEBUG|Request did not match any routes. 
2017-06-07 14:49:31.5315|Microsoft.AspNetCore.StaticFiles.StaticFileMiddleware|INFO|The file /lib/backbone-min.js was not modified 
2017-06-07 14:49:31.5315|Microsoft.AspNetCore.StaticFiles.StaticFileMiddleware|INFO|The file /lib/jquery.slideto.min.js was not modified 
2017-06-07 14:49:31.5455|Microsoft.AspNetCore.StaticFiles.StaticFileMiddleware|DEBUG|Handled. Status code: 304 File: /lib/backbone-min.js 
2017-06-07 14:49:31.5315|Microsoft.AspNetCore.Server.Kestrel|DEBUG|Connection id "0HL5DE5CECBGL" completed keep alive response. 
2017-06-07 14:49:31.5455|Microsoft.AspNetCore.Hosting.Internal.WebHost|INFO|Request finished in 68.2528ms 304 application/javascript 
2017-06-07 14:49:31.5214|Microsoft.AspNetCore.Server.Kestrel|DEBUG|Connection id "0HL5DE5CECBGI" completed keep alive response. 
2017-06-07 14:49:31.5455|Microsoft.AspNetCore.StaticFiles.StaticFileMiddleware|DEBUG|Handled. Status code: 304 File: /lib/jquery.slideto.min.js 
2017-06-07 14:49:31.5575|Microsoft.AspNetCore.Hosting.Internal.WebHost|INFO|Request starting HTTP/1.1 GET http://localhost:38570/swagger/lib/swagger-oauth.js   
2017-06-07 14:49:31.5575|Microsoft.AspNetCore.Hosting.Internal.WebHost|INFO|Request finished in 114.9488ms 304 application/javascript 
2017-06-07 14:49:31.5575|Microsoft.AspNetCore.Server.Kestrel|DEBUG|Connection id "0HL5DE5CECBGJ" completed keep alive response. 
2017-06-07 14:49:31.6045|Microsoft.AspNetCore.Hosting.Internal.WebHost|INFO|Request starting HTTP/1.1 GET http://localhost:38570/swagger/images/logo_small.png   
2017-06-07 14:49:31.5785|Microsoft.AspNetCore.Server.Kestrel|DEBUG|Connection id "0HL5DE5CECBGM" completed keep alive response. 
2017-06-07 14:49:31.6045|Microsoft.AspNetCore.Builder.RouterMiddleware|DEBUG|Request did not match any routes. 
2017-06-07 14:49:31.6045|Microsoft.AspNetCore.StaticFiles.StaticFileMiddleware|INFO|The file /images/logo_small.png was not modified 
2017-06-07 14:49:31.5785|Microsoft.AspNetCore.Builder.RouterMiddleware|DEBUG|Request did not match any routes. 
2017-06-07 14:49:31.6320|Microsoft.AspNetCore.StaticFiles.StaticFileMiddleware|INFO|The file /lib/swagger-oauth.js was not modified 
2017-06-07 14:49:31.6320|Microsoft.AspNetCore.StaticFiles.StaticFileMiddleware|DEBUG|Handled. Status code: 304 File: /images/logo_small.png 
2017-06-07 14:49:31.6390|Microsoft.AspNetCore.StaticFiles.StaticFileMiddleware|DEBUG|Handled. Status code: 304 File: /lib/swagger-oauth.js 
2017-06-07 14:49:31.6390|Microsoft.AspNetCore.Hosting.Internal.WebHost|INFO|Request finished in 43.4146ms 304 image/png 
2017-06-07 14:49:31.6516|Microsoft.AspNetCore.Hosting.Internal.WebHost|INFO|Request finished in 93.9881ms 304 application/javascript 
2017-06-07 14:49:31.6516|Microsoft.AspNetCore.Server.Kestrel|DEBUG|Connection id "0HL5DE5CECBGH" completed keep alive response. 
2017-06-07 14:49:31.6516|Microsoft.AspNetCore.Server.Kestrel|DEBUG|Connection id "0HL5DE5CECBGK" completed keep alive response. 
2017-06-07 14:49:31.6706|Microsoft.AspNetCore.Hosting.Internal.WebHost|INFO|Request starting HTTP/1.1 GET http://localhost:38570/swagger/css/print.css   
2017-06-07 14:49:31.6826|Microsoft.AspNetCore.Builder.RouterMiddleware|DEBUG|Request did not match any routes. 
2017-06-07 14:49:31.6826|Microsoft.AspNetCore.StaticFiles.StaticFileMiddleware|INFO|The file /css/print.css was not modified 
2017-06-07 14:49:31.6826|Microsoft.AspNetCore.StaticFiles.StaticFileMiddleware|DEBUG|Handled. Status code: 304 File: /css/print.css 
2017-06-07 14:49:31.6826|Microsoft.AspNetCore.Hosting.Internal.WebHost|INFO|Request finished in 21.9156ms 304 text/css 
2017-06-07 14:49:31.6976|Microsoft.AspNetCore.Server.Kestrel|DEBUG|Connection id "0HL5DE5CECBGI" completed keep alive response. 
2017-06-07 14:49:31.8988|Microsoft.AspNetCore.Hosting.Internal.WebHost|INFO|Request starting HTTP/1.1 GET http://localhost:38570/swagger/v1/swagger.json   
2017-06-07 14:49:31.9058|Microsoft.AspNetCore.Builder.RouterMiddleware|DEBUG|Request did not match any routes. 
2017-06-07 14:49:31.9208|Microsoft.AspNetCore.Hosting.Internal.WebHost|INFO|Request starting HTTP/1.1 GET http://localhost:38570/swagger/images/favicon-16x16.png   
2017-06-07 14:49:31.9208|Microsoft.AspNetCore.Builder.RouterMiddleware|DEBUG|Request did not match any routes. 
2017-06-07 14:49:31.9208|Microsoft.AspNetCore.StaticFiles.StaticFileMiddleware|INFO|The file /images/favicon-16x16.png was not modified 
2017-06-07 14:49:31.9368|Microsoft.AspNetCore.StaticFiles.StaticFileMiddleware|DEBUG|Handled. Status code: 304 File: /images/favicon-16x16.png 
2017-06-07 14:49:31.9368|Microsoft.AspNetCore.Hosting.Internal.WebHost|INFO|Request finished in 22.9283ms 304 image/png 
2017-06-07 14:49:31.9528|Microsoft.AspNetCore.Server.Kestrel|DEBUG|Connection id "0HL5DE5CECBGJ" completed keep alive response. 
2017-06-07 14:49:32.5309|Microsoft.AspNetCore.Hosting.Internal.WebHost|INFO|Request finished in 632.1204ms 200 application/json 
2017-06-07 14:49:32.5479|Microsoft.AspNetCore.Server.Kestrel|DEBUG|Connection id "0HL5DE5CECBGL" completed keep alive response. 
2017-06-07 14:49:45.4849|Microsoft.AspNetCore.Hosting.Internal.WebHost|INFO|Request starting HTTP/1.1 GET http://localhost:38570/swagger/images/throbber.gif   
2017-06-07 14:49:45.4849|Microsoft.AspNetCore.Builder.RouterMiddleware|DEBUG|Request did not match any routes. 
2017-06-07 14:49:45.4849|Microsoft.AspNetCore.StaticFiles.StaticFileMiddleware|INFO|The file /images/throbber.gif was not modified 
2017-06-07 14:49:45.4849|Microsoft.AspNetCore.StaticFiles.StaticFileMiddleware|DEBUG|Handled. Status code: 304 File: /images/throbber.gif 
2017-06-07 14:49:45.4849|Microsoft.AspNetCore.Hosting.Internal.WebHost|INFO|Request finished in 9.7603ms 304 image/gif 
2017-06-07 14:49:45.4969|Microsoft.AspNetCore.Server.Kestrel|DEBUG|Connection id "0HL5DE5CECBGM" completed keep alive response. 
2017-06-07 14:49:45.6184|Microsoft.AspNetCore.Hosting.Internal.WebHost|INFO|Request starting HTTP/1.1 GET http://localhost:38570/swagger/images/favicon-16x16.png   
2017-06-07 14:49:45.6224|Microsoft.AspNetCore.Builder.RouterMiddleware|DEBUG|Request did not match any routes. 
2017-06-07 14:49:45.6224|Microsoft.AspNetCore.StaticFiles.StaticFileMiddleware|INFO|The file /images/favicon-16x16.png was not modified 
2017-06-07 14:49:45.6224|Microsoft.AspNetCore.StaticFiles.StaticFileMiddleware|DEBUG|Handled. Status code: 304 File: /images/favicon-16x16.png 
2017-06-07 14:49:45.6224|Microsoft.AspNetCore.Hosting.Internal.WebHost|INFO|Request finished in 13.4469ms 304 image/png 
2017-06-07 14:49:45.6364|Microsoft.AspNetCore.Server.Kestrel|DEBUG|Connection id "0HL5DE5CECBGH" completed keep alive response. 
2017-06-07 14:49:47.4208|Microsoft.AspNetCore.Hosting.Internal.WebHost|INFO|Request starting HTTP/1.1 POST http://localhost:38570/Api/Site/Nodes application/json 2 
2017-06-07 14:49:47.4208|Microsoft.AspNetCore.Routing.Tree.TreeRouter|DEBUG|Request successfully matched the route with name '' and template 'Api/Site/Nodes'. 
2017-06-07 14:49:47.4908|Microsoft.AspNetCore.Mvc.Internal.ControllerActionInvoker|DEBUG|Executing action CTP.API.Controllers.SiteController.GetChildNodes (CTP.API) 
2017-06-07 14:49:47.7120|Microsoft.AspNetCore.Mvc.Internal.ControllerActionInvoker|INFO|Executing action method CTP.API.Controllers.SiteController.GetChildNodes (CTP.API) with arguments (CTP.Redis.Request.RequestNode) - ModelState is Valid 
2017-06-07 14:49:47.7181|BaseController|INFO|Server is running... 
2017-06-07 14:49:47.7181|BaseController|INFO|Current Thead Id:8 
2017-06-07 14:49:56.9256|FactoryAgent|INFO|AgentObject reference not set to an instance of an object. 
2017-06-07 14:50:54.5264|Microsoft.AspNetCore.Mvc.Internal.ControllerActionInvoker|DEBUG|Executed action method CTP.API.Controllers.SiteController.GetChildNodes (CTP.API), returned result Microsoft.AspNetCore.Mvc.ObjectResult. 
2017-06-07 14:50:54.5574|Microsoft.AspNetCore.Mvc.Internal.ObjectResultExecutor|DEBUG|Could not find an output formatter based on content negotiation. Accepted types were (text/plain) 
2017-06-07 14:50:54.5574|Microsoft.AspNetCore.Mvc.Internal.ObjectResultExecutor|DEBUG|Selected output formatter 'Microsoft.AspNetCore.Mvc.Formatters.StringOutputFormatter' and content type 'application/json' to write the response. 
2017-06-07 14:50:54.5574|Microsoft.AspNetCore.Mvc.Internal.ObjectResultExecutor|INFO|Executing ObjectResult, writing value Microsoft.AspNetCore.Mvc.ControllerContext. 
2017-06-07 14:50:54.5939|Microsoft.AspNetCore.Mvc.Internal.ControllerActionInvoker|INFO|Executed action CTP.API.Controllers.SiteController.GetChildNodes (CTP.API) in 67100.604ms 
2017-06-07 14:50:54.5939|Microsoft.AspNetCore.Hosting.Internal.WebHost|INFO|Request finished in 67179.3536ms 200 application/json; charset=utf-8 
2017-06-07 14:50:54.5939|Microsoft.AspNetCore.Server.Kestrel|DEBUG|Connection id "0HL5DE5CECBGK" completed keep alive response. 
2017-06-07 18:01:02.5051|Microsoft.AspNetCore.Hosting.Internal.WebHost|DEBUG|Hosting starting 
2017-06-07 18:01:02.7024|Microsoft.AspNetCore.Hosting.Internal.WebHost|DEBUG|Hosting started 
2017-06-07 18:01:02.7272|Microsoft.AspNetCore.Server.Kestrel|DEBUG|Connection id "0HL5DHGDH0VAN" started. 
2017-06-07 18:01:02.7272|Microsoft.AspNetCore.Server.Kestrel|DEBUG|Connection id "0HL5DHGDH0VAO" started. 
2017-06-07 18:01:02.8362|Microsoft.AspNetCore.Hosting.Internal.WebHost|INFO|Request starting HTTP/1.1 GET http://localhost:38570/swagger/   
2017-06-07 18:01:02.8362|Microsoft.AspNetCore.Hosting.Internal.WebHost|INFO|Request starting HTTP/1.1 DEBUG http://localhost:38570/  0 
2017-06-07 18:01:02.9157|Microsoft.AspNetCore.Hosting.Internal.WebHost|INFO|Request finished in 100.7872ms 200  
2017-06-07 18:01:02.9728|Microsoft.AspNetCore.Server.Kestrel|DEBUG|Connection id "0HL5DHGDH0VAN" completed keep alive response. 
2017-06-07 18:01:03.2132|Microsoft.AspNetCore.Builder.RouterMiddleware|DEBUG|Request did not match any routes. 
2017-06-07 18:01:03.2655|Microsoft.AspNetCore.StaticFiles.StaticFileMiddleware|INFO|Sending file. Request path: '/index.html'. Physical path: 'N/A' 
2017-06-07 18:01:03.3195|Microsoft.AspNetCore.Server.Kestrel|DEBUG|Connection id "0HL5DHGDH0VAP" started. 
2017-06-07 18:01:03.3195|Microsoft.AspNetCore.Server.Kestrel|DEBUG|Connection id "0HL5DHGDH0VAQ" started. 
2017-06-07 18:01:03.3230|Microsoft.AspNetCore.Server.Kestrel|DEBUG|Connection id "0HL5DHGDH0VAR" started. 
2017-06-07 18:01:03.3230|Microsoft.AspNetCore.Hosting.Internal.WebHost|INFO|Request starting HTTP/1.1 GET http://localhost:38570/swagger/css/typography.css   
2017-06-07 18:01:03.3230|Microsoft.AspNetCore.Server.Kestrel|DEBUG|Connection id "0HL5DHGDH0VAS" started. 
2017-06-07 18:01:03.3230|Microsoft.AspNetCore.Hosting.Internal.WebHost|INFO|Request starting HTTP/1.1 GET http://localhost:38570/swagger/lib/jquery-1.8.0.min.js   
2017-06-07 18:01:03.3230|Microsoft.AspNetCore.Hosting.Internal.WebHost|INFO|Request starting HTTP/1.1 GET http://localhost:38570/swagger/css/screen.css   
2017-06-07 18:01:03.3625|Microsoft.AspNetCore.Builder.RouterMiddleware|DEBUG|Request did not match any routes. 
2017-06-07 18:01:03.3705|Microsoft.AspNetCore.StaticFiles.StaticFileMiddleware|INFO|The file /lib/jquery-1.8.0.min.js was not modified 
2017-06-07 18:01:03.3415|Microsoft.AspNetCore.Builder.RouterMiddleware|DEBUG|Request did not match any routes. 
2017-06-07 18:01:03.3705|Microsoft.AspNetCore.StaticFiles.StaticFileMiddleware|INFO|The file /css/typography.css was not modified 
2017-06-07 18:01:03.3885|Microsoft.AspNetCore.Builder.RouterMiddleware|DEBUG|Request did not match any routes. 
2017-06-07 18:01:03.3885|Microsoft.AspNetCore.StaticFiles.StaticFileMiddleware|INFO|The file /css/screen.css was not modified 
2017-06-07 18:01:03.4146|Microsoft.AspNetCore.StaticFiles.StaticFileMiddleware|DEBUG|Handled. Status code: 304 File: /lib/jquery-1.8.0.min.js 
2017-06-07 18:01:03.4146|Microsoft.AspNetCore.StaticFiles.StaticFileMiddleware|DEBUG|Handled. Status code: 304 File: /css/typography.css 
2017-06-07 18:01:03.4146|Microsoft.AspNetCore.StaticFiles.StaticFileMiddleware|DEBUG|Handled. Status code: 304 File: /css/screen.css 
2017-06-07 18:01:03.6127|Microsoft.AspNetCore.Hosting.Internal.WebHost|INFO|Request finished in 277.9961ms 304 application/javascript 
2017-06-07 18:01:03.6127|Microsoft.AspNetCore.Hosting.Internal.WebHost|INFO|Request finished in 278.3405ms 304 text/css 
2017-06-07 18:01:03.6127|Microsoft.AspNetCore.Hosting.Internal.WebHost|INFO|Request finished in 288.0541ms 304 text/css 
2017-06-07 18:01:03.6127|Microsoft.AspNetCore.Server.Kestrel|DEBUG|Connection id "0HL5DHGDH0VAP" completed keep alive response. 
2017-06-07 18:01:03.6358|Microsoft.AspNetCore.Hosting.Internal.WebHost|INFO|Request starting HTTP/1.1 GET http://localhost:38570/swagger/lib/jquery.wiggle.min.js   
2017-06-07 18:01:03.6358|Microsoft.AspNetCore.Server.Kestrel|DEBUG|Connection id "0HL5DHGDH0VAN" completed keep alive response. 
2017-06-07 18:01:03.6358|Microsoft.AspNetCore.Builder.RouterMiddleware|DEBUG|Request did not match any routes. 
2017-06-07 18:01:03.6358|Microsoft.AspNetCore.Hosting.Internal.WebHost|INFO|Request starting HTTP/1.1 GET http://localhost:38570/swagger/lib/object-assign-pollyfill.js   
2017-06-07 18:01:03.6358|Microsoft.AspNetCore.StaticFiles.StaticFileMiddleware|INFO|The file /lib/jquery.wiggle.min.js was not modified 
2017-06-07 18:01:03.6257|Microsoft.AspNetCore.Server.Kestrel|DEBUG|Connection id "0HL5DHGDH0VAQ" completed keep alive response. 
2017-06-07 18:01:03.6548|Microsoft.AspNetCore.Hosting.Internal.WebHost|INFO|Request starting HTTP/1.1 GET http://localhost:38570/swagger/lib/jquery.ba-bbq.min.js   
2017-06-07 18:01:03.6358|Microsoft.AspNetCore.Builder.RouterMiddleware|DEBUG|Request did not match any routes. 
2017-06-07 18:01:03.6127|Microsoft.AspNetCore.Hosting.Internal.WebHost|INFO|Request finished in 807.256ms 200 text/html 
2017-06-07 18:01:03.6548|Microsoft.AspNetCore.StaticFiles.StaticFileMiddleware|INFO|The file /lib/object-assign-pollyfill.js was not modified 
2017-06-07 18:01:03.6548|Microsoft.AspNetCore.Builder.RouterMiddleware|DEBUG|Request did not match any routes. 
2017-06-07 18:01:03.6678|Microsoft.AspNetCore.StaticFiles.StaticFileMiddleware|INFO|The file /lib/jquery.ba-bbq.min.js was not modified 
2017-06-07 18:01:03.6678|Microsoft.AspNetCore.Server.Kestrel|DEBUG|Connection id "0HL5DHGDH0VAO" completed keep alive response. 
2017-06-07 18:01:03.6548|Microsoft.AspNetCore.StaticFiles.StaticFileMiddleware|DEBUG|Handled. Status code: 304 File: /lib/jquery.wiggle.min.js 
2017-06-07 18:01:03.6678|Microsoft.AspNetCore.StaticFiles.StaticFileMiddleware|DEBUG|Handled. Status code: 304 File: /lib/object-assign-pollyfill.js 
2017-06-07 18:01:03.6818|Microsoft.AspNetCore.StaticFiles.StaticFileMiddleware|DEBUG|Handled. Status code: 304 File: /lib/jquery.ba-bbq.min.js 
2017-06-07 18:01:03.6818|Microsoft.AspNetCore.Hosting.Internal.WebHost|INFO|Request starting HTTP/1.1 GET http://localhost:38570/swagger/css/reset.css   
2017-06-07 18:01:03.6998|Microsoft.AspNetCore.Hosting.Internal.WebHost|INFO|Request finished in 52.1871ms 304 application/javascript 
2017-06-07 18:01:03.6998|Microsoft.AspNetCore.Hosting.Internal.WebHost|INFO|Request finished in 59.0307ms 304 application/javascript 
2017-06-07 18:01:03.6998|Microsoft.AspNetCore.Hosting.Internal.WebHost|INFO|Request finished in 64.2948ms 304 application/javascript 
2017-06-07 18:01:03.7448|Microsoft.AspNetCore.Server.Kestrel|DEBUG|Connection id "0HL5DHGDH0VAR" completed keep alive response. 
2017-06-07 18:01:03.7448|Microsoft.AspNetCore.Hosting.Internal.WebHost|INFO|Request starting HTTP/1.1 GET http://localhost:38570/swagger/lib/jquery.slideto.min.js   
2017-06-07 18:01:03.7618|Microsoft.AspNetCore.Server.Kestrel|DEBUG|Connection id "0HL5DHGDH0VAP" completed keep alive response. 
2017-06-07 18:01:03.7173|Microsoft.AspNetCore.Server.Kestrel|DEBUG|Connection id "0HL5DHGDH0VAQ" completed keep alive response. 
2017-06-07 18:01:03.7173|Microsoft.AspNetCore.Builder.RouterMiddleware|DEBUG|Request did not match any routes. 
2017-06-07 18:01:03.7618|Microsoft.AspNetCore.StaticFiles.StaticFileMiddleware|INFO|The file /css/reset.css was not modified 
2017-06-07 18:01:03.7618|Microsoft.AspNetCore.Hosting.Internal.WebHost|INFO|Request starting HTTP/1.1 GET http://localhost:38570/swagger/lib/handlebars-4.0.5.js   
2017-06-07 18:01:03.7618|Microsoft.AspNetCore.Builder.RouterMiddleware|DEBUG|Request did not match any routes. 
2017-06-07 18:01:03.7618|Microsoft.AspNetCore.Hosting.Internal.WebHost|INFO|Request starting HTTP/1.1 GET http://localhost:38570/swagger/lib/lodash.min.js   
2017-06-07 18:01:03.7769|Microsoft.AspNetCore.StaticFiles.StaticFileMiddleware|DEBUG|Handled. Status code: 304 File: /css/reset.css 
2017-06-07 18:01:03.7769|Microsoft.AspNetCore.Builder.RouterMiddleware|DEBUG|Request did not match any routes. 
2017-06-07 18:01:03.7769|Microsoft.AspNetCore.StaticFiles.StaticFileMiddleware|INFO|The file /lib/jquery.slideto.min.js was not modified 
2017-06-07 18:01:03.8074|Microsoft.AspNetCore.StaticFiles.StaticFileMiddleware|INFO|The file /lib/handlebars-4.0.5.js was not modified 
2017-06-07 18:01:03.8074|Microsoft.AspNetCore.Hosting.Internal.WebHost|INFO|Request finished in 115.1933ms 304 text/css 
2017-06-07 18:01:03.7769|Microsoft.AspNetCore.Builder.RouterMiddleware|DEBUG|Request did not match any routes. 
2017-06-07 18:01:03.8074|Microsoft.AspNetCore.StaticFiles.StaticFileMiddleware|INFO|The file /lib/lodash.min.js was not modified 
2017-06-07 18:01:03.8074|Microsoft.AspNetCore.Server.Kestrel|DEBUG|Connection id "0HL5DHGDH0VAO" completed keep alive response. 
2017-06-07 18:01:03.8254|Microsoft.AspNetCore.Hosting.Internal.WebHost|INFO|Request starting HTTP/1.1 GET http://localhost:38570/swagger/lib/backbone-min.js   
2017-06-07 18:01:03.8074|Microsoft.AspNetCore.StaticFiles.StaticFileMiddleware|DEBUG|Handled. Status code: 304 File: /lib/jquery.slideto.min.js 
2017-06-07 18:01:03.8254|Microsoft.AspNetCore.Builder.RouterMiddleware|DEBUG|Request did not match any routes. 
2017-06-07 18:01:03.8254|Microsoft.AspNetCore.StaticFiles.StaticFileMiddleware|INFO|The file /lib/backbone-min.js was not modified 
2017-06-07 18:01:03.8254|Microsoft.AspNetCore.Hosting.Internal.WebHost|INFO|Request finished in 75.0067ms 304 application/javascript 
2017-06-07 18:01:03.8384|Microsoft.AspNetCore.StaticFiles.StaticFileMiddleware|DEBUG|Handled. Status code: 304 File: /lib/backbone-min.js 
2017-06-07 18:01:03.8074|Microsoft.AspNetCore.StaticFiles.StaticFileMiddleware|DEBUG|Handled. Status code: 304 File: /lib/handlebars-4.0.5.js 
2017-06-07 18:01:03.8384|Microsoft.AspNetCore.Server.Kestrel|DEBUG|Connection id "0HL5DHGDH0VAS" completed keep alive response. 
2017-06-07 18:01:03.8254|Microsoft.AspNetCore.StaticFiles.StaticFileMiddleware|DEBUG|Handled. Status code: 304 File: /lib/lodash.min.js 
2017-06-07 18:01:03.8384|Microsoft.AspNetCore.Hosting.Internal.WebHost|INFO|Request starting HTTP/1.1 GET http://localhost:38570/swagger/swagger-ui.min.js   
2017-06-07 18:01:03.8554|Microsoft.AspNetCore.Hosting.Internal.WebHost|INFO|Request finished in 86.4739ms 304 application/javascript 
2017-06-07 18:01:03.8384|Microsoft.AspNetCore.Hosting.Internal.WebHost|INFO|Request finished in 23.5065ms 304 application/javascript 
2017-06-07 18:01:03.8554|Microsoft.AspNetCore.Server.Kestrel|DEBUG|Connection id "0HL5DHGDH0VAN" completed keep alive response. 
2017-06-07 18:01:03.8709|Microsoft.AspNetCore.Hosting.Internal.WebHost|INFO|Request starting HTTP/1.1 GET http://localhost:38570/swagger/lib/jsoneditor.min.js   
2017-06-07 18:01:03.8554|Microsoft.AspNetCore.Builder.RouterMiddleware|DEBUG|Request did not match any routes. 
2017-06-07 18:01:03.8854|Microsoft.AspNetCore.StaticFiles.StaticFileMiddleware|INFO|The file /swagger-ui.min.js was not modified 
2017-06-07 18:01:03.8854|Microsoft.AspNetCore.Hosting.Internal.WebHost|INFO|Request finished in 117.7873ms 304 application/javascript 
2017-06-07 18:01:03.8854|Microsoft.AspNetCore.StaticFiles.StaticFileMiddleware|DEBUG|Handled. Status code: 304 File: /swagger-ui.min.js 
2017-06-07 18:01:03.8854|Microsoft.AspNetCore.Server.Kestrel|DEBUG|Connection id "0HL5DHGDH0VAQ" completed keep alive response. 
2017-06-07 18:01:03.8709|Microsoft.AspNetCore.Server.Kestrel|DEBUG|Connection id "0HL5DHGDH0VAR" completed keep alive response. 
2017-06-07 18:01:03.9094|Microsoft.AspNetCore.Hosting.Internal.WebHost|INFO|Request starting HTTP/1.1 GET http://localhost:38570/swagger/lib/marked.js   
2017-06-07 18:01:03.9094|Microsoft.AspNetCore.Hosting.Internal.WebHost|INFO|Request finished in 57.7139ms 304 application/javascript 
2017-06-07 18:01:03.9094|Microsoft.AspNetCore.Builder.RouterMiddleware|DEBUG|Request did not match any routes. 
2017-06-07 18:01:03.9205|Microsoft.AspNetCore.Server.Kestrel|DEBUG|Connection id "0HL5DHGDH0VAP" completed keep alive response. 
2017-06-07 18:01:03.9205|Microsoft.AspNetCore.Hosting.Internal.WebHost|INFO|Request starting HTTP/1.1 GET http://localhost:38570/swagger/lib/highlight.9.1.0.pack_extended.js   
2017-06-07 18:01:03.9205|Microsoft.AspNetCore.StaticFiles.StaticFileMiddleware|INFO|The file /lib/jsoneditor.min.js was not modified 
2017-06-07 18:01:03.9410|Microsoft.AspNetCore.Builder.RouterMiddleware|DEBUG|Request did not match any routes. 
2017-06-07 18:01:03.9480|Microsoft.AspNetCore.StaticFiles.StaticFileMiddleware|INFO|The file /lib/highlight.9.1.0.pack_extended.js was not modified 
2017-06-07 18:01:03.9094|Microsoft.AspNetCore.Hosting.Internal.WebHost|INFO|Request starting HTTP/1.1 GET http://localhost:38570/swagger/lib/highlight.9.1.0.pack.js   
2017-06-07 18:01:03.9480|Microsoft.AspNetCore.StaticFiles.StaticFileMiddleware|DEBUG|Handled. Status code: 304 File: /lib/jsoneditor.min.js 
2017-06-07 18:01:03.9480|Microsoft.AspNetCore.Hosting.Internal.WebHost|INFO|Request starting HTTP/1.1 GET http://localhost:38570/swagger/lib/swagger-oauth.js   
2017-06-07 18:01:03.9480|Microsoft.AspNetCore.StaticFiles.StaticFileMiddleware|DEBUG|Handled. Status code: 304 File: /lib/highlight.9.1.0.pack_extended.js 
2017-06-07 18:01:03.9480|Microsoft.AspNetCore.Hosting.Internal.WebHost|INFO|Request finished in 88.4046ms 304 application/javascript 
2017-06-07 18:01:03.9205|Microsoft.AspNetCore.Builder.RouterMiddleware|DEBUG|Request did not match any routes. 
2017-06-07 18:01:03.9645|Microsoft.AspNetCore.Server.Kestrel|DEBUG|Connection id "0HL5DHGDH0VAN" completed keep alive response. 
2017-06-07 18:01:03.9645|Microsoft.AspNetCore.Hosting.Internal.WebHost|INFO|Request finished in 37.8ms 304 application/javascript 
2017-06-07 18:01:03.9645|Microsoft.AspNetCore.Builder.RouterMiddleware|DEBUG|Request did not match any routes. 
2017-06-07 18:01:03.9645|Microsoft.AspNetCore.StaticFiles.StaticFileMiddleware|INFO|The file /lib/swagger-oauth.js was not modified 
2017-06-07 18:01:03.9645|Microsoft.AspNetCore.Builder.RouterMiddleware|DEBUG|Request did not match any routes. 
2017-06-07 18:01:03.9915|Microsoft.AspNetCore.StaticFiles.StaticFileMiddleware|INFO|The file /lib/highlight.9.1.0.pack.js was not modified 
2017-06-07 18:01:03.9915|Microsoft.AspNetCore.StaticFiles.StaticFileMiddleware|DEBUG|Handled. Status code: 304 File: /lib/swagger-oauth.js 
2017-06-07 18:01:03.9985|Microsoft.AspNetCore.Server.Kestrel|DEBUG|Connection id "0HL5DHGDH0VAS" completed keep alive response. 
2017-06-07 18:01:03.9645|Microsoft.AspNetCore.StaticFiles.StaticFileMiddleware|INFO|The file /lib/marked.js was not modified 
2017-06-07 18:01:03.9985|Microsoft.AspNetCore.StaticFiles.StaticFileMiddleware|DEBUG|Handled. Status code: 304 File: /lib/highlight.9.1.0.pack.js 
2017-06-07 18:01:04.0145|Microsoft.AspNetCore.Hosting.Internal.WebHost|INFO|Request finished in 64.4066ms 304 application/javascript 
2017-06-07 18:01:04.0145|Microsoft.AspNetCore.Hosting.Internal.WebHost|INFO|Request finished in 112.6612ms 304 application/javascript 
2017-06-07 18:01:04.0145|Microsoft.AspNetCore.StaticFiles.StaticFileMiddleware|DEBUG|Handled. Status code: 304 File: /lib/marked.js 
2017-06-07 18:01:04.0270|Microsoft.AspNetCore.Server.Kestrel|DEBUG|Connection id "0HL5DHGDH0VAQ" completed keep alive response. 
2017-06-07 18:01:04.0270|Microsoft.AspNetCore.Server.Kestrel|DEBUG|Connection id "0HL5DHGDH0VAO" completed keep alive response. 
2017-06-07 18:01:04.0430|Microsoft.AspNetCore.Hosting.Internal.WebHost|INFO|Request starting HTTP/1.1 GET http://localhost:38570/swagger/images/logo_small.png   
2017-06-07 18:01:04.0430|Microsoft.AspNetCore.Hosting.Internal.WebHost|INFO|Request finished in 130.5926ms 304 application/javascript 
2017-06-07 18:01:04.0430|Microsoft.AspNetCore.Builder.RouterMiddleware|DEBUG|Request did not match any routes. 
2017-06-07 18:01:04.0606|Microsoft.AspNetCore.StaticFiles.StaticFileMiddleware|INFO|The file /images/logo_small.png was not modified 
2017-06-07 18:01:04.0606|Microsoft.AspNetCore.Server.Kestrel|DEBUG|Connection id "0HL5DHGDH0VAR" completed keep alive response. 
2017-06-07 18:01:04.0746|Microsoft.AspNetCore.StaticFiles.StaticFileMiddleware|DEBUG|Handled. Status code: 304 File: /images/logo_small.png 
2017-06-07 18:01:04.0746|Microsoft.AspNetCore.Hosting.Internal.WebHost|INFO|Request finished in 37.2747ms 304 image/png 
2017-06-07 18:01:04.0746|Microsoft.AspNetCore.Server.Kestrel|DEBUG|Connection id "0HL5DHGDH0VAP" completed keep alive response. 
2017-06-07 18:01:04.0746|Microsoft.AspNetCore.Hosting.Internal.WebHost|INFO|Request starting HTTP/1.1 GET http://localhost:38570/swagger/css/print.css   
2017-06-07 18:01:04.0941|Microsoft.AspNetCore.Builder.RouterMiddleware|DEBUG|Request did not match any routes. 
2017-06-07 18:01:04.0941|Microsoft.AspNetCore.StaticFiles.StaticFileMiddleware|INFO|The file /css/print.css was not modified 
2017-06-07 18:01:04.0941|Microsoft.AspNetCore.StaticFiles.StaticFileMiddleware|DEBUG|Handled. Status code: 304 File: /css/print.css 
2017-06-07 18:01:04.0941|Microsoft.AspNetCore.Hosting.Internal.WebHost|INFO|Request finished in 15.7756ms 304 text/css 
2017-06-07 18:01:04.1051|Microsoft.AspNetCore.Server.Kestrel|DEBUG|Connection id "0HL5DHGDH0VAN" completed keep alive response. 
2017-06-07 18:01:04.1471|Microsoft.AspNetCore.Hosting.Internal.WebHost|INFO|Request starting HTTP/1.1 GET http://localhost:38570/swagger/v1/swagger.json   
2017-06-07 18:01:04.1511|Microsoft.AspNetCore.Builder.RouterMiddleware|DEBUG|Request did not match any routes. 
2017-06-07 18:01:04.1721|Microsoft.AspNetCore.Hosting.Internal.WebHost|INFO|Request starting HTTP/1.1 GET http://localhost:38570/swagger/images/favicon-16x16.png   
2017-06-07 18:01:04.1721|Microsoft.AspNetCore.Builder.RouterMiddleware|DEBUG|Request did not match any routes. 
2017-06-07 18:01:04.1721|Microsoft.AspNetCore.StaticFiles.StaticFileMiddleware|INFO|The file /images/favicon-16x16.png was not modified 
2017-06-07 18:01:04.1846|Microsoft.AspNetCore.StaticFiles.StaticFileMiddleware|DEBUG|Handled. Status code: 304 File: /images/favicon-16x16.png 
2017-06-07 18:01:04.1846|Microsoft.AspNetCore.Hosting.Internal.WebHost|INFO|Request finished in 16.9427ms 304 image/png 
2017-06-07 18:01:04.1846|Microsoft.AspNetCore.Server.Kestrel|DEBUG|Connection id "0HL5DHGDH0VAQ" completed keep alive response. 
2017-06-07 18:01:04.6445|Microsoft.AspNetCore.Hosting.Internal.WebHost|INFO|Request finished in 497.7138ms 200 application/json 
2017-06-07 18:01:04.6445|Microsoft.AspNetCore.Server.Kestrel|DEBUG|Connection id "0HL5DHGDH0VAS" completed keep alive response. 
2017-06-07 18:01:07.9398|Microsoft.AspNetCore.Hosting.Internal.WebHost|INFO|Request starting HTTP/1.1 GET http://localhost:38570/swagger/images/throbber.gif   
2017-06-07 18:01:07.9398|Microsoft.AspNetCore.Builder.RouterMiddleware|DEBUG|Request did not match any routes. 
2017-06-07 18:01:07.9398|Microsoft.AspNetCore.StaticFiles.StaticFileMiddleware|INFO|The file /images/throbber.gif was not modified 
2017-06-07 18:01:07.9478|Microsoft.AspNetCore.StaticFiles.StaticFileMiddleware|DEBUG|Handled. Status code: 304 File: /images/throbber.gif 
2017-06-07 18:01:07.9478|Microsoft.AspNetCore.Hosting.Internal.WebHost|INFO|Request finished in 11.3387ms 304 image/gif 
2017-06-07 18:01:07.9478|Microsoft.AspNetCore.Server.Kestrel|DEBUG|Connection id "0HL5DHGDH0VAO" completed keep alive response. 
2017-06-07 18:01:08.0033|Microsoft.AspNetCore.Hosting.Internal.WebHost|INFO|Request starting HTTP/1.1 GET http://localhost:38570/swagger/images/favicon-16x16.png   
2017-06-07 18:01:08.0033|Microsoft.AspNetCore.Builder.RouterMiddleware|DEBUG|Request did not match any routes. 
2017-06-07 18:01:08.0033|Microsoft.AspNetCore.StaticFiles.StaticFileMiddleware|INFO|The file /images/favicon-16x16.png was not modified 
2017-06-07 18:01:08.0103|Microsoft.AspNetCore.StaticFiles.StaticFileMiddleware|DEBUG|Handled. Status code: 304 File: /images/favicon-16x16.png 
2017-06-07 18:01:08.0103|Microsoft.AspNetCore.Hosting.Internal.WebHost|INFO|Request finished in 14.4725ms 304 image/png 
2017-06-07 18:01:08.0103|Microsoft.AspNetCore.Server.Kestrel|DEBUG|Connection id "0HL5DHGDH0VAR" completed keep alive response. 
2017-06-07 18:02:52.7089|Microsoft.AspNetCore.Server.Kestrel|DEBUG|Connection id "0HL5DHGDH0VAP" received FIN. 
2017-06-07 18:02:52.7089|Microsoft.AspNetCore.Server.Kestrel|DEBUG|Connection id "0HL5DHGDH0VAO" received FIN. 
2017-06-07 18:02:52.7089|Microsoft.AspNetCore.Server.Kestrel|DEBUG|Connection id "0HL5DHGDH0VAN" received FIN. 
2017-06-07 18:02:52.7089|Microsoft.AspNetCore.Server.Kestrel|DEBUG|Connection id "0HL5DHGDH0VAR" received FIN. 
2017-06-07 18:02:52.7298|Microsoft.AspNetCore.Server.Kestrel|DEBUG|Connection id "0HL5DHGDH0VAQ" received FIN. 
2017-06-07 18:02:52.7589|Microsoft.AspNetCore.Server.Kestrel|DEBUG|Connection id "0HL5DHGDH0VAS" received FIN. 
2017-06-07 18:02:52.7298|Microsoft.AspNetCore.Server.Kestrel|DEBUG|Connection id "0HL5DHGDH0VAO" disconnecting. 
2017-06-07 18:02:52.7589|Microsoft.AspNetCore.Server.Kestrel|DEBUG|Connection id "0HL5DHGDH0VAN" disconnecting. 
2017-06-07 18:02:52.7589|Microsoft.AspNetCore.Server.Kestrel|DEBUG|Connection id "0HL5DHGDH0VAR" disconnecting. 
2017-06-07 18:02:52.7619|Microsoft.AspNetCore.Server.Kestrel|DEBUG|Connection id "0HL5DHGDH0VAO" sending FIN. 
2017-06-07 18:02:52.7619|Microsoft.AspNetCore.Server.Kestrel|DEBUG|Connection id "0HL5DHGDH0VAS" disconnecting. 
2017-06-07 18:02:52.7298|Microsoft.AspNetCore.Server.Kestrel|DEBUG|Connection id "0HL5DHGDH0VAP" disconnecting. 
2017-06-07 18:02:52.7619|Microsoft.AspNetCore.Server.Kestrel|DEBUG|Connection id "0HL5DHGDH0VAR" sending FIN. 
2017-06-07 18:02:52.7619|Microsoft.AspNetCore.Server.Kestrel|DEBUG|Connection id "0HL5DHGDH0VAP" sending FIN. 
2017-06-07 18:02:52.7619|Microsoft.AspNetCore.Server.Kestrel|DEBUG|Connection id "0HL5DHGDH0VAQ" disconnecting. 
2017-06-07 18:02:52.7619|Microsoft.AspNetCore.Server.Kestrel|DEBUG|Connection id "0HL5DHGDH0VAN" sending FIN. 
2017-06-07 18:02:52.7619|Microsoft.AspNetCore.Server.Kestrel|DEBUG|Connection id "0HL5DHGDH0VAS" sending FIN. 
2017-06-07 18:02:52.7619|Microsoft.AspNetCore.Server.Kestrel|DEBUG|Connection id "0HL5DHGDH0VAQ" sending FIN. 
2017-06-07 18:02:52.7619|Microsoft.AspNetCore.Server.Kestrel|DEBUG|Connection id "0HL5DHGDH0VAP" sent FIN with status "0". 
2017-06-07 18:02:52.7619|Microsoft.AspNetCore.Server.Kestrel|DEBUG|Connection id "0HL5DHGDH0VAQ" sent FIN with status "0". 
2017-06-07 18:02:52.7769|Microsoft.AspNetCore.Server.Kestrel|DEBUG|Connection id "0HL5DHGDH0VAQ" stopped. 
2017-06-07 18:02:52.7769|Microsoft.AspNetCore.Server.Kestrel|DEBUG|Connection id "0HL5DHGDH0VAS" sent FIN with status "0". 
2017-06-07 18:02:52.7769|Microsoft.AspNetCore.Server.Kestrel|DEBUG|Connection id "0HL5DHGDH0VAP" stopped. 
2017-06-07 18:02:52.7769|Microsoft.AspNetCore.Server.Kestrel|DEBUG|Connection id "0HL5DHGDH0VAS" stopped. 
2017-06-07 18:02:52.7769|Microsoft.AspNetCore.Server.Kestrel|DEBUG|Connection id "0HL5DHGDH0VAR" sent FIN with status "0". 
2017-06-07 18:02:52.7769|Microsoft.AspNetCore.Server.Kestrel|DEBUG|Connection id "0HL5DHGDH0VAR" stopped. 
2017-06-07 18:02:52.7769|Microsoft.AspNetCore.Server.Kestrel|DEBUG|Connection id "0HL5DHGDH0VAO" sent FIN with status "0". 
2017-06-07 18:02:52.7769|Microsoft.AspNetCore.Server.Kestrel|DEBUG|Connection id "0HL5DHGDH0VAO" stopped. 
2017-06-07 18:02:52.7769|Microsoft.AspNetCore.Server.Kestrel|DEBUG|Connection id "0HL5DHGDH0VAN" sent FIN with status "0". 
2017-06-07 18:02:52.7769|Microsoft.AspNetCore.Server.Kestrel|DEBUG|Connection id "0HL5DHGDH0VAN" stopped. 
