2017-06-14 00:00:23.6866|Microsoft.AspNetCore.Hosting.Internal.WebHost|DEBUG|Hosting starting 
2017-06-14 00:00:24.3050|Microsoft.AspNetCore.Server.Kestrel|WARN|Unable to bind to http://localhost:38570 on the IPv4 loopback interface. One or more errors occurred. (Error -4092 EACCES permission denied)
2017-06-14 00:00:25.9284|Microsoft.AspNetCore.Server.Kestrel|WARN|Unable to bind to http://localhost:38570 on the IPv6 loopback interface. One or more errors occurred. (Error -4092 EACCES permission denied)
2017-06-14 00:00:25.9855|Microsoft.AspNetCore.Server.Kestrel|ERROR|Unable to bind to http://localhost:38570 on any loopback interface. One or more errors occurred. (Error -4092 EACCES permission denied) (Error -4092 EACCES permission denied)
2017-06-14 00:00:38.5962|Microsoft.AspNetCore.Hosting.Internal.WebHost|DEBUG|Hosting shutdown 
2017-06-14 00:01:27.7475|Microsoft.AspNetCore.Hosting.Internal.WebHost|DEBUG|Hosting starting 
2017-06-14 00:01:28.0327|Microsoft.AspNetCore.Hosting.Internal.WebHost|DEBUG|Hosting started 
2017-06-14 00:01:28.1613|Microsoft.AspNetCore.Server.Kestrel|DEBUG|Connection id "0HL5IELPKQ1PQ" started. 
2017-06-14 00:01:28.1613|Microsoft.AspNetCore.Server.Kestrel|DEBUG|Connection id "0HL5IELPKQ1PR" started. 
2017-06-14 00:01:28.4410|Microsoft.AspNetCore.Hosting.Internal.WebHost|INFO|Request starting HTTP/1.1 GET http://localhost:38570/swagger/   
2017-06-14 00:01:28.4410|Microsoft.AspNetCore.Hosting.Internal.WebHost|INFO|Request starting HTTP/1.1 DEBUG http://localhost:38570/  0 
2017-06-14 00:01:28.5831|Microsoft.AspNetCore.Hosting.Internal.WebHost|INFO|Request finished in 157.4809ms 200  
2017-06-14 00:01:28.7773|Microsoft.AspNetCore.Server.Kestrel|DEBUG|Connection id "0HL5IELPKQ1PQ" completed keep alive response. 
2017-06-14 00:01:29.3368|Microsoft.AspNetCore.Builder.RouterMiddleware|DEBUG|Request did not match any routes. 
2017-06-14 00:01:29.4159|Microsoft.AspNetCore.StaticFiles.StaticFileMiddleware|INFO|Sending file. Request path: '/index.html'. Physical path: 'N/A' 
2017-06-14 00:01:29.5425|Microsoft.AspNetCore.Server.Kestrel|DEBUG|Connection id "0HL5IELPKQ1PS" started. 
2017-06-14 00:01:29.5425|Microsoft.AspNetCore.Hosting.Internal.WebHost|INFO|Request starting HTTP/1.1 GET http://localhost:38570/swagger/css/screen.css   
2017-06-14 00:01:29.5425|Microsoft.AspNetCore.Server.Kestrel|DEBUG|Connection id "0HL5IELPKQ1PU" started. 
2017-06-14 00:01:29.5425|Microsoft.AspNetCore.Hosting.Internal.WebHost|INFO|Request starting HTTP/1.1 GET http://localhost:38570/swagger/lib/handlebars-4.0.5.js   
2017-06-14 00:01:29.5425|Microsoft.AspNetCore.Server.Kestrel|DEBUG|Connection id "0HL5IELPKQ1PT" started. 
2017-06-14 00:01:29.5575|Microsoft.AspNetCore.Server.Kestrel|DEBUG|Connection id "0HL5IELPKQ1PV" started. 
2017-06-14 00:01:29.5425|Microsoft.AspNetCore.Hosting.Internal.WebHost|INFO|Request starting HTTP/1.1 GET http://localhost:38570/swagger/lib/lodash.min.js   
2017-06-14 00:01:29.5575|Microsoft.AspNetCore.Builder.RouterMiddleware|DEBUG|Request did not match any routes. 
2017-06-14 00:01:29.5830|Microsoft.AspNetCore.StaticFiles.StaticFileMiddleware|INFO|The file /lib/handlebars-4.0.5.js was not modified 
2017-06-14 00:01:29.5425|Microsoft.AspNetCore.Builder.RouterMiddleware|DEBUG|Request did not match any routes. 
2017-06-14 00:01:29.6061|Microsoft.AspNetCore.StaticFiles.StaticFileMiddleware|INFO|The file /css/screen.css was not modified 
2017-06-14 00:01:29.5830|Microsoft.AspNetCore.Builder.RouterMiddleware|DEBUG|Request did not match any routes. 
2017-06-14 00:01:29.6251|Microsoft.AspNetCore.StaticFiles.StaticFileMiddleware|INFO|The file /lib/lodash.min.js was not modified 
2017-06-14 00:01:29.6061|Microsoft.AspNetCore.StaticFiles.StaticFileMiddleware|DEBUG|Handled. Status code: 304 File: /lib/handlebars-4.0.5.js 
2017-06-14 00:01:29.6686|Microsoft.AspNetCore.StaticFiles.StaticFileMiddleware|DEBUG|Handled. Status code: 304 File: /lib/lodash.min.js 
2017-06-14 00:01:29.6061|Microsoft.AspNetCore.StaticFiles.StaticFileMiddleware|DEBUG|Handled. Status code: 304 File: /css/screen.css 
2017-06-14 00:01:30.1374|Microsoft.AspNetCore.Hosting.Internal.WebHost|INFO|Request finished in 593.4802ms 304 text/css 
2017-06-14 00:01:30.1374|Microsoft.AspNetCore.Hosting.Internal.WebHost|INFO|Request finished in 1744.9667ms 200 text/html 
2017-06-14 00:01:30.1374|Microsoft.AspNetCore.Hosting.Internal.WebHost|INFO|Request finished in 584.8173ms 304 application/javascript 
2017-06-14 00:01:30.1575|Microsoft.AspNetCore.Server.Kestrel|DEBUG|Connection id "0HL5IELPKQ1PR" completed keep alive response. 
2017-06-14 00:01:30.1575|Microsoft.AspNetCore.Hosting.Internal.WebHost|INFO|Request starting HTTP/1.1 GET http://localhost:38570/swagger/lib/jquery.wiggle.min.js   
2017-06-14 00:01:30.1680|Microsoft.AspNetCore.Hosting.Internal.WebHost|INFO|Request finished in 628.885ms 304 application/javascript 
2017-06-14 00:01:30.1680|Microsoft.AspNetCore.Server.Kestrel|DEBUG|Connection id "0HL5IELPKQ1PU" completed keep alive response. 
2017-06-14 00:01:30.2175|Microsoft.AspNetCore.Hosting.Internal.WebHost|INFO|Request starting HTTP/1.1 GET http://localhost:38570/swagger/css/typography.css   
2017-06-14 00:01:30.2085|Microsoft.AspNetCore.Builder.RouterMiddleware|DEBUG|Request did not match any routes. 
2017-06-14 00:01:30.2175|Microsoft.AspNetCore.StaticFiles.StaticFileMiddleware|INFO|The file /lib/jquery.wiggle.min.js was not modified 
2017-06-14 00:01:30.2175|Microsoft.AspNetCore.Server.Kestrel|DEBUG|Connection id "0HL5IELPKQ1PS" completed keep alive response. 
2017-06-14 00:01:30.2485|Microsoft.AspNetCore.Builder.RouterMiddleware|DEBUG|Request did not match any routes. 
2017-06-14 00:01:30.2485|Microsoft.AspNetCore.StaticFiles.StaticFileMiddleware|INFO|The file /css/typography.css was not modified 
2017-06-14 00:01:30.2485|Microsoft.AspNetCore.Hosting.Internal.WebHost|INFO|Request starting HTTP/1.1 GET http://localhost:38570/swagger/lib/highlight.9.1.0.pack.js   
2017-06-14 00:01:30.2650|Microsoft.AspNetCore.StaticFiles.StaticFileMiddleware|DEBUG|Handled. Status code: 304 File: /css/typography.css 
2017-06-14 00:01:30.1374|Microsoft.AspNetCore.Server.Kestrel|DEBUG|Connection id "0HL5IELPKQ1PQ" completed keep alive response. 
2017-06-14 00:01:30.2805|Microsoft.AspNetCore.Hosting.Internal.WebHost|INFO|Request starting HTTP/1.1 GET http://localhost:38570/swagger/css/reset.css   
2017-06-14 00:01:30.2650|Microsoft.AspNetCore.Builder.RouterMiddleware|DEBUG|Request did not match any routes. 
2017-06-14 00:01:30.2805|Microsoft.AspNetCore.Hosting.Internal.WebHost|INFO|Request finished in 68.8363ms 304 text/css 
2017-06-14 00:01:30.2805|Microsoft.AspNetCore.StaticFiles.StaticFileMiddleware|INFO|The file /lib/highlight.9.1.0.pack.js was not modified 
2017-06-14 00:01:30.2805|Microsoft.AspNetCore.StaticFiles.StaticFileMiddleware|DEBUG|Handled. Status code: 304 File: /lib/jquery.wiggle.min.js 
2017-06-14 00:01:30.3426|Microsoft.AspNetCore.Server.Kestrel|DEBUG|Connection id "0HL5IELPKQ1PU" completed keep alive response. 
2017-06-14 00:01:30.3426|Microsoft.AspNetCore.StaticFiles.StaticFileMiddleware|DEBUG|Handled. Status code: 304 File: /lib/highlight.9.1.0.pack.js 
2017-06-14 00:01:30.3426|Microsoft.AspNetCore.Builder.RouterMiddleware|DEBUG|Request did not match any routes. 
2017-06-14 00:01:30.3586|Microsoft.AspNetCore.StaticFiles.StaticFileMiddleware|INFO|The file /css/reset.css was not modified 
2017-06-14 00:01:30.3586|Microsoft.AspNetCore.Hosting.Internal.WebHost|INFO|Request finished in 111.057ms 304 application/javascript 
2017-06-14 00:01:30.3586|Microsoft.AspNetCore.Hosting.Internal.WebHost|INFO|Request starting HTTP/1.1 GET http://localhost:38570/swagger/lib/jquery.ba-bbq.min.js   
2017-06-14 00:01:30.3806|Microsoft.AspNetCore.Server.Kestrel|DEBUG|Connection id "0HL5IELPKQ1PS" completed keep alive response. 
2017-06-14 00:01:30.3586|Microsoft.AspNetCore.Hosting.Internal.WebHost|INFO|Request finished in 199.5031ms 304 application/javascript 
2017-06-14 00:01:30.3916|Microsoft.AspNetCore.Builder.RouterMiddleware|DEBUG|Request did not match any routes. 
2017-06-14 00:01:30.3916|Microsoft.AspNetCore.Hosting.Internal.WebHost|INFO|Request starting HTTP/1.1 GET http://localhost:38570/swagger/lib/backbone-min.js   
2017-06-14 00:01:30.4006|Microsoft.AspNetCore.StaticFiles.StaticFileMiddleware|INFO|The file /lib/jquery.ba-bbq.min.js was not modified 
2017-06-14 00:01:30.4006|Microsoft.AspNetCore.Server.Kestrel|DEBUG|Connection id "0HL5IELPKQ1PR" completed keep alive response. 
2017-06-14 00:01:30.4166|Microsoft.AspNetCore.Hosting.Internal.WebHost|INFO|Request starting HTTP/1.1 GET http://localhost:38570/swagger/lib/jquery-1.8.0.min.js   
2017-06-14 00:01:30.4166|Microsoft.AspNetCore.Builder.RouterMiddleware|DEBUG|Request did not match any routes. 
2017-06-14 00:01:30.4332|Microsoft.AspNetCore.StaticFiles.StaticFileMiddleware|INFO|The file /lib/backbone-min.js was not modified 
2017-06-14 00:01:30.4006|Microsoft.AspNetCore.StaticFiles.StaticFileMiddleware|DEBUG|Handled. Status code: 304 File: /lib/jquery.ba-bbq.min.js 
2017-06-14 00:01:30.4332|Microsoft.AspNetCore.Builder.RouterMiddleware|DEBUG|Request did not match any routes. 
2017-06-14 00:01:30.4332|Microsoft.AspNetCore.StaticFiles.StaticFileMiddleware|DEBUG|Handled. Status code: 304 File: /lib/backbone-min.js 
2017-06-14 00:01:30.4332|Microsoft.AspNetCore.StaticFiles.StaticFileMiddleware|INFO|The file /lib/jquery-1.8.0.min.js was not modified 
2017-06-14 00:01:30.4332|Microsoft.AspNetCore.Hosting.Internal.WebHost|INFO|Request finished in 83.6525ms 304 application/javascript 
2017-06-14 00:01:30.4647|Microsoft.AspNetCore.Hosting.Internal.WebHost|INFO|Request finished in 73.157ms 304 application/javascript 
2017-06-14 00:01:30.4647|Microsoft.AspNetCore.StaticFiles.StaticFileMiddleware|DEBUG|Handled. Status code: 304 File: /lib/jquery-1.8.0.min.js 
2017-06-14 00:01:30.3586|Microsoft.AspNetCore.StaticFiles.StaticFileMiddleware|DEBUG|Handled. Status code: 304 File: /css/reset.css 
2017-06-14 00:01:30.4987|Microsoft.AspNetCore.Server.Kestrel|DEBUG|Connection id "0HL5IELPKQ1PT" completed keep alive response. 
2017-06-14 00:01:30.4987|Microsoft.AspNetCore.Hosting.Internal.WebHost|INFO|Request finished in 226.3564ms 304 text/css 
2017-06-14 00:01:30.4647|Microsoft.AspNetCore.Server.Kestrel|DEBUG|Connection id "0HL5IELPKQ1PV" completed keep alive response. 
2017-06-14 00:01:30.5117|Microsoft.AspNetCore.Hosting.Internal.WebHost|INFO|Request starting HTTP/1.1 GET http://localhost:38570/swagger/lib/object-assign-pollyfill.js   
2017-06-14 00:01:30.4987|Microsoft.AspNetCore.Hosting.Internal.WebHost|INFO|Request starting HTTP/1.1 GET http://localhost:38570/swagger/swagger-ui.min.js   
2017-06-14 00:01:30.5117|Microsoft.AspNetCore.Hosting.Internal.WebHost|INFO|Request finished in 106.7519ms 304 application/javascript 
2017-06-14 00:01:30.5262|Microsoft.AspNetCore.Builder.RouterMiddleware|DEBUG|Request did not match any routes. 
2017-06-14 00:01:30.5262|Microsoft.AspNetCore.Builder.RouterMiddleware|DEBUG|Request did not match any routes. 
2017-06-14 00:01:30.5262|Microsoft.AspNetCore.Server.Kestrel|DEBUG|Connection id "0HL5IELPKQ1PR" completed keep alive response. 
2017-06-14 00:01:30.5117|Microsoft.AspNetCore.Server.Kestrel|DEBUG|Connection id "0HL5IELPKQ1PQ" completed keep alive response. 
2017-06-14 00:01:30.5262|Microsoft.AspNetCore.StaticFiles.StaticFileMiddleware|INFO|The file /swagger-ui.min.js was not modified 
2017-06-14 00:01:30.5262|Microsoft.AspNetCore.StaticFiles.StaticFileMiddleware|INFO|The file /lib/object-assign-pollyfill.js was not modified 
2017-06-14 00:01:30.5262|Microsoft.AspNetCore.Hosting.Internal.WebHost|INFO|Request starting HTTP/1.1 GET http://localhost:38570/swagger/lib/marked.js   
2017-06-14 00:01:30.5427|Microsoft.AspNetCore.StaticFiles.StaticFileMiddleware|DEBUG|Handled. Status code: 304 File: /lib/object-assign-pollyfill.js 
2017-06-14 00:01:30.5262|Microsoft.AspNetCore.StaticFiles.StaticFileMiddleware|DEBUG|Handled. Status code: 304 File: /swagger-ui.min.js 
2017-06-14 00:01:30.5427|Microsoft.AspNetCore.Hosting.Internal.WebHost|INFO|Request finished in 37.9855ms 304 application/javascript 
2017-06-14 00:01:30.5427|Microsoft.AspNetCore.Builder.RouterMiddleware|DEBUG|Request did not match any routes. 
2017-06-14 00:01:30.5262|Microsoft.AspNetCore.Hosting.Internal.WebHost|INFO|Request starting HTTP/1.1 GET http://localhost:38570/swagger/lib/swagger-oauth.js   
2017-06-14 00:01:30.5427|Microsoft.AspNetCore.Server.Kestrel|DEBUG|Connection id "0HL5IELPKQ1PV" completed keep alive response. 
2017-06-14 00:01:30.5427|Microsoft.AspNetCore.StaticFiles.StaticFileMiddleware|INFO|The file /lib/marked.js was not modified 
2017-06-14 00:01:30.5608|Microsoft.AspNetCore.Hosting.Internal.WebHost|INFO|Request starting HTTP/1.1 GET http://localhost:38570/swagger/lib/highlight.9.1.0.pack_extended.js   
2017-06-14 00:01:30.5608|Microsoft.AspNetCore.Builder.RouterMiddleware|DEBUG|Request did not match any routes. 
2017-06-14 00:01:30.5427|Microsoft.AspNetCore.Hosting.Internal.WebHost|INFO|Request finished in 46.4192ms 304 application/javascript 
2017-06-14 00:01:30.5608|Microsoft.AspNetCore.Builder.RouterMiddleware|DEBUG|Request did not match any routes. 
2017-06-14 00:01:30.5728|Microsoft.AspNetCore.Server.Kestrel|DEBUG|Connection id "0HL5IELPKQ1PT" completed keep alive response. 
2017-06-14 00:01:30.5728|Microsoft.AspNetCore.StaticFiles.StaticFileMiddleware|INFO|The file /lib/swagger-oauth.js was not modified 
2017-06-14 00:01:30.5608|Microsoft.AspNetCore.Hosting.Internal.WebHost|INFO|Request starting HTTP/1.1 GET http://localhost:38570/swagger/lib/jsoneditor.min.js   
2017-06-14 00:01:30.5728|Microsoft.AspNetCore.StaticFiles.StaticFileMiddleware|DEBUG|Handled. Status code: 304 File: /lib/swagger-oauth.js 
2017-06-14 00:01:30.5608|Microsoft.AspNetCore.StaticFiles.StaticFileMiddleware|DEBUG|Handled. Status code: 304 File: /lib/marked.js 
2017-06-14 00:01:30.5728|Microsoft.AspNetCore.StaticFiles.StaticFileMiddleware|INFO|The file /lib/highlight.9.1.0.pack_extended.js was not modified 
2017-06-14 00:01:30.5888|Microsoft.AspNetCore.Builder.RouterMiddleware|DEBUG|Request did not match any routes. 
2017-06-14 00:01:30.6353|Microsoft.AspNetCore.StaticFiles.StaticFileMiddleware|DEBUG|Handled. Status code: 304 File: /lib/highlight.9.1.0.pack_extended.js 
2017-06-14 00:01:30.5888|Microsoft.AspNetCore.Hosting.Internal.WebHost|INFO|Request finished in 55.7326ms 304 application/javascript 
2017-06-14 00:01:30.6353|Microsoft.AspNetCore.StaticFiles.StaticFileMiddleware|INFO|The file /lib/jsoneditor.min.js was not modified 
2017-06-14 00:01:30.6353|Microsoft.AspNetCore.Hosting.Internal.WebHost|INFO|Request finished in 79.6626ms 304 application/javascript 
2017-06-14 00:01:30.6353|Microsoft.AspNetCore.Server.Kestrel|DEBUG|Connection id "0HL5IELPKQ1PR" completed keep alive response. 
2017-06-14 00:01:30.6548|Microsoft.AspNetCore.Server.Kestrel|DEBUG|Connection id "0HL5IELPKQ1PU" completed keep alive response. 
2017-06-14 00:01:30.6128|Microsoft.AspNetCore.Hosting.Internal.WebHost|INFO|Request finished in 76.8287ms 304 application/javascript 
2017-06-14 00:01:30.6548|Microsoft.AspNetCore.StaticFiles.StaticFileMiddleware|DEBUG|Handled. Status code: 304 File: /lib/jsoneditor.min.js 
2017-06-14 00:01:30.6548|Microsoft.AspNetCore.Server.Kestrel|DEBUG|Connection id "0HL5IELPKQ1PQ" completed keep alive response. 
2017-06-14 00:01:30.6688|Microsoft.AspNetCore.Hosting.Internal.WebHost|INFO|Request finished in 97.7583ms 304 application/javascript 
2017-06-14 00:01:30.6878|Microsoft.AspNetCore.Hosting.Internal.WebHost|INFO|Request starting HTTP/1.1 GET http://localhost:38570/swagger/lib/jquery.slideto.min.js   
2017-06-14 00:01:30.6878|Microsoft.AspNetCore.Server.Kestrel|DEBUG|Connection id "0HL5IELPKQ1PS" completed keep alive response. 
2017-06-14 00:01:30.6878|Microsoft.AspNetCore.Builder.RouterMiddleware|DEBUG|Request did not match any routes. 
2017-06-14 00:01:30.6878|Microsoft.AspNetCore.StaticFiles.StaticFileMiddleware|INFO|The file /lib/jquery.slideto.min.js was not modified 
2017-06-14 00:01:30.6999|Microsoft.AspNetCore.StaticFiles.StaticFileMiddleware|DEBUG|Handled. Status code: 304 File: /lib/jquery.slideto.min.js 
2017-06-14 00:01:30.6999|Microsoft.AspNetCore.Hosting.Internal.WebHost|INFO|Request finished in 15.9254ms 304 application/javascript 
2017-06-14 00:01:30.6999|Microsoft.AspNetCore.Server.Kestrel|DEBUG|Connection id "0HL5IELPKQ1PV" completed keep alive response. 
2017-06-14 00:01:30.7747|Microsoft.AspNetCore.Hosting.Internal.WebHost|INFO|Request starting HTTP/1.1 GET http://localhost:38570/swagger/images/logo_small.png   
2017-06-14 00:01:30.7787|Microsoft.AspNetCore.Builder.RouterMiddleware|DEBUG|Request did not match any routes. 
2017-06-14 00:01:30.7787|Microsoft.AspNetCore.StaticFiles.StaticFileMiddleware|INFO|The file /images/logo_small.png was not modified 
2017-06-14 00:01:30.7787|Microsoft.AspNetCore.StaticFiles.StaticFileMiddleware|DEBUG|Handled. Status code: 304 File: /images/logo_small.png 
2017-06-14 00:01:30.7787|Microsoft.AspNetCore.Hosting.Internal.WebHost|INFO|Request finished in 13.6575ms 304 image/png 
2017-06-14 00:01:30.7927|Microsoft.AspNetCore.Server.Kestrel|DEBUG|Connection id "0HL5IELPKQ1PT" completed keep alive response. 
2017-06-14 00:01:30.7927|Microsoft.AspNetCore.Hosting.Internal.WebHost|INFO|Request starting HTTP/1.1 GET http://localhost:38570/swagger/css/print.css   
2017-06-14 00:01:30.7927|Microsoft.AspNetCore.Builder.RouterMiddleware|DEBUG|Request did not match any routes. 
2017-06-14 00:01:30.7927|Microsoft.AspNetCore.StaticFiles.StaticFileMiddleware|INFO|The file /css/print.css was not modified 
2017-06-14 00:01:30.7927|Microsoft.AspNetCore.StaticFiles.StaticFileMiddleware|DEBUG|Handled. Status code: 304 File: /css/print.css 
2017-06-14 00:01:30.8117|Microsoft.AspNetCore.Hosting.Internal.WebHost|INFO|Request finished in 15.462ms 304 text/css 
2017-06-14 00:01:30.8117|Microsoft.AspNetCore.Server.Kestrel|DEBUG|Connection id "0HL5IELPKQ1PR" completed keep alive response. 
2017-06-14 00:01:31.0118|Microsoft.AspNetCore.Hosting.Internal.WebHost|INFO|Request starting HTTP/1.1 GET http://localhost:38570/swagger/v1/swagger.json   
2017-06-14 00:01:31.0118|Microsoft.AspNetCore.Builder.RouterMiddleware|DEBUG|Request did not match any routes. 
2017-06-14 00:01:31.0549|Microsoft.AspNetCore.Hosting.Internal.WebHost|INFO|Request starting HTTP/1.1 GET http://localhost:38570/swagger/images/favicon-16x16.png   
2017-06-14 00:01:31.0589|Microsoft.AspNetCore.Builder.RouterMiddleware|DEBUG|Request did not match any routes. 
2017-06-14 00:01:31.0589|Microsoft.AspNetCore.StaticFiles.StaticFileMiddleware|INFO|The file /images/favicon-16x16.png was not modified 
2017-06-14 00:01:31.0589|Microsoft.AspNetCore.StaticFiles.StaticFileMiddleware|DEBUG|Handled. Status code: 304 File: /images/favicon-16x16.png 
2017-06-14 00:01:31.0589|Microsoft.AspNetCore.Hosting.Internal.WebHost|INFO|Request finished in 12.4361ms 304 image/png 
2017-06-14 00:01:31.0779|Microsoft.AspNetCore.Server.Kestrel|DEBUG|Connection id "0HL5IELPKQ1PQ" completed keep alive response. 
2017-06-14 00:01:32.1822|Microsoft.AspNetCore.Hosting.Internal.WebHost|INFO|Request finished in 1170.9807ms 200 application/json 
2017-06-14 00:01:32.1822|Microsoft.AspNetCore.Server.Kestrel|DEBUG|Connection id "0HL5IELPKQ1PU" completed keep alive response. 
2017-06-14 00:02:02.1470|Microsoft.AspNetCore.Hosting.Internal.WebHost|INFO|Request starting HTTP/1.1 GET http://localhost:38570/   
2017-06-14 00:02:02.1821|Microsoft.AspNetCore.Builder.RouterMiddleware|DEBUG|Request did not match any routes. 
2017-06-14 00:02:02.1821|Microsoft.AspNetCore.StaticFiles.StaticFileMiddleware|DEBUG|The request path  does not match the path filter 
2017-06-14 00:02:02.2126|Microsoft.AspNetCore.Hosting.Internal.WebHost|INFO|Request finished in 65.1433ms 404  
2017-06-14 00:02:02.2276|Microsoft.AspNetCore.Server.Kestrel|DEBUG|Connection id "0HL5IELPKQ1PS" completed keep alive response. 
2017-06-14 00:02:02.5929|Microsoft.AspNetCore.Hosting.Internal.WebHost|INFO|Request starting HTTP/1.1 GET http://localhost:38570/   
2017-06-14 00:02:02.5929|Microsoft.AspNetCore.Builder.RouterMiddleware|DEBUG|Request did not match any routes. 
2017-06-14 00:02:02.6079|Microsoft.AspNetCore.StaticFiles.StaticFileMiddleware|DEBUG|The request path  does not match the path filter 
2017-06-14 00:02:02.6079|Microsoft.AspNetCore.Hosting.Internal.WebHost|INFO|Request finished in 19.1136ms 404  
2017-06-14 00:02:02.6079|Microsoft.AspNetCore.Server.Kestrel|DEBUG|Connection id "0HL5IELPKQ1PV" completed keep alive response. 
2017-06-14 00:03:09.9287|Microsoft.AspNetCore.Hosting.Internal.WebHost|DEBUG|Hosting starting 
2017-06-14 00:03:10.1549|Microsoft.AspNetCore.Server.Kestrel|WARN|Unable to bind to http://localhost:38570/swagger on the IPv4 loopback interface. One or more errors occurred. (Error -4092 EACCES permission denied)
2017-06-14 00:03:10.2770|Microsoft.AspNetCore.Server.Kestrel|WARN|Unable to bind to http://localhost:38570/swagger on the IPv6 loopback interface. One or more errors occurred. (Error -4092 EACCES permission denied)
2017-06-14 00:03:10.2770|Microsoft.AspNetCore.Server.Kestrel|ERROR|Unable to bind to http://localhost:38570/swagger on any loopback interface. One or more errors occurred. (Error -4092 EACCES permission denied) (Error -4092 EACCES permission denied)
2017-06-14 00:03:12.0189|Microsoft.AspNetCore.Hosting.Internal.WebHost|DEBUG|Hosting shutdown 
2017-06-14 00:04:49.9290|Microsoft.AspNetCore.Hosting.Internal.WebHost|DEBUG|Hosting starting 
2017-06-14 00:04:50.1162|Microsoft.AspNetCore.Hosting.Internal.WebHost|DEBUG|Hosting started 
2017-06-14 00:04:50.3134|Microsoft.AspNetCore.Server.Kestrel|DEBUG|Connection id "0HL5IENLSJREM" started. 
2017-06-14 00:04:50.3134|Microsoft.AspNetCore.Server.Kestrel|DEBUG|Connection id "0HL5IENLSJREN" started. 
2017-06-14 00:04:50.4651|Microsoft.AspNetCore.Hosting.Internal.WebHost|INFO|Request starting HTTP/1.1 GET http://localhost:38570/swagger/   
2017-06-14 00:04:50.4651|Microsoft.AspNetCore.Hosting.Internal.WebHost|INFO|Request starting HTTP/1.1 DEBUG http://localhost:38570/  0 
2017-06-14 00:04:50.5739|Microsoft.AspNetCore.Hosting.Internal.WebHost|INFO|Request finished in 129.4625ms 200  
2017-06-14 00:04:50.6612|Microsoft.AspNetCore.Server.Kestrel|DEBUG|Connection id "0HL5IENLSJREN" completed keep alive response. 
2017-06-14 00:04:51.0580|Microsoft.AspNetCore.Builder.RouterMiddleware|DEBUG|Request did not match any routes. 
2017-06-14 00:04:51.1716|Microsoft.AspNetCore.StaticFiles.StaticFileMiddleware|INFO|Sending file. Request path: '/index.html'. Physical path: 'N/A' 
2017-06-14 00:04:51.2896|Microsoft.AspNetCore.Server.Kestrel|DEBUG|Connection id "0HL5IENLSJREO" started. 
2017-06-14 00:04:51.2896|Microsoft.AspNetCore.Server.Kestrel|DEBUG|Connection id "0HL5IENLSJREP" started. 
2017-06-14 00:04:51.2956|Microsoft.AspNetCore.Server.Kestrel|DEBUG|Connection id "0HL5IENLSJREQ" started. 
2017-06-14 00:04:51.2956|Microsoft.AspNetCore.Hosting.Internal.WebHost|INFO|Request starting HTTP/1.1 GET http://localhost:38570/swagger/lib/object-assign-pollyfill.js   
2017-06-14 00:04:51.2956|Microsoft.AspNetCore.Hosting.Internal.WebHost|INFO|Request starting HTTP/1.1 GET http://localhost:38570/swagger/css/screen.css   
2017-06-14 00:04:51.2956|Microsoft.AspNetCore.Hosting.Internal.WebHost|INFO|Request starting HTTP/1.1 GET http://localhost:38570/swagger/css/typography.css   
2017-06-14 00:04:51.3987|Microsoft.AspNetCore.Server.Kestrel|DEBUG|Connection id "0HL5IENLSJRER" started. 
2017-06-14 00:04:51.4087|Microsoft.AspNetCore.Builder.RouterMiddleware|DEBUG|Request did not match any routes. 
2017-06-14 00:04:51.4087|Microsoft.AspNetCore.Builder.RouterMiddleware|DEBUG|Request did not match any routes. 
2017-06-14 00:04:51.2956|Microsoft.AspNetCore.Builder.RouterMiddleware|DEBUG|Request did not match any routes. 
2017-06-14 00:04:51.4087|Microsoft.AspNetCore.StaticFiles.StaticFileMiddleware|INFO|The file /css/typography.css was not modified 
2017-06-14 00:04:51.4087|Microsoft.AspNetCore.StaticFiles.StaticFileMiddleware|INFO|The file /css/screen.css was not modified 
2017-06-14 00:04:51.4167|Microsoft.AspNetCore.StaticFiles.StaticFileMiddleware|INFO|The file /lib/object-assign-pollyfill.js was not modified 
2017-06-14 00:04:51.4408|Microsoft.AspNetCore.StaticFiles.StaticFileMiddleware|DEBUG|Handled. Status code: 304 File: /css/typography.css 
2017-06-14 00:04:51.4408|Microsoft.AspNetCore.StaticFiles.StaticFileMiddleware|DEBUG|Handled. Status code: 304 File: /css/screen.css 
2017-06-14 00:04:51.4408|Microsoft.AspNetCore.StaticFiles.StaticFileMiddleware|DEBUG|Handled. Status code: 304 File: /lib/object-assign-pollyfill.js 
2017-06-14 00:04:51.9866|Microsoft.AspNetCore.Hosting.Internal.WebHost|INFO|Request finished in 691.2769ms 304 text/css 
2017-06-14 00:04:52.0062|Microsoft.AspNetCore.Hosting.Internal.WebHost|INFO|Request finished in 709.5608ms 304 application/javascript 
2017-06-14 00:04:52.0382|Microsoft.AspNetCore.Hosting.Internal.WebHost|INFO|Request finished in 739.6346ms 304 text/css 
2017-06-14 00:04:52.0507|Microsoft.AspNetCore.Server.Kestrel|DEBUG|Connection id "0HL5IENLSJREO" completed keep alive response. 
2017-06-14 00:04:52.0627|Microsoft.AspNetCore.Hosting.Internal.WebHost|INFO|Request starting HTTP/1.1 GET http://localhost:38570/swagger/css/reset.css   
2017-06-14 00:04:52.0507|Microsoft.AspNetCore.Server.Kestrel|DEBUG|Connection id "0HL5IENLSJREP" completed keep alive response. 
2017-06-14 00:04:52.1007|Microsoft.AspNetCore.Hosting.Internal.WebHost|INFO|Request starting HTTP/1.1 GET http://localhost:38570/swagger/lib/jquery.ba-bbq.min.js   
2017-06-14 00:04:52.1037|Microsoft.AspNetCore.Hosting.Internal.WebHost|INFO|Request finished in 1671.2966ms 200 text/html 
2017-06-14 00:04:52.1207|Microsoft.AspNetCore.Builder.RouterMiddleware|DEBUG|Request did not match any routes. 
2017-06-14 00:04:52.1207|Microsoft.AspNetCore.StaticFiles.StaticFileMiddleware|INFO|The file /lib/jquery.ba-bbq.min.js was not modified 
2017-06-14 00:04:52.1037|Microsoft.AspNetCore.Server.Kestrel|DEBUG|Connection id "0HL5IENLSJREN" completed keep alive response. 
2017-06-14 00:04:52.1398|Microsoft.AspNetCore.Hosting.Internal.WebHost|INFO|Request starting HTTP/1.1 GET http://localhost:38570/swagger/lib/handlebars-4.0.5.js   
2017-06-14 00:04:52.1398|Microsoft.AspNetCore.Builder.RouterMiddleware|DEBUG|Request did not match any routes. 
2017-06-14 00:04:52.1398|Microsoft.AspNetCore.StaticFiles.StaticFileMiddleware|INFO|The file /css/reset.css was not modified 
2017-06-14 00:04:52.1398|Microsoft.AspNetCore.StaticFiles.StaticFileMiddleware|DEBUG|Handled. Status code: 304 File: /lib/jquery.ba-bbq.min.js 
2017-06-14 00:04:52.1543|Microsoft.AspNetCore.StaticFiles.StaticFileMiddleware|DEBUG|Handled. Status code: 304 File: /css/reset.css 
2017-06-14 00:04:52.1543|Microsoft.AspNetCore.Builder.RouterMiddleware|DEBUG|Request did not match any routes. 
2017-06-14 00:04:52.1663|Microsoft.AspNetCore.StaticFiles.StaticFileMiddleware|INFO|The file /lib/handlebars-4.0.5.js was not modified 
2017-06-14 00:04:52.1663|Microsoft.AspNetCore.Hosting.Internal.WebHost|INFO|Request finished in 65.523ms 304 application/javascript 
2017-06-14 00:04:52.1207|Microsoft.AspNetCore.Server.Kestrel|DEBUG|Connection id "0HL5IENLSJREM" completed keep alive response. 
2017-06-14 00:04:52.1828|Microsoft.AspNetCore.Hosting.Internal.WebHost|INFO|Request starting HTTP/1.1 GET http://localhost:38570/swagger/lib/jquery-1.8.0.min.js   
2017-06-14 00:04:52.1828|Microsoft.AspNetCore.Server.Kestrel|DEBUG|Connection id "0HL5IENLSJREP" completed keep alive response. 
2017-06-14 00:04:52.1828|Microsoft.AspNetCore.Hosting.Internal.WebHost|INFO|Request starting HTTP/1.1 GET http://localhost:38570/swagger/lib/lodash.min.js   
2017-06-14 00:04:52.1828|Microsoft.AspNetCore.StaticFiles.StaticFileMiddleware|DEBUG|Handled. Status code: 304 File: /lib/handlebars-4.0.5.js 
2017-06-14 00:04:52.2153|Microsoft.AspNetCore.Builder.RouterMiddleware|DEBUG|Request did not match any routes. 
2017-06-14 00:04:52.2153|Microsoft.AspNetCore.Builder.RouterMiddleware|DEBUG|Request did not match any routes. 
2017-06-14 00:04:52.2443|Microsoft.AspNetCore.StaticFiles.StaticFileMiddleware|INFO|The file /lib/lodash.min.js was not modified 
2017-06-14 00:04:52.1663|Microsoft.AspNetCore.Hosting.Internal.WebHost|INFO|Request finished in 113.1911ms 304 text/css 
2017-06-14 00:04:52.2443|Microsoft.AspNetCore.StaticFiles.StaticFileMiddleware|DEBUG|Handled. Status code: 304 File: /lib/lodash.min.js 
2017-06-14 00:04:52.2423|Microsoft.AspNetCore.Hosting.Internal.WebHost|INFO|Request finished in 103.309ms 304 application/javascript 
2017-06-14 00:04:52.2824|Microsoft.AspNetCore.Hosting.Internal.WebHost|INFO|Request finished in 93.3194ms 304 application/javascript 
2017-06-14 00:04:52.2824|Microsoft.AspNetCore.Server.Kestrel|DEBUG|Connection id "0HL5IENLSJREN" completed keep alive response. 
2017-06-14 00:04:52.2934|Microsoft.AspNetCore.Server.Kestrel|DEBUG|Connection id "0HL5IENLSJREP" completed keep alive response. 
2017-06-14 00:04:52.2934|Microsoft.AspNetCore.Hosting.Internal.WebHost|INFO|Request starting HTTP/1.1 GET http://localhost:38570/swagger/lib/jquery.slideto.min.js   
2017-06-14 00:04:52.2934|Microsoft.AspNetCore.Hosting.Internal.WebHost|INFO|Request starting HTTP/1.1 GET http://localhost:38570/swagger/swagger-ui.min.js   
2017-06-14 00:04:52.2443|Microsoft.AspNetCore.Server.Kestrel|DEBUG|Connection id "0HL5IENLSJREQ" completed keep alive response. 
2017-06-14 00:04:52.3074|Microsoft.AspNetCore.Hosting.Internal.WebHost|INFO|Request starting HTTP/1.1 GET http://localhost:38570/swagger/lib/backbone-min.js   
2017-06-14 00:04:52.2934|Microsoft.AspNetCore.Builder.RouterMiddleware|DEBUG|Request did not match any routes. 
2017-06-14 00:04:52.3074|Microsoft.AspNetCore.Builder.RouterMiddleware|DEBUG|Request did not match any routes. 
2017-06-14 00:04:52.3074|Microsoft.AspNetCore.StaticFiles.StaticFileMiddleware|INFO|The file /lib/backbone-min.js was not modified 
2017-06-14 00:04:52.2423|Microsoft.AspNetCore.StaticFiles.StaticFileMiddleware|INFO|The file /lib/jquery-1.8.0.min.js was not modified 
2017-06-14 00:04:52.3274|Microsoft.AspNetCore.StaticFiles.StaticFileMiddleware|DEBUG|Handled. Status code: 304 File: /lib/backbone-min.js 
2017-06-14 00:04:52.3074|Microsoft.AspNetCore.Builder.RouterMiddleware|DEBUG|Request did not match any routes. 
2017-06-14 00:04:52.3074|Microsoft.AspNetCore.StaticFiles.StaticFileMiddleware|INFO|The file /lib/jquery.slideto.min.js was not modified 
2017-06-14 00:04:52.3274|Microsoft.AspNetCore.StaticFiles.StaticFileMiddleware|DEBUG|Handled. Status code: 304 File: /lib/jquery-1.8.0.min.js 
2017-06-14 00:04:52.3424|Microsoft.AspNetCore.StaticFiles.StaticFileMiddleware|DEBUG|Handled. Status code: 304 File: /lib/jquery.slideto.min.js 
2017-06-14 00:04:52.3274|Microsoft.AspNetCore.Hosting.Internal.WebHost|INFO|Request finished in 26.9536ms 304 application/javascript 
2017-06-14 00:04:52.3424|Microsoft.AspNetCore.Hosting.Internal.WebHost|INFO|Request finished in 165.6656ms 304 application/javascript 
2017-06-14 00:04:52.3274|Microsoft.AspNetCore.StaticFiles.StaticFileMiddleware|INFO|The file /swagger-ui.min.js was not modified 
2017-06-14 00:04:52.3744|Microsoft.AspNetCore.Hosting.Internal.WebHost|INFO|Request finished in 75.3215ms 304 application/javascript 
2017-06-14 00:04:52.3874|Microsoft.AspNetCore.Server.Kestrel|DEBUG|Connection id "0HL5IENLSJREQ" completed keep alive response. 
2017-06-14 00:04:52.4125|Microsoft.AspNetCore.StaticFiles.StaticFileMiddleware|DEBUG|Handled. Status code: 304 File: /swagger-ui.min.js 
2017-06-14 00:04:52.3874|Microsoft.AspNetCore.Server.Kestrel|DEBUG|Connection id "0HL5IENLSJREM" completed keep alive response. 
2017-06-14 00:04:52.4125|Microsoft.AspNetCore.Hosting.Internal.WebHost|INFO|Request starting HTTP/1.1 GET http://localhost:38570/swagger/lib/highlight.9.1.0.pack_extended.js   
2017-06-14 00:04:52.4235|Microsoft.AspNetCore.Hosting.Internal.WebHost|INFO|Request starting HTTP/1.1 GET http://localhost:38570/swagger/lib/jsoneditor.min.js   
2017-06-14 00:04:52.4555|Microsoft.AspNetCore.Builder.RouterMiddleware|DEBUG|Request did not match any routes. 
2017-06-14 00:04:52.4435|Microsoft.AspNetCore.Hosting.Internal.WebHost|INFO|Request finished in 149.7348ms 304 application/javascript 
2017-06-14 00:04:52.4555|Microsoft.AspNetCore.StaticFiles.StaticFileMiddleware|INFO|The file /lib/highlight.9.1.0.pack_extended.js was not modified 
2017-06-14 00:04:52.4235|Microsoft.AspNetCore.Server.Kestrel|DEBUG|Connection id "0HL5IENLSJRER" completed keep alive response. 
2017-06-14 00:04:52.4645|Microsoft.AspNetCore.Hosting.Internal.WebHost|INFO|Request starting HTTP/1.1 GET http://localhost:38570/swagger/lib/marked.js   
2017-06-14 00:04:52.4555|Microsoft.AspNetCore.Builder.RouterMiddleware|DEBUG|Request did not match any routes. 
2017-06-14 00:04:52.4645|Microsoft.AspNetCore.Server.Kestrel|DEBUG|Connection id "0HL5IENLSJREN" completed keep alive response. 
2017-06-14 00:04:52.4825|Microsoft.AspNetCore.StaticFiles.StaticFileMiddleware|DEBUG|Handled. Status code: 304 File: /lib/highlight.9.1.0.pack_extended.js 
2017-06-14 00:04:52.4825|Microsoft.AspNetCore.Builder.RouterMiddleware|DEBUG|Request did not match any routes. 
2017-06-14 00:04:52.4955|Microsoft.AspNetCore.StaticFiles.StaticFileMiddleware|INFO|The file /lib/marked.js was not modified 
2017-06-14 00:04:52.4825|Microsoft.AspNetCore.Hosting.Internal.WebHost|INFO|Request starting HTTP/1.1 GET http://localhost:38570/swagger/lib/swagger-oauth.js   
2017-06-14 00:04:52.4955|Microsoft.AspNetCore.StaticFiles.StaticFileMiddleware|DEBUG|Handled. Status code: 304 File: /lib/marked.js 
2017-06-14 00:04:52.4825|Microsoft.AspNetCore.StaticFiles.StaticFileMiddleware|INFO|The file /lib/jsoneditor.min.js was not modified 
2017-06-14 00:04:52.4825|Microsoft.AspNetCore.Hosting.Internal.WebHost|INFO|Request finished in 80.2978ms 304 application/javascript 
2017-06-14 00:04:52.5125|Microsoft.AspNetCore.Hosting.Internal.WebHost|INFO|Request finished in 46.4489ms 304 application/javascript 
2017-06-14 00:04:52.5376|Microsoft.AspNetCore.Server.Kestrel|DEBUG|Connection id "0HL5IENLSJREQ" completed keep alive response. 
2017-06-14 00:04:52.5516|Microsoft.AspNetCore.Hosting.Internal.WebHost|INFO|Request starting HTTP/1.1 GET http://localhost:38570/swagger/lib/jquery.wiggle.min.js   
2017-06-14 00:04:52.5516|Microsoft.AspNetCore.Server.Kestrel|DEBUG|Connection id "0HL5IENLSJRER" completed keep alive response. 
2017-06-14 00:04:52.4955|Microsoft.AspNetCore.Builder.RouterMiddleware|DEBUG|Request did not match any routes. 
2017-06-14 00:04:52.5626|Microsoft.AspNetCore.Hosting.Internal.WebHost|INFO|Request starting HTTP/1.1 GET http://localhost:38570/swagger/lib/highlight.9.1.0.pack.js   
2017-06-14 00:04:52.5626|Microsoft.AspNetCore.StaticFiles.StaticFileMiddleware|INFO|The file /lib/swagger-oauth.js was not modified 
2017-06-14 00:04:52.5726|Microsoft.AspNetCore.Builder.RouterMiddleware|DEBUG|Request did not match any routes. 
2017-06-14 00:04:52.5726|Microsoft.AspNetCore.StaticFiles.StaticFileMiddleware|INFO|The file /lib/highlight.9.1.0.pack.js was not modified 
2017-06-14 00:04:52.5726|Microsoft.AspNetCore.StaticFiles.StaticFileMiddleware|DEBUG|Handled. Status code: 304 File: /lib/swagger-oauth.js 
2017-06-14 00:04:52.5626|Microsoft.AspNetCore.Builder.RouterMiddleware|DEBUG|Request did not match any routes. 
2017-06-14 00:04:52.5726|Microsoft.AspNetCore.StaticFiles.StaticFileMiddleware|INFO|The file /lib/jquery.wiggle.min.js was not modified 
2017-06-14 00:04:52.5726|Microsoft.AspNetCore.Hosting.Internal.WebHost|INFO|Request finished in 99.9521ms 304 application/javascript 
2017-06-14 00:04:52.5376|Microsoft.AspNetCore.StaticFiles.StaticFileMiddleware|DEBUG|Handled. Status code: 304 File: /lib/jsoneditor.min.js 
2017-06-14 00:04:52.6086|Microsoft.AspNetCore.StaticFiles.StaticFileMiddleware|DEBUG|Handled. Status code: 304 File: /lib/highlight.9.1.0.pack.js 
2017-06-14 00:04:52.6086|Microsoft.AspNetCore.StaticFiles.StaticFileMiddleware|DEBUG|Handled. Status code: 304 File: /lib/jquery.wiggle.min.js 
2017-06-14 00:04:52.6387|Microsoft.AspNetCore.Hosting.Internal.WebHost|INFO|Request finished in 210.7841ms 304 application/javascript 
2017-06-14 00:04:52.6387|Microsoft.AspNetCore.Hosting.Internal.WebHost|INFO|Request finished in 93.8254ms 304 application/javascript 
2017-06-14 00:04:52.6387|Microsoft.AspNetCore.Hosting.Internal.WebHost|INFO|Request finished in 77.741ms 304 application/javascript 
2017-06-14 00:04:52.6086|Microsoft.AspNetCore.Server.Kestrel|DEBUG|Connection id "0HL5IENLSJREN" completed keep alive response. 
2017-06-14 00:04:52.6387|Microsoft.AspNetCore.Server.Kestrel|DEBUG|Connection id "0HL5IENLSJREM" completed keep alive response. 
2017-06-14 00:04:52.6547|Microsoft.AspNetCore.Server.Kestrel|DEBUG|Connection id "0HL5IENLSJREP" completed keep alive response. 
2017-06-14 00:04:52.6547|Microsoft.AspNetCore.Hosting.Internal.WebHost|INFO|Request starting HTTP/1.1 GET http://localhost:38570/swagger/images/logo_small.png   
2017-06-14 00:04:52.6547|Microsoft.AspNetCore.Server.Kestrel|DEBUG|Connection id "0HL5IENLSJREO" completed keep alive response. 
2017-06-14 00:04:52.6737|Microsoft.AspNetCore.Builder.RouterMiddleware|DEBUG|Request did not match any routes. 
2017-06-14 00:04:52.6737|Microsoft.AspNetCore.StaticFiles.StaticFileMiddleware|INFO|The file /images/logo_small.png was not modified 
2017-06-14 00:04:52.6737|Microsoft.AspNetCore.StaticFiles.StaticFileMiddleware|DEBUG|Handled. Status code: 304 File: /images/logo_small.png 
2017-06-14 00:04:52.6827|Microsoft.AspNetCore.Hosting.Internal.WebHost|INFO|Request finished in 20.9421ms 304 image/png 
2017-06-14 00:04:52.6827|Microsoft.AspNetCore.Server.Kestrel|DEBUG|Connection id "0HL5IENLSJREQ" completed keep alive response. 
2017-06-14 00:04:52.6827|Microsoft.AspNetCore.Hosting.Internal.WebHost|INFO|Request starting HTTP/1.1 GET http://localhost:38570/swagger/css/print.css   
2017-06-14 00:04:52.6827|Microsoft.AspNetCore.Builder.RouterMiddleware|DEBUG|Request did not match any routes. 
2017-06-14 00:04:52.6827|Microsoft.AspNetCore.StaticFiles.StaticFileMiddleware|INFO|The file /css/print.css was not modified 
2017-06-14 00:04:52.7007|Microsoft.AspNetCore.StaticFiles.StaticFileMiddleware|DEBUG|Handled. Status code: 304 File: /css/print.css 
2017-06-14 00:04:52.7007|Microsoft.AspNetCore.Hosting.Internal.WebHost|INFO|Request finished in 14.3486ms 304 text/css 
2017-06-14 00:04:52.7007|Microsoft.AspNetCore.Server.Kestrel|DEBUG|Connection id "0HL5IENLSJRER" completed keep alive response. 
2017-06-14 00:04:52.9179|Microsoft.AspNetCore.Hosting.Internal.WebHost|INFO|Request starting HTTP/1.1 GET http://localhost:38570/swagger/v1/swagger.json   
2017-06-14 00:04:52.9179|Microsoft.AspNetCore.Builder.RouterMiddleware|DEBUG|Request did not match any routes. 
2017-06-14 00:04:52.9429|Microsoft.AspNetCore.Hosting.Internal.WebHost|INFO|Request starting HTTP/1.1 GET http://localhost:38570/swagger/images/favicon-16x16.png   
2017-06-14 00:04:52.9479|Microsoft.AspNetCore.Builder.RouterMiddleware|DEBUG|Request did not match any routes. 
2017-06-14 00:04:52.9479|Microsoft.AspNetCore.StaticFiles.StaticFileMiddleware|INFO|The file /images/favicon-16x16.png was not modified 
2017-06-14 00:04:52.9479|Microsoft.AspNetCore.StaticFiles.StaticFileMiddleware|DEBUG|Handled. Status code: 304 File: /images/favicon-16x16.png 
2017-06-14 00:04:52.9479|Microsoft.AspNetCore.Hosting.Internal.WebHost|INFO|Request finished in 11.685ms 304 image/png 
2017-06-14 00:04:52.9479|Microsoft.AspNetCore.Server.Kestrel|DEBUG|Connection id "0HL5IENLSJREM" completed keep alive response. 
2017-06-14 00:04:53.4394|Microsoft.AspNetCore.Hosting.Internal.WebHost|INFO|Request finished in 521.7902ms 200 application/json 
2017-06-14 00:04:53.4394|Microsoft.AspNetCore.Server.Kestrel|DEBUG|Connection id "0HL5IENLSJREN" completed keep alive response. 
2017-06-14 00:06:40.2640|Microsoft.AspNetCore.Server.Kestrel|DEBUG|Connection id "0HL5IENLSJREP" received FIN. 
2017-06-14 00:06:40.2640|Microsoft.AspNetCore.Server.Kestrel|DEBUG|Connection id "0HL5IENLSJREQ" received FIN. 
2017-06-14 00:06:40.2820|Microsoft.AspNetCore.Server.Kestrel|DEBUG|Connection id "0HL5IENLSJREN" received FIN. 
2017-06-14 00:06:40.2640|Microsoft.AspNetCore.Server.Kestrel|DEBUG|Connection id "0HL5IENLSJREO" received FIN. 
2017-06-14 00:06:40.3290|Microsoft.AspNetCore.Server.Kestrel|DEBUG|Connection id "0HL5IENLSJRER" received FIN. 
2017-06-14 00:06:40.3290|Microsoft.AspNetCore.Server.Kestrel|DEBUG|Connection id "0HL5IENLSJREM" received FIN. 
2017-06-14 00:06:40.3290|Microsoft.AspNetCore.Server.Kestrel|DEBUG|Connection id "0HL5IENLSJREP" disconnecting. 
2017-06-14 00:06:40.3661|Microsoft.AspNetCore.Server.Kestrel|DEBUG|Connection id "0HL5IENLSJREQ" disconnecting. 
2017-06-14 00:06:40.3661|Microsoft.AspNetCore.Server.Kestrel|DEBUG|Connection id "0HL5IENLSJREM" disconnecting. 
2017-06-14 00:06:40.3711|Microsoft.AspNetCore.Server.Kestrel|DEBUG|Connection id "0HL5IENLSJREM" sending FIN. 
2017-06-14 00:06:40.3661|Microsoft.AspNetCore.Server.Kestrel|DEBUG|Connection id "0HL5IENLSJREO" disconnecting. 
2017-06-14 00:06:40.3661|Microsoft.AspNetCore.Server.Kestrel|DEBUG|Connection id "0HL5IENLSJREN" disconnecting. 
2017-06-14 00:06:40.3661|Microsoft.AspNetCore.Server.Kestrel|DEBUG|Connection id "0HL5IENLSJRER" disconnecting. 
2017-06-14 00:06:40.3661|Microsoft.AspNetCore.Server.Kestrel|DEBUG|Connection id "0HL5IENLSJREP" sending FIN. 
2017-06-14 00:06:40.3871|Microsoft.AspNetCore.Server.Kestrel|DEBUG|Connection id "0HL5IENLSJREQ" sending FIN. 
2017-06-14 00:06:40.3871|Microsoft.AspNetCore.Server.Kestrel|DEBUG|Connection id "0HL5IENLSJREN" sending FIN. 
2017-06-14 00:06:40.3871|Microsoft.AspNetCore.Server.Kestrel|DEBUG|Connection id "0HL5IENLSJREN" sent FIN with status "0". 
2017-06-14 00:06:40.3871|Microsoft.AspNetCore.Server.Kestrel|DEBUG|Connection id "0HL5IENLSJREM" sent FIN with status "0". 
2017-06-14 00:06:40.3871|Microsoft.AspNetCore.Server.Kestrel|DEBUG|Connection id "0HL5IENLSJREN" stopped. 
2017-06-14 00:06:40.3871|Microsoft.AspNetCore.Server.Kestrel|DEBUG|Connection id "0HL5IENLSJREQ" sent FIN with status "0". 
2017-06-14 00:06:40.3871|Microsoft.AspNetCore.Server.Kestrel|DEBUG|Connection id "0HL5IENLSJREQ" stopped. 
2017-06-14 00:06:40.3871|Microsoft.AspNetCore.Server.Kestrel|DEBUG|Connection id "0HL5IENLSJREP" sent FIN with status "0". 
2017-06-14 00:06:40.3871|Microsoft.AspNetCore.Server.Kestrel|DEBUG|Connection id "0HL5IENLSJREP" stopped. 
2017-06-14 00:06:40.3871|Microsoft.AspNetCore.Server.Kestrel|DEBUG|Connection id "0HL5IENLSJREM" stopped. 
2017-06-14 00:06:40.3871|Microsoft.AspNetCore.Server.Kestrel|DEBUG|Connection id "0HL5IENLSJREO" sending FIN. 
2017-06-14 00:06:40.3871|Microsoft.AspNetCore.Server.Kestrel|DEBUG|Connection id "0HL5IENLSJRER" sending FIN. 
2017-06-14 00:06:40.3871|Microsoft.AspNetCore.Server.Kestrel|DEBUG|Connection id "0HL5IENLSJRER" sent FIN with status "0". 
2017-06-14 00:06:40.3871|Microsoft.AspNetCore.Server.Kestrel|DEBUG|Connection id "0HL5IENLSJRER" stopped. 
2017-06-14 00:06:40.3871|Microsoft.AspNetCore.Server.Kestrel|DEBUG|Connection id "0HL5IENLSJREO" sent FIN with status "0". 
2017-06-14 00:06:40.3871|Microsoft.AspNetCore.Server.Kestrel|DEBUG|Connection id "0HL5IENLSJREO" stopped. 
